[2026-06-22T04:30:34.808+0000] {local_task_job_runner.py:123} INFO - ::group::Pre task execution logs
[2026-06-22T04:30:34.846+0000] {taskinstance.py:2613} INFO - Dependencies all met for dep_context=non-requeueable deps ti=<TaskInstance: practica_pagila_operator.insertar_pelicula_prueba manual__2026-06-22T04:30:32.647739+00:00 [queued]>
[2026-06-22T04:30:34.862+0000] {taskinstance.py:2613} INFO - Dependencies all met for dep_context=requeueable deps ti=<TaskInstance: practica_pagila_operator.insertar_pelicula_prueba manual__2026-06-22T04:30:32.647739+00:00 [queued]>
[2026-06-22T04:30:34.863+0000] {taskinstance.py:2866} INFO - Starting attempt 1 of 2
[2026-06-22T04:30:34.886+0000] {taskinstance.py:2889} INFO - Executing <Task(PostgresOperator): insertar_pelicula_prueba> on 2026-06-22 04:30:32.647739+00:00
[2026-06-22T04:30:34.900+0000] {logging_mixin.py:190} WARNING - /home/***/.local/lib/python3.12/site-packages/***/task/task_runner/standard_task_runner.py:70 DeprecationWarning: This process (pid=217) is multi-threaded, use of fork() may lead to deadlocks in the child.
[2026-06-22T04:30:34.903+0000] {standard_task_runner.py:72} INFO - Started process 218 to run task
[2026-06-22T04:30:34.909+0000] {standard_task_runner.py:104} INFO - Running: ['***', 'tasks', 'run', 'practica_pagila_operator', 'insertar_pelicula_prueba', 'manual__2026-06-22T04:30:32.647739+00:00', '--job-id', '13', '--raw', '--subdir', 'DAGS_FOLDER/mi_primer_dag.py', '--cfg-path', '/tmp/tmponq1w2pf']
[2026-06-22T04:30:34.912+0000] {standard_task_runner.py:105} INFO - Job 13: Subtask insertar_pelicula_prueba
[2026-06-22T04:30:34.957+0000] {logging_mixin.py:190} WARNING - /home/***/.local/lib/python3.12/site-packages/***/settings.py:209 DeprecationWarning: The sql_alchemy_conn option in [core] has been moved to the sql_alchemy_conn option in [database] - the old setting has been used, but please update your config.
[2026-06-22T04:30:35.041+0000] {task_command.py:467} INFO - Running <TaskInstance: practica_pagila_operator.insertar_pelicula_prueba manual__2026-06-22T04:30:32.647739+00:00 [running]> on host 63da282054ca
[2026-06-22T04:30:35.188+0000] {taskinstance.py:3132} INFO - Exporting env vars: AIRFLOW_CTX_DAG_OWNER='edwin' AIRFLOW_CTX_DAG_ID='practica_pagila_operator' AIRFLOW_CTX_TASK_ID='insertar_pelicula_prueba' AIRFLOW_CTX_EXECUTION_DATE='2026-06-22T04:30:32.647739+00:00' AIRFLOW_CTX_TRY_NUMBER='1' AIRFLOW_CTX_DAG_RUN_ID='manual__2026-06-22T04:30:32.647739+00:00'
[2026-06-22T04:30:35.189+0000] {taskinstance.py:731} INFO - ::endgroup::
[2026-06-22T04:30:35.216+0000] {sql.py:278} INFO - Executing: 
            INSERT INTO sugerencias_peliculas (titulo) 
            VALUES ('Inception (Recomendada por Airflow)');
        
[2026-06-22T04:30:35.218+0000] {crypto.py:82} WARNING - empty cryptography key - values will not be stored encrypted.
[2026-06-22T04:30:35.220+0000] {base.py:84} INFO - Retrieving connection 'pagila_conn'
[2026-06-22T04:30:35.225+0000] {base.py:84} INFO - Retrieving connection 'pagila_conn'
[2026-06-22T04:30:35.236+0000] {sql.py:544} INFO - Running statement: 
            INSERT INTO sugerencias_peliculas (titulo) 
            VALUES ('Inception (Recomendada por Airflow)');
        , parameters: None
[2026-06-22T04:30:35.239+0000] {sql.py:553} INFO - Rows affected: 1
[2026-06-22T04:30:35.260+0000] {taskinstance.py:340} INFO - ::group::Post task execution logs
[2026-06-22T04:30:35.261+0000] {taskinstance.py:352} INFO - Marking task as SUCCESS. dag_id=practica_pagila_operator, task_id=insertar_pelicula_prueba, run_id=manual__2026-06-22T04:30:32.647739+00:00, execution_date=20260622T043032, start_date=20260622T043034, end_date=20260622T043035
[2026-06-22T04:30:35.285+0000] {local_task_job_runner.py:266} INFO - Task exited with return code 0
[2026-06-22T04:30:35.316+0000] {taskinstance.py:3895} INFO - 0 downstream tasks scheduled from follow-on schedule check
[2026-06-22T04:30:35.319+0000] {local_task_job_runner.py:245} INFO - ::endgroup::
