[2026-06-27T00:15:17.078+0000] {taskinstance.py:1157} INFO - Dependencies all met for dep_context=non-requeueable deps ti=<TaskInstance: yahoo_pipeline.load_1min scheduled__2026-06-27T00:05:00+00:00 [queued]>
[2026-06-27T00:15:17.091+0000] {taskinstance.py:1157} INFO - Dependencies all met for dep_context=requeueable deps ti=<TaskInstance: yahoo_pipeline.load_1min scheduled__2026-06-27T00:05:00+00:00 [queued]>
[2026-06-27T00:15:17.091+0000] {taskinstance.py:1359} INFO - Starting attempt 1 of 3
[2026-06-27T00:15:17.116+0000] {taskinstance.py:1380} INFO - Executing <Task(PythonOperator): load_1min> on 2026-06-27 00:05:00+00:00
[2026-06-27T00:15:17.131+0000] {standard_task_runner.py:57} INFO - Started process 50 to run task
[2026-06-27T00:15:17.141+0000] {standard_task_runner.py:84} INFO - Running: ['***', 'tasks', 'run', 'yahoo_pipeline', 'load_1min', 'scheduled__2026-06-27T00:05:00+00:00', '--job-id', '6', '--raw', '--subdir', 'DAGS_FOLDER/yahoo_pipeline.py', '--cfg-path', '/tmp/tmp7kq5yc44']
[2026-06-27T00:15:17.150+0000] {standard_task_runner.py:85} INFO - Job 6: Subtask load_1min
[2026-06-27T00:15:17.186+0000] {warnings.py:109} WARNING - /home/***/.local/lib/python3.10/site-packages/***/settings.py:195: DeprecationWarning: The sql_alchemy_conn option in [core] has been moved to the sql_alchemy_conn option in [database] - the old setting has been used, but please update your config.
  SQL_ALCHEMY_CONN = conf.get("database", "SQL_ALCHEMY_CONN")

[2026-06-27T00:15:17.271+0000] {task_command.py:415} INFO - Running <TaskInstance: yahoo_pipeline.load_1min scheduled__2026-06-27T00:05:00+00:00 [running]> on host 67294a461383
[2026-06-27T00:15:17.484+0000] {taskinstance.py:1660} INFO - Exporting env vars: AIRFLOW_CTX_DAG_OWNER='data_engineer' AIRFLOW_CTX_DAG_ID='yahoo_pipeline' AIRFLOW_CTX_TASK_ID='load_1min' AIRFLOW_CTX_EXECUTION_DATE='2026-06-27T00:05:00+00:00' AIRFLOW_CTX_TRY_NUMBER='1' AIRFLOW_CTX_DAG_RUN_ID='scheduled__2026-06-27T00:05:00+00:00'
[2026-06-27T00:15:17.485+0000] {taskinstance.py:1935} ERROR - Task failed with exception
Traceback (most recent call last):
  File "/home/airflow/.local/lib/python3.10/site-packages/airflow/operators/python.py", line 192, in execute
    return_value = self.execute_callable()
  File "/home/airflow/.local/lib/python3.10/site-packages/airflow/operators/python.py", line 209, in execute_callable
    return self.python_callable(*self.op_args, **self.op_kwargs)
  File "/opt/airflow/dags/yahoo_pipeline.py", line 30, in load_data_1min
    logging.info(f"📂 Buscando archivo: {file_path}")
NameError: name 'logging' is not defined
[2026-06-27T00:15:17.500+0000] {taskinstance.py:1398} INFO - Marking task as UP_FOR_RETRY. dag_id=yahoo_pipeline, task_id=load_1min, execution_date=20260627T000500, start_date=20260627T001517, end_date=20260627T001517
[2026-06-27T00:15:17.516+0000] {standard_task_runner.py:104} ERROR - Failed to execute job 6 for task load_1min (name 'logging' is not defined; 50)
[2026-06-27T00:15:17.549+0000] {local_task_job_runner.py:228} INFO - Task exited with return code 1
[2026-06-27T00:15:17.569+0000] {taskinstance.py:2776} INFO - 0 downstream tasks scheduled from follow-on schedule check
