[2026-06-27T00:21:08.282+0000] {taskinstance.py:1157} INFO - Dependencies all met for dep_context=non-requeueable deps ti=<TaskInstance: yahoo_pipeline.load_1min scheduled__2026-06-27T00:15:00+00:00 [queued]>
[2026-06-27T00:21:08.299+0000] {taskinstance.py:1157} INFO - Dependencies all met for dep_context=requeueable deps ti=<TaskInstance: yahoo_pipeline.load_1min scheduled__2026-06-27T00:15:00+00:00 [queued]>
[2026-06-27T00:21:08.300+0000] {taskinstance.py:1359} INFO - Starting attempt 2 of 3
[2026-06-27T00:21:08.317+0000] {taskinstance.py:1380} INFO - Executing <Task(PythonOperator): load_1min> on 2026-06-27 00:15:00+00:00
[2026-06-27T00:21:08.326+0000] {standard_task_runner.py:57} INFO - Started process 105 to run task
[2026-06-27T00:21:08.332+0000] {standard_task_runner.py:84} INFO - Running: ['***', 'tasks', 'run', 'yahoo_pipeline', 'load_1min', 'scheduled__2026-06-27T00:15:00+00:00', '--job-id', '32', '--raw', '--subdir', 'DAGS_FOLDER/yahoo_pipeline.py', '--cfg-path', '/tmp/tmp575rmu70']
[2026-06-27T00:21:08.339+0000] {standard_task_runner.py:85} INFO - Job 32: Subtask load_1min
[2026-06-27T00:21:08.369+0000] {warnings.py:109} WARNING - /home/***/.local/lib/python3.10/site-packages/***/settings.py:195: DeprecationWarning: The sql_alchemy_conn option in [core] has been moved to the sql_alchemy_conn option in [database] - the old setting has been used, but please update your config.
  SQL_ALCHEMY_CONN = conf.get("database", "SQL_ALCHEMY_CONN")

[2026-06-27T00:21:08.423+0000] {task_command.py:415} INFO - Running <TaskInstance: yahoo_pipeline.load_1min scheduled__2026-06-27T00:15:00+00:00 [running]> on host f7900b7de8e7
[2026-06-27T00:21:08.509+0000] {taskinstance.py:1660} INFO - Exporting env vars: AIRFLOW_CTX_DAG_OWNER='data_engineer' AIRFLOW_CTX_DAG_ID='yahoo_pipeline' AIRFLOW_CTX_TASK_ID='load_1min' AIRFLOW_CTX_EXECUTION_DATE='2026-06-27T00:15:00+00:00' AIRFLOW_CTX_TRY_NUMBER='2' AIRFLOW_CTX_DAG_RUN_ID='scheduled__2026-06-27T00:15:00+00:00'
[2026-06-27T00:21:08.510+0000] {taskinstance.py:1935} ERROR - Task failed with exception
Traceback (most recent call last):
  File "/home/airflow/.local/lib/python3.10/site-packages/airflow/operators/python.py", line 192, in execute
    return_value = self.execute_callable()
  File "/home/airflow/.local/lib/python3.10/site-packages/airflow/operators/python.py", line 209, in execute_callable
    return self.python_callable(*self.op_args, **self.op_kwargs)
  File "/opt/airflow/dags/yahoo_pipeline.py", line 30, in load_data_1min
    logging.info(f"📂 Buscando archivo: {file_path}")
NameError: name 'logging' is not defined
[2026-06-27T00:21:08.524+0000] {taskinstance.py:1398} INFO - Marking task as UP_FOR_RETRY. dag_id=yahoo_pipeline, task_id=load_1min, execution_date=20260627T001500, start_date=20260627T002108, end_date=20260627T002108
[2026-06-27T00:21:08.539+0000] {standard_task_runner.py:104} ERROR - Failed to execute job 32 for task load_1min (name 'logging' is not defined; 105)
[2026-06-27T00:21:08.585+0000] {local_task_job_runner.py:228} INFO - Task exited with return code 1
[2026-06-27T00:21:08.616+0000] {taskinstance.py:2776} INFO - 0 downstream tasks scheduled from follow-on schedule check
