[2026-06-26T23:15:02.423+0000] {taskinstance.py:1157} INFO - Dependencies all met for dep_context=non-requeueable deps ti=<TaskInstance: yahoo_pipeline.fetch_fundamental scheduled__2026-06-26T23:10:00+00:00 [queued]>
[2026-06-26T23:15:02.439+0000] {taskinstance.py:1157} INFO - Dependencies all met for dep_context=requeueable deps ti=<TaskInstance: yahoo_pipeline.fetch_fundamental scheduled__2026-06-26T23:10:00+00:00 [queued]>
[2026-06-26T23:15:02.439+0000] {taskinstance.py:1359} INFO - Starting attempt 1 of 2
[2026-06-26T23:15:02.452+0000] {taskinstance.py:1380} INFO - Executing <Task(PythonOperator): fetch_fundamental> on 2026-06-26 23:10:00+00:00
[2026-06-26T23:15:02.465+0000] {standard_task_runner.py:57} INFO - Started process 367 to run task
[2026-06-26T23:15:02.476+0000] {standard_task_runner.py:84} INFO - Running: ['***', 'tasks', 'run', 'yahoo_pipeline', 'fetch_fundamental', 'scheduled__2026-06-26T23:10:00+00:00', '--job-id', '233', '--raw', '--subdir', 'DAGS_FOLDER/yahoo_pipeline.py', '--cfg-path', '/tmp/tmpj9zy6rwu']
[2026-06-26T23:15:02.485+0000] {standard_task_runner.py:85} INFO - Job 233: Subtask fetch_fundamental
[2026-06-26T23:15:02.509+0000] {warnings.py:109} WARNING - /home/***/.local/lib/python3.10/site-packages/***/settings.py:195: DeprecationWarning: The sql_alchemy_conn option in [core] has been moved to the sql_alchemy_conn option in [database] - the old setting has been used, but please update your config.
  SQL_ALCHEMY_CONN = conf.get("database", "SQL_ALCHEMY_CONN")

[2026-06-26T23:15:02.564+0000] {task_command.py:415} INFO - Running <TaskInstance: yahoo_pipeline.fetch_fundamental scheduled__2026-06-26T23:10:00+00:00 [running]> on host 961bab9f867c
[2026-06-26T23:15:02.679+0000] {taskinstance.py:1660} INFO - Exporting env vars: AIRFLOW_CTX_DAG_OWNER='data_engineer' AIRFLOW_CTX_DAG_ID='yahoo_pipeline' AIRFLOW_CTX_TASK_ID='fetch_fundamental' AIRFLOW_CTX_EXECUTION_DATE='2026-06-26T23:10:00+00:00' AIRFLOW_CTX_TRY_NUMBER='1' AIRFLOW_CTX_DAG_RUN_ID='scheduled__2026-06-26T23:10:00+00:00'
[2026-06-26T23:15:03.454+0000] {yahoo_utils.py:50} ERROR - ❌ Error con AAPL: 429 Client Error: Too Many Requests for url: https://query2.finance.yahoo.com/v10/finance/quoteSummary/AAPL?modules=financialData%2CquoteType%2CdefaultKeyStatistics%2CassetProfile%2CsummaryDetail&ssl=true&crumb=Edge%3A+Too+Many+Requests
[2026-06-26T23:15:07.310+0000] {yahoo_utils.py:50} ERROR - ❌ Error con NVDA: 429 Client Error: Too Many Requests for url: https://query2.finance.yahoo.com/v10/finance/quoteSummary/NVDA?modules=financialData%2CquoteType%2CdefaultKeyStatistics%2CassetProfile%2CsummaryDetail&ssl=true&crumb=Edge%3A+Too+Many+Requests
[2026-06-26T23:15:11.121+0000] {yahoo_utils.py:50} ERROR - ❌ Error con MSFT: 429 Client Error: Too Many Requests for url: https://query2.finance.yahoo.com/v10/finance/quoteSummary/MSFT?modules=financialData%2CquoteType%2CdefaultKeyStatistics%2CassetProfile%2CsummaryDetail&ssl=true&crumb=Edge%3A+Too+Many+Requests
[2026-06-26T23:15:11.857+0000] {local_task_job_runner.py:115} ERROR - Received SIGTERM. Terminating subprocesses
[2026-06-26T23:15:11.860+0000] {process_utils.py:131} INFO - Sending 15 to group 367. PIDs of all processes in the group: [367]
[2026-06-26T23:15:11.860+0000] {process_utils.py:86} INFO - Sending the signal 15 to group 367
[2026-06-26T23:15:11.864+0000] {taskinstance.py:1630} ERROR - Received SIGTERM. Terminating subprocesses.
[2026-06-26T23:15:11.865+0000] {yahoo_utils.py:50} ERROR - ❌ Error con GOOGL: Task received SIGTERM signal
[2026-06-26T23:15:14.287+0000] {yahoo_utils.py:50} ERROR - ❌ Error con AMZN: 429 Client Error: Too Many Requests for url: https://query2.finance.yahoo.com/v10/finance/quoteSummary/AMZN?modules=financialData%2CquoteType%2CdefaultKeyStatistics%2CassetProfile%2CsummaryDetail&ssl=true&crumb=Edge%3A+Too+Many+Requests
[2026-06-26T23:15:14.348+0000] {python.py:194} INFO - Done. Returned value was: []
[2026-06-26T23:15:14.422+0000] {taskinstance.py:1398} INFO - Marking task as SUCCESS. dag_id=yahoo_pipeline, task_id=fetch_fundamental, execution_date=20260626T231000, start_date=20260626T231502, end_date=20260626T231514
[2026-06-26T23:15:14.513+0000] {process_utils.py:79} INFO - Process psutil.Process(pid=367, status='terminated', exitcode=0, started='23:15:01') (367) terminated with exit code 0
[2026-06-26T23:15:14.515+0000] {local_task_job_runner.py:228} INFO - Task exited with return code 143
[2026-06-26T23:15:14.550+0000] {taskinstance.py:2776} INFO - 1 downstream tasks scheduled from follow-on schedule check
