[2026-06-27T14:00:06.757+0000] {taskinstance.py:1157} INFO - Dependencies all met for dep_context=non-requeueable deps ti=<TaskInstance: yahoo_pipeline.load_5min scheduled__2026-06-27T13:59:00+00:00 [queued]>
[2026-06-27T14:00:06.767+0000] {taskinstance.py:1157} INFO - Dependencies all met for dep_context=requeueable deps ti=<TaskInstance: yahoo_pipeline.load_5min scheduled__2026-06-27T13:59:00+00:00 [queued]>
[2026-06-27T14:00:06.767+0000] {taskinstance.py:1359} INFO - Starting attempt 1 of 3
[2026-06-27T14:00:06.780+0000] {taskinstance.py:1380} INFO - Executing <Task(PythonOperator): load_5min> on 2026-06-27 13:59:00+00:00
[2026-06-27T14:00:06.788+0000] {standard_task_runner.py:57} INFO - Started process 72 to run task
[2026-06-27T14:00:06.793+0000] {standard_task_runner.py:84} INFO - Running: ['***', 'tasks', 'run', 'yahoo_pipeline', 'load_5min', 'scheduled__2026-06-27T13:59:00+00:00', '--job-id', '19', '--raw', '--subdir', 'DAGS_FOLDER/yahoo_pipeline.py', '--cfg-path', '/tmp/tmputzhca75']
[2026-06-27T14:00:06.797+0000] {standard_task_runner.py:85} INFO - Job 19: Subtask load_5min
[2026-06-27T14:00:06.811+0000] {warnings.py:109} WARNING - /home/***/.local/lib/python3.10/site-packages/***/settings.py:195: DeprecationWarning: The sql_alchemy_conn option in [core] has been moved to the sql_alchemy_conn option in [database] - the old setting has been used, but please update your config.
  SQL_ALCHEMY_CONN = conf.get("database", "SQL_ALCHEMY_CONN")

[2026-06-27T14:00:06.847+0000] {task_command.py:415} INFO - Running <TaskInstance: yahoo_pipeline.load_5min scheduled__2026-06-27T13:59:00+00:00 [running]> on host 0ae2f14191bd
[2026-06-27T14:00:06.923+0000] {taskinstance.py:1660} INFO - Exporting env vars: AIRFLOW_CTX_DAG_OWNER='data_engineer' AIRFLOW_CTX_DAG_ID='yahoo_pipeline' AIRFLOW_CTX_TASK_ID='load_5min' AIRFLOW_CTX_EXECUTION_DATE='2026-06-27T13:59:00+00:00' AIRFLOW_CTX_TRY_NUMBER='1' AIRFLOW_CTX_DAG_RUN_ID='scheduled__2026-06-27T13:59:00+00:00'
[2026-06-27T14:00:06.924+0000] {yahoo_pipeline.py:46} INFO - 📂 Buscando archivo: /opt/***/data/5min_scheduled__2026-06-27T13:59:00+00:00.json
[2026-06-27T14:00:06.928+0000] {db_utils.py:37} ERROR - Error insertando: 'Open'
[2026-06-27T14:00:06.928+0000] {db_utils.py:37} ERROR - Error insertando: 'Open'
[2026-06-27T14:00:06.928+0000] {db_utils.py:37} ERROR - Error insertando: 'Open'
[2026-06-27T14:00:06.928+0000] {db_utils.py:37} ERROR - Error insertando: 'Open'
[2026-06-27T14:00:06.929+0000] {db_utils.py:37} ERROR - Error insertando: 'Open'
[2026-06-27T14:00:06.929+0000] {db_utils.py:42} INFO - ✅ Insertados 5 en raw_intraday_5min
[2026-06-27T14:00:06.929+0000] {yahoo_pipeline.py:53} INFO - ✅ Cargados 5 registros de 5min
[2026-06-27T14:00:06.929+0000] {python.py:194} INFO - Done. Returned value was: None
[2026-06-27T14:00:06.940+0000] {taskinstance.py:1398} INFO - Marking task as SUCCESS. dag_id=yahoo_pipeline, task_id=load_5min, execution_date=20260627T135900, start_date=20260627T140006, end_date=20260627T140006
[2026-06-27T14:00:06.965+0000] {local_task_job_runner.py:228} INFO - Task exited with return code 0
[2026-06-27T14:00:06.982+0000] {taskinstance.py:2776} INFO - 0 downstream tasks scheduled from follow-on schedule check
