[2026-06-27T12:54:17.024+0000] {taskinstance.py:1157} INFO - Dependencies all met for dep_context=non-requeueable deps ti=<TaskInstance: yahoo_pipeline.load_5min scheduled__2026-06-27T12:45:00+00:00 [queued]>
[2026-06-27T12:54:17.038+0000] {taskinstance.py:1157} INFO - Dependencies all met for dep_context=requeueable deps ti=<TaskInstance: yahoo_pipeline.load_5min scheduled__2026-06-27T12:45:00+00:00 [queued]>
[2026-06-27T12:54:17.039+0000] {taskinstance.py:1359} INFO - Starting attempt 1 of 3
[2026-06-27T12:54:17.055+0000] {taskinstance.py:1380} INFO - Executing <Task(PythonOperator): load_5min> on 2026-06-27 12:45:00+00:00
[2026-06-27T12:54:17.065+0000] {standard_task_runner.py:57} INFO - Started process 49 to run task
[2026-06-27T12:54:17.073+0000] {standard_task_runner.py:84} INFO - Running: ['***', 'tasks', 'run', 'yahoo_pipeline', 'load_5min', 'scheduled__2026-06-27T12:45:00+00:00', '--job-id', '6', '--raw', '--subdir', 'DAGS_FOLDER/yahoo_pipeline.py', '--cfg-path', '/tmp/tmpmjkrk8z6']
[2026-06-27T12:54:17.080+0000] {standard_task_runner.py:85} INFO - Job 6: Subtask load_5min
[2026-06-27T12:54:17.103+0000] {warnings.py:109} WARNING - /home/***/.local/lib/python3.10/site-packages/***/settings.py:195: DeprecationWarning: The sql_alchemy_conn option in [core] has been moved to the sql_alchemy_conn option in [database] - the old setting has been used, but please update your config.
  SQL_ALCHEMY_CONN = conf.get("database", "SQL_ALCHEMY_CONN")

[2026-06-27T12:54:17.164+0000] {task_command.py:415} INFO - Running <TaskInstance: yahoo_pipeline.load_5min scheduled__2026-06-27T12:45:00+00:00 [running]> on host 4f0098569dfd
[2026-06-27T12:54:17.270+0000] {taskinstance.py:1660} INFO - Exporting env vars: AIRFLOW_CTX_DAG_OWNER='data_engineer' AIRFLOW_CTX_DAG_ID='yahoo_pipeline' AIRFLOW_CTX_TASK_ID='load_5min' AIRFLOW_CTX_EXECUTION_DATE='2026-06-27T12:45:00+00:00' AIRFLOW_CTX_TRY_NUMBER='1' AIRFLOW_CTX_DAG_RUN_ID='scheduled__2026-06-27T12:45:00+00:00'
[2026-06-27T12:54:17.271+0000] {yahoo_pipeline.py:56} INFO - 📂 Buscando archivo: /opt/***/data/5min_scheduled__2026-06-27T12:45:00+00:00.json
[2026-06-27T12:54:17.271+0000] {yahoo_pipeline.py:61} INFO - 📄 Archivo encontrado: 0 registros
[2026-06-27T12:54:17.275+0000] {db_utils.py:42} INFO - ✅ Insertados 0 en raw_intraday_5min
[2026-06-27T12:54:17.275+0000] {yahoo_pipeline.py:63} INFO - ✅ Cargados 0 registros de 5min
[2026-06-27T12:54:17.276+0000] {yahoo_pipeline.py:65} INFO - 🗑️ Archivo eliminado: /opt/***/data/5min_scheduled__2026-06-27T12:45:00+00:00.json
[2026-06-27T12:54:17.276+0000] {python.py:194} INFO - Done. Returned value was: None
[2026-06-27T12:54:17.289+0000] {taskinstance.py:1398} INFO - Marking task as SUCCESS. dag_id=yahoo_pipeline, task_id=load_5min, execution_date=20260627T124500, start_date=20260627T125417, end_date=20260627T125417
[2026-06-27T12:54:17.325+0000] {local_task_job_runner.py:228} INFO - Task exited with return code 0
[2026-06-27T12:54:17.350+0000] {taskinstance.py:2776} INFO - 0 downstream tasks scheduled from follow-on schedule check
