[2026-06-26T22:50:04.366+0000] {taskinstance.py:1157} INFO - Dependencies all met for dep_context=non-requeueable deps ti=<TaskInstance: yahoo_pipeline.fetch_5min scheduled__2026-06-26T22:49:00+00:00 [queued]>
[2026-06-26T22:50:04.380+0000] {taskinstance.py:1157} INFO - Dependencies all met for dep_context=requeueable deps ti=<TaskInstance: yahoo_pipeline.fetch_5min scheduled__2026-06-26T22:49:00+00:00 [queued]>
[2026-06-26T22:50:04.380+0000] {taskinstance.py:1359} INFO - Starting attempt 1 of 2
[2026-06-26T22:50:04.406+0000] {taskinstance.py:1380} INFO - Executing <Task(PythonOperator): fetch_5min> on 2026-06-26 22:49:00+00:00
[2026-06-26T22:50:04.422+0000] {standard_task_runner.py:57} INFO - Started process 188 to run task
[2026-06-26T22:50:04.437+0000] {standard_task_runner.py:84} INFO - Running: ['***', 'tasks', 'run', 'yahoo_pipeline', 'fetch_5min', 'scheduled__2026-06-26T22:49:00+00:00', '--job-id', '64', '--raw', '--subdir', 'DAGS_FOLDER/yahoo_pipeline.py', '--cfg-path', '/tmp/tmp4rxj24l2']
[2026-06-26T22:50:04.443+0000] {standard_task_runner.py:85} INFO - Job 64: Subtask fetch_5min
[2026-06-26T22:50:04.473+0000] {warnings.py:109} WARNING - /home/***/.local/lib/python3.10/site-packages/***/settings.py:195: DeprecationWarning: The sql_alchemy_conn option in [core] has been moved to the sql_alchemy_conn option in [database] - the old setting has been used, but please update your config.
  SQL_ALCHEMY_CONN = conf.get("database", "SQL_ALCHEMY_CONN")

[2026-06-26T22:50:04.556+0000] {task_command.py:415} INFO - Running <TaskInstance: yahoo_pipeline.fetch_5min scheduled__2026-06-26T22:49:00+00:00 [running]> on host f25632e5bd23
[2026-06-26T22:50:04.730+0000] {taskinstance.py:1660} INFO - Exporting env vars: AIRFLOW_CTX_DAG_OWNER='data_engineer' AIRFLOW_CTX_DAG_ID='yahoo_pipeline' AIRFLOW_CTX_TASK_ID='fetch_5min' AIRFLOW_CTX_EXECUTION_DATE='2026-06-26T22:49:00+00:00' AIRFLOW_CTX_TRY_NUMBER='1' AIRFLOW_CTX_DAG_RUN_ID='scheduled__2026-06-26T22:49:00+00:00'
[2026-06-26T22:50:05.555+0000] {base.py:1679} ERROR - Failed to get ticker 'MSFT' reason: Expecting value: line 1 column 1 (char 0)
[2026-06-26T22:50:05.570+0000] {base.py:1679} ERROR - Failed to get ticker 'NVDA' reason: Expecting value: line 1 column 1 (char 0)
[2026-06-26T22:50:05.572+0000] {base.py:1679} ERROR - Failed to get ticker 'GOOGL' reason: Expecting value: line 1 column 1 (char 0)
[2026-06-26T22:50:05.569+0000] {base.py:1679} ERROR - Failed to get ticker 'AAPL' reason: Expecting value: line 1 column 1 (char 0)
[2026-06-26T22:50:05.893+0000] {logging_mixin.py:151} INFO - [                       0%%                      ]
[2026-06-26T22:50:05.904+0000] {logging_mixin.py:151} INFO - [*******************   40%%                      ]  2 of 5 completed
[2026-06-26T22:50:05.907+0000] {logging_mixin.py:151} INFO - [**********************60%%***                   ]  3 of 5 completed
[2026-06-26T22:50:06.315+0000] {base.py:1679} ERROR - Failed to get ticker 'AMZN' reason: Expecting value: line 1 column 1 (char 0)
[2026-06-26T22:50:06.672+0000] {logging_mixin.py:151} INFO - [**********************80%%************          ]  4 of 5 completed
[2026-06-26T22:50:06.674+0000] {logging_mixin.py:151} INFO - [*********************100%%**********************]  5 of 5 completed
[2026-06-26T22:50:06.675+0000] {multi.py:182} ERROR - 
5 Failed downloads:
[2026-06-26T22:50:06.675+0000] {multi.py:195} ERROR - ['MSFT', 'AAPL', 'GOOGL', 'NVDA', 'AMZN']: Exception('%ticker%: No price data found, symbol may be delisted (period=5d)')
[2026-06-26T22:50:06.720+0000] {yahoo_utils.py:26} INFO - ✅ 5min: 0 registros
[2026-06-26T22:50:06.721+0000] {python.py:194} INFO - Done. Returned value was: []
[2026-06-26T22:50:06.743+0000] {taskinstance.py:1398} INFO - Marking task as SUCCESS. dag_id=yahoo_pipeline, task_id=fetch_5min, execution_date=20260626T224900, start_date=20260626T225004, end_date=20260626T225006
[2026-06-26T22:50:06.800+0000] {local_task_job_runner.py:228} INFO - Task exited with return code 0
[2026-06-26T22:50:06.826+0000] {taskinstance.py:2776} INFO - 1 downstream tasks scheduled from follow-on schedule check
