[2026-06-26T23:26:46.531+0000] {taskinstance.py:1157} INFO - Dependencies all met for dep_context=non-requeueable deps ti=<TaskInstance: yahoo_pipeline.fetch_5min manual__2026-06-26T23:26:44+00:00 [queued]>
[2026-06-26T23:26:46.545+0000] {taskinstance.py:1157} INFO - Dependencies all met for dep_context=requeueable deps ti=<TaskInstance: yahoo_pipeline.fetch_5min manual__2026-06-26T23:26:44+00:00 [queued]>
[2026-06-26T23:26:46.546+0000] {taskinstance.py:1359} INFO - Starting attempt 1 of 2
[2026-06-26T23:26:46.569+0000] {taskinstance.py:1380} INFO - Executing <Task(PythonOperator): fetch_5min> on 2026-06-26 23:26:44+00:00
[2026-06-26T23:26:46.582+0000] {standard_task_runner.py:57} INFO - Started process 49 to run task
[2026-06-26T23:26:46.594+0000] {standard_task_runner.py:84} INFO - Running: ['***', 'tasks', 'run', 'yahoo_pipeline', 'fetch_5min', 'manual__2026-06-26T23:26:44+00:00', '--job-id', '272', '--raw', '--subdir', 'DAGS_FOLDER/yahoo_pipeline.py', '--cfg-path', '/tmp/tmp9hvakevl']
[2026-06-26T23:26:46.601+0000] {standard_task_runner.py:85} INFO - Job 272: Subtask fetch_5min
[2026-06-26T23:26:46.624+0000] {warnings.py:109} WARNING - /home/***/.local/lib/python3.10/site-packages/***/settings.py:195: DeprecationWarning: The sql_alchemy_conn option in [core] has been moved to the sql_alchemy_conn option in [database] - the old setting has been used, but please update your config.
  SQL_ALCHEMY_CONN = conf.get("database", "SQL_ALCHEMY_CONN")

[2026-06-26T23:26:46.672+0000] {task_command.py:415} INFO - Running <TaskInstance: yahoo_pipeline.fetch_5min manual__2026-06-26T23:26:44+00:00 [running]> on host ae6504924d84
[2026-06-26T23:26:46.782+0000] {taskinstance.py:1660} INFO - Exporting env vars: AIRFLOW_CTX_DAG_OWNER='data_engineer' AIRFLOW_CTX_DAG_ID='yahoo_pipeline' AIRFLOW_CTX_TASK_ID='fetch_5min' AIRFLOW_CTX_EXECUTION_DATE='2026-06-26T23:26:44+00:00' AIRFLOW_CTX_TRY_NUMBER='1' AIRFLOW_CTX_DAG_RUN_ID='manual__2026-06-26T23:26:44+00:00'
[2026-06-26T23:26:47.460+0000] {base.py:1679} ERROR - Failed to get ticker 'AMZN' reason: Expecting value: line 1 column 1 (char 0)
[2026-06-26T23:26:47.465+0000] {base.py:1679} ERROR - Failed to get ticker 'MSFT' reason: Expecting value: line 1 column 1 (char 0)
[2026-06-26T23:26:47.467+0000] {base.py:1679} ERROR - Failed to get ticker 'AAPL' reason: Expecting value: line 1 column 1 (char 0)
[2026-06-26T23:26:47.468+0000] {base.py:1679} ERROR - Failed to get ticker 'NVDA' reason: Expecting value: line 1 column 1 (char 0)
[2026-06-26T23:26:47.900+0000] {logging_mixin.py:151} INFO - [                       0%%                      ]
[2026-06-26T23:26:47.905+0000] {logging_mixin.py:151} INFO - [                       0%%                      ]
[2026-06-26T23:26:47.909+0000] {logging_mixin.py:151} INFO - [**********************60%%***                   ]  3 of 5 completed
[2026-06-26T23:26:48.367+0000] {base.py:1679} ERROR - Failed to get ticker 'GOOGL' reason: Expecting value: line 1 column 1 (char 0)
[2026-06-26T23:26:49.730+0000] {logging_mixin.py:151} INFO - [**********************80%%************          ]  4 of 5 completed
[2026-06-26T23:26:49.737+0000] {logging_mixin.py:151} INFO - [*********************100%%**********************]  5 of 5 completed
[2026-06-26T23:26:49.737+0000] {multi.py:182} ERROR - 
5 Failed downloads:
[2026-06-26T23:26:49.737+0000] {multi.py:195} ERROR - ['AAPL', 'AMZN', 'MSFT', 'NVDA', 'GOOGL']: Exception('%ticker%: No price data found, symbol may be delisted (period=5d)')
[2026-06-26T23:26:49.767+0000] {yahoo_utils.py:25} INFO - ✅ 5min: 0 registros
[2026-06-26T23:26:49.768+0000] {python.py:194} INFO - Done. Returned value was: []
[2026-06-26T23:26:49.791+0000] {taskinstance.py:1398} INFO - Marking task as SUCCESS. dag_id=yahoo_pipeline, task_id=fetch_5min, execution_date=20260626T232644, start_date=20260626T232646, end_date=20260626T232649
[2026-06-26T23:26:49.843+0000] {local_task_job_runner.py:228} INFO - Task exited with return code 0
[2026-06-26T23:26:49.872+0000] {taskinstance.py:2776} INFO - 1 downstream tasks scheduled from follow-on schedule check
