[2026-06-26T23:11:01.834+0000] {taskinstance.py:1157} INFO - Dependencies all met for dep_context=non-requeueable deps ti=<TaskInstance: yahoo_pipeline.fetch_1min scheduled__2026-06-26T23:09:00+00:00 [queued]>
[2026-06-26T23:11:01.848+0000] {taskinstance.py:1157} INFO - Dependencies all met for dep_context=requeueable deps ti=<TaskInstance: yahoo_pipeline.fetch_1min scheduled__2026-06-26T23:09:00+00:00 [queued]>
[2026-06-26T23:11:01.848+0000] {taskinstance.py:1359} INFO - Starting attempt 1 of 2
[2026-06-26T23:11:01.867+0000] {taskinstance.py:1380} INFO - Executing <Task(PythonOperator): fetch_1min> on 2026-06-26 23:09:00+00:00
[2026-06-26T23:11:01.880+0000] {standard_task_runner.py:57} INFO - Started process 314 to run task
[2026-06-26T23:11:01.889+0000] {standard_task_runner.py:84} INFO - Running: ['***', 'tasks', 'run', 'yahoo_pipeline', 'fetch_1min', 'scheduled__2026-06-26T23:09:00+00:00', '--job-id', '209', '--raw', '--subdir', 'DAGS_FOLDER/yahoo_pipeline.py', '--cfg-path', '/tmp/tmpzieia5at']
[2026-06-26T23:11:01.894+0000] {standard_task_runner.py:85} INFO - Job 209: Subtask fetch_1min
[2026-06-26T23:11:01.919+0000] {warnings.py:109} WARNING - /home/***/.local/lib/python3.10/site-packages/***/settings.py:195: DeprecationWarning: The sql_alchemy_conn option in [core] has been moved to the sql_alchemy_conn option in [database] - the old setting has been used, but please update your config.
  SQL_ALCHEMY_CONN = conf.get("database", "SQL_ALCHEMY_CONN")

[2026-06-26T23:11:01.989+0000] {task_command.py:415} INFO - Running <TaskInstance: yahoo_pipeline.fetch_1min scheduled__2026-06-26T23:09:00+00:00 [running]> on host 961bab9f867c
[2026-06-26T23:11:02.120+0000] {taskinstance.py:1660} INFO - Exporting env vars: AIRFLOW_CTX_DAG_OWNER='data_engineer' AIRFLOW_CTX_DAG_ID='yahoo_pipeline' AIRFLOW_CTX_TASK_ID='fetch_1min' AIRFLOW_CTX_EXECUTION_DATE='2026-06-26T23:09:00+00:00' AIRFLOW_CTX_TRY_NUMBER='1' AIRFLOW_CTX_DAG_RUN_ID='scheduled__2026-06-26T23:09:00+00:00'
[2026-06-26T23:11:02.802+0000] {base.py:1679} ERROR - Failed to get ticker 'MSFT' reason: Expecting value: line 1 column 1 (char 0)
[2026-06-26T23:11:02.808+0000] {base.py:1679} ERROR - Failed to get ticker 'NVDA' reason: Expecting value: line 1 column 1 (char 0)
[2026-06-26T23:11:02.810+0000] {base.py:1679} ERROR - Failed to get ticker 'AAPL' reason: Expecting value: line 1 column 1 (char 0)
[2026-06-26T23:11:02.813+0000] {base.py:1679} ERROR - Failed to get ticker 'AMZN' reason: Expecting value: line 1 column 1 (char 0)
[2026-06-26T23:11:03.151+0000] {logging_mixin.py:151} INFO - [                       0%%                      ]
[2026-06-26T23:11:03.152+0000] {logging_mixin.py:151} INFO - [*******************   40%%                      ]  2 of 5 completed
[2026-06-26T23:11:03.154+0000] {logging_mixin.py:151} INFO - [**********************60%%***                   ]  3 of 5 completed
[2026-06-26T23:11:03.448+0000] {base.py:1679} ERROR - Failed to get ticker 'GOOGL' reason: Expecting value: line 1 column 1 (char 0)
[2026-06-26T23:11:03.753+0000] {logging_mixin.py:151} INFO - [**********************80%%************          ]  4 of 5 completed
[2026-06-26T23:11:03.754+0000] {logging_mixin.py:151} INFO - [*********************100%%**********************]  5 of 5 completed
[2026-06-26T23:11:03.754+0000] {multi.py:182} ERROR - 
5 Failed downloads:
[2026-06-26T23:11:03.754+0000] {multi.py:195} ERROR - ['MSFT', 'AAPL', 'NVDA', 'AMZN', 'GOOGL']: Exception('%ticker%: No price data found, symbol may be delisted (period=5d)')
[2026-06-26T23:11:03.795+0000] {yahoo_utils.py:26} INFO - ✅ 1min: 0 registros
[2026-06-26T23:11:03.795+0000] {python.py:194} INFO - Done. Returned value was: []
[2026-06-26T23:11:03.821+0000] {taskinstance.py:1398} INFO - Marking task as SUCCESS. dag_id=yahoo_pipeline, task_id=fetch_1min, execution_date=20260626T230900, start_date=20260626T231101, end_date=20260626T231103
[2026-06-26T23:11:03.888+0000] {local_task_job_runner.py:228} INFO - Task exited with return code 0
[2026-06-26T23:11:03.928+0000] {taskinstance.py:2776} INFO - 1 downstream tasks scheduled from follow-on schedule check
