[2026-06-26T22:45:19.894+0000] {taskinstance.py:1157} INFO - Dependencies all met for dep_context=non-requeueable deps ti=<TaskInstance: yahoo_pipeline.fetch_1min scheduled__2026-06-26T22:44:00+00:00 [queued]>
[2026-06-26T22:45:19.907+0000] {taskinstance.py:1157} INFO - Dependencies all met for dep_context=requeueable deps ti=<TaskInstance: yahoo_pipeline.fetch_1min scheduled__2026-06-26T22:44:00+00:00 [queued]>
[2026-06-26T22:45:19.907+0000] {taskinstance.py:1359} INFO - Starting attempt 1 of 2
[2026-06-26T22:45:19.927+0000] {taskinstance.py:1380} INFO - Executing <Task(PythonOperator): fetch_1min> on 2026-06-26 22:44:00+00:00
[2026-06-26T22:45:19.940+0000] {standard_task_runner.py:57} INFO - Started process 112 to run task
[2026-06-26T22:45:19.954+0000] {standard_task_runner.py:84} INFO - Running: ['***', 'tasks', 'run', 'yahoo_pipeline', 'fetch_1min', 'scheduled__2026-06-26T22:44:00+00:00', '--job-id', '34', '--raw', '--subdir', 'DAGS_FOLDER/yahoo_pipeline.py', '--cfg-path', '/tmp/tmp5wob2skz']
[2026-06-26T22:45:19.963+0000] {standard_task_runner.py:85} INFO - Job 34: Subtask fetch_1min
[2026-06-26T22:45:19.990+0000] {warnings.py:109} WARNING - /home/***/.local/lib/python3.10/site-packages/***/settings.py:195: DeprecationWarning: The sql_alchemy_conn option in [core] has been moved to the sql_alchemy_conn option in [database] - the old setting has been used, but please update your config.
  SQL_ALCHEMY_CONN = conf.get("database", "SQL_ALCHEMY_CONN")

[2026-06-26T22:45:20.059+0000] {task_command.py:415} INFO - Running <TaskInstance: yahoo_pipeline.fetch_1min scheduled__2026-06-26T22:44:00+00:00 [running]> on host f25632e5bd23
[2026-06-26T22:45:20.178+0000] {taskinstance.py:1660} INFO - Exporting env vars: AIRFLOW_CTX_DAG_OWNER='data_engineer' AIRFLOW_CTX_DAG_ID='yahoo_pipeline' AIRFLOW_CTX_TASK_ID='fetch_1min' AIRFLOW_CTX_EXECUTION_DATE='2026-06-26T22:44:00+00:00' AIRFLOW_CTX_TRY_NUMBER='1' AIRFLOW_CTX_DAG_RUN_ID='scheduled__2026-06-26T22:44:00+00:00'
[2026-06-26T22:45:22.430+0000] {base.py:1679} ERROR - Failed to get ticker 'MSFT' reason: Expecting value: line 1 column 1 (char 0)
[2026-06-26T22:45:22.436+0000] {base.py:1679} ERROR - Failed to get ticker 'AAPL' reason: Expecting value: line 1 column 1 (char 0)
[2026-06-26T22:45:22.440+0000] {base.py:1679} ERROR - Failed to get ticker 'NVDA' reason: Expecting value: line 1 column 1 (char 0)
[2026-06-26T22:45:22.443+0000] {base.py:1679} ERROR - Failed to get ticker 'GOOGL' reason: Expecting value: line 1 column 1 (char 0)
[2026-06-26T22:45:23.126+0000] {logging_mixin.py:151} INFO - [                       0%%                      ]
[2026-06-26T22:45:23.130+0000] {logging_mixin.py:151} INFO - [*******************   40%%                      ]  2 of 5 completed
[2026-06-26T22:45:23.135+0000] {logging_mixin.py:151} INFO - [**********************60%%***                   ]  3 of 5 completed
[2026-06-26T22:45:23.834+0000] {base.py:1679} ERROR - Failed to get ticker 'AMZN' reason: Expecting value: line 1 column 1 (char 0)
[2026-06-26T22:45:25.816+0000] {logging_mixin.py:151} INFO - [**********************80%%************          ]  4 of 5 completed
[2026-06-26T22:45:25.824+0000] {logging_mixin.py:151} INFO - [*********************100%%**********************]  5 of 5 completed
[2026-06-26T22:45:25.825+0000] {multi.py:182} ERROR - 
5 Failed downloads:
[2026-06-26T22:45:25.825+0000] {multi.py:195} ERROR - ['GOOGL', 'MSFT', 'NVDA', 'AAPL', 'AMZN']: Exception('%ticker%: No price data found, symbol may be delisted (period=5d)')
[2026-06-26T22:45:25.859+0000] {yahoo_utils.py:26} INFO - ✅ 1min: 0 registros
[2026-06-26T22:45:25.860+0000] {python.py:194} INFO - Done. Returned value was: []
[2026-06-26T22:45:25.882+0000] {taskinstance.py:1398} INFO - Marking task as SUCCESS. dag_id=yahoo_pipeline, task_id=fetch_1min, execution_date=20260626T224400, start_date=20260626T224519, end_date=20260626T224525
[2026-06-26T22:45:25.911+0000] {local_task_job_runner.py:228} INFO - Task exited with return code 0
[2026-06-26T22:45:25.931+0000] {taskinstance.py:2776} INFO - 1 downstream tasks scheduled from follow-on schedule check
