[2026-06-26T23:18:02.845+0000] {taskinstance.py:1157} INFO - Dependencies all met for dep_context=non-requeueable deps ti=<TaskInstance: yahoo_pipeline.load_fundamental manual__2026-06-26T23:15:33+00:00 [queued]>
[2026-06-26T23:18:02.871+0000] {taskinstance.py:1157} INFO - Dependencies all met for dep_context=requeueable deps ti=<TaskInstance: yahoo_pipeline.load_fundamental manual__2026-06-26T23:15:33+00:00 [queued]>
[2026-06-26T23:18:02.872+0000] {taskinstance.py:1359} INFO - Starting attempt 2 of 2
[2026-06-26T23:18:02.894+0000] {taskinstance.py:1380} INFO - Executing <Task(PythonOperator): load_fundamental> on 2026-06-26 23:15:33+00:00
[2026-06-26T23:18:02.907+0000] {standard_task_runner.py:57} INFO - Started process 72 to run task
[2026-06-26T23:18:02.921+0000] {standard_task_runner.py:84} INFO - Running: ['***', 'tasks', 'run', 'yahoo_pipeline', 'load_fundamental', 'manual__2026-06-26T23:15:33+00:00', '--job-id', '250', '--raw', '--subdir', 'DAGS_FOLDER/yahoo_pipeline.py', '--cfg-path', '/tmp/tmpf5lij9un']
[2026-06-26T23:18:02.927+0000] {standard_task_runner.py:85} INFO - Job 250: Subtask load_fundamental
[2026-06-26T23:18:02.957+0000] {warnings.py:109} WARNING - /home/***/.local/lib/python3.10/site-packages/***/settings.py:195: DeprecationWarning: The sql_alchemy_conn option in [core] has been moved to the sql_alchemy_conn option in [database] - the old setting has been used, but please update your config.
  SQL_ALCHEMY_CONN = conf.get("database", "SQL_ALCHEMY_CONN")

[2026-06-26T23:18:03.012+0000] {task_command.py:415} INFO - Running <TaskInstance: yahoo_pipeline.load_fundamental manual__2026-06-26T23:15:33+00:00 [running]> on host 961bab9f867c
[2026-06-26T23:18:03.114+0000] {taskinstance.py:1660} INFO - Exporting env vars: AIRFLOW_CTX_DAG_OWNER='data_engineer' AIRFLOW_CTX_DAG_ID='yahoo_pipeline' AIRFLOW_CTX_TASK_ID='load_fundamental' AIRFLOW_CTX_EXECUTION_DATE='2026-06-26T23:15:33+00:00' AIRFLOW_CTX_TRY_NUMBER='2' AIRFLOW_CTX_DAG_RUN_ID='manual__2026-06-26T23:15:33+00:00'
[2026-06-26T23:18:03.128+0000] {taskinstance.py:1935} ERROR - Task failed with exception
Traceback (most recent call last):
  File "/home/airflow/.local/lib/python3.10/site-packages/airflow/operators/python.py", line 192, in execute
    return_value = self.execute_callable()
  File "/home/airflow/.local/lib/python3.10/site-packages/airflow/operators/python.py", line 209, in execute_callable
    return self.python_callable(*self.op_args, **self.op_kwargs)
  File "/opt/airflow/dags/yahoo_pipeline.py", line 43, in load_fundamental_data
    raise ValueError("No se recibieron datos fundamentales")
ValueError: No se recibieron datos fundamentales
[2026-06-26T23:18:03.136+0000] {taskinstance.py:1398} INFO - Marking task as FAILED. dag_id=yahoo_pipeline, task_id=load_fundamental, execution_date=20260626T231533, start_date=20260626T231802, end_date=20260626T231803
[2026-06-26T23:18:03.149+0000] {standard_task_runner.py:104} ERROR - Failed to execute job 250 for task load_fundamental (No se recibieron datos fundamentales; 72)
[2026-06-26T23:18:03.172+0000] {local_task_job_runner.py:228} INFO - Task exited with return code 1
[2026-06-26T23:18:03.195+0000] {taskinstance.py:2776} INFO - 0 downstream tasks scheduled from follow-on schedule check
