[2026-06-27T00:15:11.391+0000] {taskinstance.py:1157} INFO - Dependencies all met for dep_context=non-requeueable deps ti=<TaskInstance: yahoo_pipeline.fetch_1min scheduled__2026-06-27T00:05:00+00:00 [queued]>
[2026-06-27T00:15:11.405+0000] {taskinstance.py:1157} INFO - Dependencies all met for dep_context=requeueable deps ti=<TaskInstance: yahoo_pipeline.fetch_1min scheduled__2026-06-27T00:05:00+00:00 [queued]>
[2026-06-27T00:15:11.406+0000] {taskinstance.py:1359} INFO - Starting attempt 1 of 3
[2026-06-27T00:15:11.426+0000] {taskinstance.py:1380} INFO - Executing <Task(PythonOperator): fetch_1min> on 2026-06-27 00:05:00+00:00
[2026-06-27T00:15:11.436+0000] {standard_task_runner.py:57} INFO - Started process 48 to run task
[2026-06-27T00:15:11.443+0000] {standard_task_runner.py:84} INFO - Running: ['***', 'tasks', 'run', 'yahoo_pipeline', 'fetch_1min', 'scheduled__2026-06-27T00:05:00+00:00', '--job-id', '2', '--raw', '--subdir', 'DAGS_FOLDER/yahoo_pipeline.py', '--cfg-path', '/tmp/tmp49e3_9h3']
[2026-06-27T00:15:11.451+0000] {standard_task_runner.py:85} INFO - Job 2: Subtask fetch_1min
[2026-06-27T00:15:11.490+0000] {warnings.py:109} WARNING - /home/***/.local/lib/python3.10/site-packages/***/settings.py:195: DeprecationWarning: The sql_alchemy_conn option in [core] has been moved to the sql_alchemy_conn option in [database] - the old setting has been used, but please update your config.
  SQL_ALCHEMY_CONN = conf.get("database", "SQL_ALCHEMY_CONN")

[2026-06-27T00:15:11.577+0000] {task_command.py:415} INFO - Running <TaskInstance: yahoo_pipeline.fetch_1min scheduled__2026-06-27T00:05:00+00:00 [running]> on host f7900b7de8e7
[2026-06-27T00:15:11.744+0000] {taskinstance.py:1660} INFO - Exporting env vars: AIRFLOW_CTX_DAG_OWNER='data_engineer' AIRFLOW_CTX_DAG_ID='yahoo_pipeline' AIRFLOW_CTX_TASK_ID='fetch_1min' AIRFLOW_CTX_EXECUTION_DATE='2026-06-27T00:05:00+00:00' AIRFLOW_CTX_TRY_NUMBER='1' AIRFLOW_CTX_DAG_RUN_ID='scheduled__2026-06-27T00:05:00+00:00'
[2026-06-27T00:15:11.747+0000] {yahoo_utils.py:16} INFO - 📊 Descargando datos 1min para ['AAPL', 'NVDA', 'MSFT', 'GOOGL', 'AMZN']
[2026-06-27T00:15:11.757+0000] {cache.py:130} INFO - Failed to create TzCache, reason: Error creating TzCache folder: '/home/***/.cache/py-yfinance' reason: [Errno 17] File exists: '/home/***/.cache/py-yfinance'. TzCache will not be used. Tip: You can direct cache to use a different location with 'set_tz_cache_location(mylocation)'
[2026-06-27T00:15:12.826+0000] {base.py:1679} ERROR - Failed to get ticker 'GOOGL' reason: Expecting value: line 1 column 1 (char 0)
[2026-06-27T00:15:12.845+0000] {base.py:1679} ERROR - Failed to get ticker 'AAPL' reason: Expecting value: line 1 column 1 (char 0)
[2026-06-27T00:15:12.855+0000] {base.py:1679} ERROR - Failed to get ticker 'NVDA' reason: Expecting value: line 1 column 1 (char 0)
[2026-06-27T00:15:12.894+0000] {base.py:1679} ERROR - Failed to get ticker 'MSFT' reason: Expecting value: line 1 column 1 (char 0)
[2026-06-27T00:15:13.944+0000] {base.py:1679} ERROR - Failed to get ticker 'AMZN' reason: Expecting value: line 1 column 1 (char 0)
[2026-06-27T00:15:14.324+0000] {multi.py:182} ERROR - 
5 Failed downloads:
[2026-06-27T00:15:14.325+0000] {multi.py:195} ERROR - ['GOOGL', 'MSFT', 'NVDA', 'AAPL', 'AMZN']: Exception('%ticker%: No price data found, symbol may be delisted (period=5d)')
[2026-06-27T00:15:14.343+0000] {yahoo_utils.py:26} INFO - 📊 Datos descargados: 0 filas
[2026-06-27T00:15:14.370+0000] {yahoo_utils.py:45} INFO - ✅ 1min: 0 registros guardados en /opt/***/data/1min_scheduled__2026-06-27T00:05:00+00:00.json
[2026-06-27T00:15:14.396+0000] {yahoo_utils.py:50} INFO - 📤 1min: datos enviados a XCom
[2026-06-27T00:15:14.399+0000] {python.py:194} INFO - Done. Returned value was: []
[2026-06-27T00:15:14.458+0000] {taskinstance.py:1398} INFO - Marking task as SUCCESS. dag_id=yahoo_pipeline, task_id=fetch_1min, execution_date=20260627T000500, start_date=20260627T001511, end_date=20260627T001514
[2026-06-27T00:15:14.528+0000] {local_task_job_runner.py:228} INFO - Task exited with return code 0
[2026-06-27T00:15:14.602+0000] {taskinstance.py:2776} INFO - 1 downstream tasks scheduled from follow-on schedule check
