[2026-06-26T23:27:52.374+0000] {taskinstance.py:1157} INFO - Dependencies all met for dep_context=non-requeueable deps ti=<TaskInstance: yahoo_pipeline.load_1min manual__2026-06-26T23:26:44+00:00 [queued]>
[2026-06-26T23:27:52.385+0000] {taskinstance.py:1157} INFO - Dependencies all met for dep_context=requeueable deps ti=<TaskInstance: yahoo_pipeline.load_1min manual__2026-06-26T23:26:44+00:00 [queued]>
[2026-06-26T23:27:52.385+0000] {taskinstance.py:1359} INFO - Starting attempt 2 of 2
[2026-06-26T23:27:52.404+0000] {taskinstance.py:1380} INFO - Executing <Task(PythonOperator): load_1min> on 2026-06-26 23:26:44+00:00
[2026-06-26T23:27:52.413+0000] {standard_task_runner.py:57} INFO - Started process 56 to run task
[2026-06-26T23:27:52.423+0000] {standard_task_runner.py:84} INFO - Running: ['***', 'tasks', 'run', 'yahoo_pipeline', 'load_1min', 'manual__2026-06-26T23:26:44+00:00', '--job-id', '276', '--raw', '--subdir', 'DAGS_FOLDER/yahoo_pipeline.py', '--cfg-path', '/tmp/tmp_ikct5hb']
[2026-06-26T23:27:52.429+0000] {standard_task_runner.py:85} INFO - Job 276: Subtask load_1min
[2026-06-26T23:27:52.446+0000] {warnings.py:109} WARNING - /home/***/.local/lib/python3.10/site-packages/***/settings.py:195: DeprecationWarning: The sql_alchemy_conn option in [core] has been moved to the sql_alchemy_conn option in [database] - the old setting has been used, but please update your config.
  SQL_ALCHEMY_CONN = conf.get("database", "SQL_ALCHEMY_CONN")

[2026-06-26T23:27:52.495+0000] {task_command.py:415} INFO - Running <TaskInstance: yahoo_pipeline.load_1min manual__2026-06-26T23:26:44+00:00 [running]> on host 961bab9f867c
[2026-06-26T23:27:52.603+0000] {taskinstance.py:1660} INFO - Exporting env vars: AIRFLOW_CTX_DAG_OWNER='data_engineer' AIRFLOW_CTX_DAG_ID='yahoo_pipeline' AIRFLOW_CTX_TASK_ID='load_1min' AIRFLOW_CTX_EXECUTION_DATE='2026-06-26T23:26:44+00:00' AIRFLOW_CTX_TRY_NUMBER='2' AIRFLOW_CTX_DAG_RUN_ID='manual__2026-06-26T23:26:44+00:00'
[2026-06-26T23:27:52.604+0000] {taskinstance.py:1935} ERROR - Task failed with exception
Traceback (most recent call last):
  File "/home/airflow/.local/lib/python3.10/site-packages/airflow/operators/python.py", line 192, in execute
    return_value = self.execute_callable()
  File "/home/airflow/.local/lib/python3.10/site-packages/airflow/operators/python.py", line 209, in execute_callable
    return self.python_callable(*self.op_args, **self.op_kwargs)
  File "/opt/airflow/dags/yahoo_pipeline.py", line 30, in load_data_1min
    records = ti.xcom_pull(task_ids='fetch_1min', dag_id=dag_id, run_id=run_id)
  File "/home/airflow/.local/lib/python3.10/site-packages/airflow/utils/session.py", line 77, in wrapper
    return func(*args, session=session, **kwargs)
TypeError: TaskInstance.xcom_pull() got an unexpected keyword argument 'run_id'
[2026-06-26T23:27:52.618+0000] {taskinstance.py:1398} INFO - Marking task as FAILED. dag_id=yahoo_pipeline, task_id=load_1min, execution_date=20260626T232644, start_date=20260626T232752, end_date=20260626T232752
[2026-06-26T23:27:52.634+0000] {standard_task_runner.py:104} ERROR - Failed to execute job 276 for task load_1min (TaskInstance.xcom_pull() got an unexpected keyword argument 'run_id'; 56)
[2026-06-26T23:27:52.672+0000] {local_task_job_runner.py:228} INFO - Task exited with return code 1
[2026-06-26T23:27:52.690+0000] {taskinstance.py:2776} INFO - 0 downstream tasks scheduled from follow-on schedule check
