[2026-06-27T00:00:02.030+0000] {taskinstance.py:1157} INFO - Dependencies all met for dep_context=non-requeueable deps ti=<TaskInstance: yahoo_pipeline.fetch_5min scheduled__2026-06-26T23:55:00+00:00 [queued]>
[2026-06-27T00:00:02.040+0000] {taskinstance.py:1157} INFO - Dependencies all met for dep_context=requeueable deps ti=<TaskInstance: yahoo_pipeline.fetch_5min scheduled__2026-06-26T23:55:00+00:00 [queued]>
[2026-06-27T00:00:02.041+0000] {taskinstance.py:1359} INFO - Starting attempt 1 of 3
[2026-06-27T00:00:02.056+0000] {taskinstance.py:1380} INFO - Executing <Task(PythonOperator): fetch_5min> on 2026-06-26 23:55:00+00:00
[2026-06-27T00:00:02.068+0000] {standard_task_runner.py:57} INFO - Started process 119 to run task
[2026-06-27T00:00:02.076+0000] {standard_task_runner.py:84} INFO - Running: ['***', 'tasks', 'run', 'yahoo_pipeline', 'fetch_5min', 'scheduled__2026-06-26T23:55:00+00:00', '--job-id', '373', '--raw', '--subdir', 'DAGS_FOLDER/yahoo_pipeline.py', '--cfg-path', '/tmp/tmph9fds54r']
[2026-06-27T00:00:02.082+0000] {standard_task_runner.py:85} INFO - Job 373: Subtask fetch_5min
[2026-06-27T00:00:02.111+0000] {warnings.py:109} WARNING - /home/***/.local/lib/python3.10/site-packages/***/settings.py:195: DeprecationWarning: The sql_alchemy_conn option in [core] has been moved to the sql_alchemy_conn option in [database] - the old setting has been used, but please update your config.
  SQL_ALCHEMY_CONN = conf.get("database", "SQL_ALCHEMY_CONN")

[2026-06-27T00:00:02.177+0000] {task_command.py:415} INFO - Running <TaskInstance: yahoo_pipeline.fetch_5min scheduled__2026-06-26T23:55:00+00:00 [running]> on host ae6504924d84
[2026-06-27T00:00:02.301+0000] {taskinstance.py:1660} INFO - Exporting env vars: AIRFLOW_CTX_DAG_OWNER='data_engineer' AIRFLOW_CTX_DAG_ID='yahoo_pipeline' AIRFLOW_CTX_TASK_ID='fetch_5min' AIRFLOW_CTX_EXECUTION_DATE='2026-06-26T23:55:00+00:00' AIRFLOW_CTX_TRY_NUMBER='1' AIRFLOW_CTX_DAG_RUN_ID='scheduled__2026-06-26T23:55:00+00:00'
[2026-06-27T00:00:02.302+0000] {yahoo_utils.py:16} INFO - 📊 Descargando datos 5min para ['AAPL', 'NVDA', 'MSFT', 'GOOGL', 'AMZN']
[2026-06-27T00:00:03.399+0000] {base.py:1679} ERROR - Failed to get ticker 'GOOGL' reason: Expecting value: line 1 column 1 (char 0)
[2026-06-27T00:00:03.437+0000] {base.py:1679} ERROR - Failed to get ticker 'AAPL' reason: Expecting value: line 1 column 1 (char 0)
[2026-06-27T00:00:03.443+0000] {base.py:1679} ERROR - Failed to get ticker 'NVDA' reason: Expecting value: line 1 column 1 (char 0)
[2026-06-27T00:00:03.450+0000] {base.py:1679} ERROR - Failed to get ticker 'AMZN' reason: Expecting value: line 1 column 1 (char 0)
[2026-06-27T00:00:04.142+0000] {base.py:1679} ERROR - Failed to get ticker 'MSFT' reason: Expecting value: line 1 column 1 (char 0)
[2026-06-27T00:00:04.451+0000] {multi.py:182} ERROR - 
5 Failed downloads:
[2026-06-27T00:00:04.452+0000] {multi.py:195} ERROR - ['GOOGL', 'AAPL', 'NVDA', 'AMZN', 'MSFT']: Exception('%ticker%: No price data found, symbol may be delisted (period=5d)')
[2026-06-27T00:00:04.468+0000] {yahoo_utils.py:26} INFO - 📊 Datos descargados: 0 filas
[2026-06-27T00:00:04.517+0000] {yahoo_utils.py:45} INFO - ✅ 5min: 0 registros guardados en /opt/***/data/5min_scheduled__2026-06-26T23:55:00+00:00.json
[2026-06-27T00:00:04.537+0000] {yahoo_utils.py:50} INFO - 📤 5min: datos enviados a XCom
[2026-06-27T00:00:04.538+0000] {python.py:194} INFO - Done. Returned value was: []
[2026-06-27T00:00:04.571+0000] {taskinstance.py:1398} INFO - Marking task as SUCCESS. dag_id=yahoo_pipeline, task_id=fetch_5min, execution_date=20260626T235500, start_date=20260627T000002, end_date=20260627T000004
[2026-06-27T00:00:04.628+0000] {local_task_job_runner.py:228} INFO - Task exited with return code 0
[2026-06-27T00:00:04.651+0000] {taskinstance.py:2776} INFO - 1 downstream tasks scheduled from follow-on schedule check
