[2026-06-26T23:13:15.659+0000] {taskinstance.py:1157} INFO - Dependencies all met for dep_context=non-requeueable deps ti=<TaskInstance: yahoo_pipeline.load_5min scheduled__2026-06-26T23:11:00+00:00 [queued]>
[2026-06-26T23:13:15.669+0000] {taskinstance.py:1157} INFO - Dependencies all met for dep_context=requeueable deps ti=<TaskInstance: yahoo_pipeline.load_5min scheduled__2026-06-26T23:11:00+00:00 [queued]>
[2026-06-26T23:13:15.669+0000] {taskinstance.py:1359} INFO - Starting attempt 2 of 2
[2026-06-26T23:13:15.687+0000] {taskinstance.py:1380} INFO - Executing <Task(PythonOperator): load_5min> on 2026-06-26 23:11:00+00:00
[2026-06-26T23:13:15.695+0000] {standard_task_runner.py:57} INFO - Started process 345 to run task
[2026-06-26T23:13:15.700+0000] {standard_task_runner.py:84} INFO - Running: ['***', 'tasks', 'run', 'yahoo_pipeline', 'load_5min', 'scheduled__2026-06-26T23:11:00+00:00', '--job-id', '223', '--raw', '--subdir', 'DAGS_FOLDER/yahoo_pipeline.py', '--cfg-path', '/tmp/tmpf0n6pqih']
[2026-06-26T23:13:15.705+0000] {standard_task_runner.py:85} INFO - Job 223: Subtask load_5min
[2026-06-26T23:13:15.723+0000] {warnings.py:109} WARNING - /home/***/.local/lib/python3.10/site-packages/***/settings.py:195: DeprecationWarning: The sql_alchemy_conn option in [core] has been moved to the sql_alchemy_conn option in [database] - the old setting has been used, but please update your config.
  SQL_ALCHEMY_CONN = conf.get("database", "SQL_ALCHEMY_CONN")

[2026-06-26T23:13:15.766+0000] {task_command.py:415} INFO - Running <TaskInstance: yahoo_pipeline.load_5min scheduled__2026-06-26T23:11:00+00:00 [running]> on host 961bab9f867c
[2026-06-26T23:13:15.884+0000] {taskinstance.py:1660} INFO - Exporting env vars: AIRFLOW_CTX_DAG_OWNER='data_engineer' AIRFLOW_CTX_DAG_ID='yahoo_pipeline' AIRFLOW_CTX_TASK_ID='load_5min' AIRFLOW_CTX_EXECUTION_DATE='2026-06-26T23:11:00+00:00' AIRFLOW_CTX_TRY_NUMBER='2' AIRFLOW_CTX_DAG_RUN_ID='scheduled__2026-06-26T23:11:00+00:00'
[2026-06-26T23:13:15.885+0000] {taskinstance.py:1935} ERROR - Task failed with exception
Traceback (most recent call last):
  File "/home/airflow/.local/lib/python3.10/site-packages/airflow/operators/python.py", line 192, in execute
    return_value = self.execute_callable()
  File "/home/airflow/.local/lib/python3.10/site-packages/airflow/operators/python.py", line 209, in execute_callable
    return self.python_callable(*self.op_args, **self.op_kwargs)
TypeError: insert_intraday() missing 1 required positional argument: 'records'
[2026-06-26T23:13:15.898+0000] {taskinstance.py:1398} INFO - Marking task as FAILED. dag_id=yahoo_pipeline, task_id=load_5min, execution_date=20260626T231100, start_date=20260626T231315, end_date=20260626T231315
[2026-06-26T23:13:15.920+0000] {standard_task_runner.py:104} ERROR - Failed to execute job 223 for task load_5min (insert_intraday() missing 1 required positional argument: 'records'; 345)
[2026-06-26T23:13:15.954+0000] {local_task_job_runner.py:228} INFO - Task exited with return code 1
[2026-06-26T23:13:15.970+0000] {taskinstance.py:2776} INFO - 0 downstream tasks scheduled from follow-on schedule check
