[2026-06-27T14:15:06.338+0000] {taskinstance.py:1157} INFO - Dependencies all met for dep_context=non-requeueable deps ti=<TaskInstance: yahoo_pipeline.load_1min scheduled__2026-06-27T14:14:00+00:00 [queued]>
[2026-06-27T14:15:06.358+0000] {taskinstance.py:1157} INFO - Dependencies all met for dep_context=requeueable deps ti=<TaskInstance: yahoo_pipeline.load_1min scheduled__2026-06-27T14:14:00+00:00 [queued]>
[2026-06-27T14:15:06.358+0000] {taskinstance.py:1359} INFO - Starting attempt 1 of 3
[2026-06-27T14:15:06.391+0000] {taskinstance.py:1380} INFO - Executing <Task(PythonOperator): load_1min> on 2026-06-27 14:14:00+00:00
[2026-06-27T14:15:06.408+0000] {standard_task_runner.py:57} INFO - Started process 287 to run task
[2026-06-27T14:15:06.422+0000] {standard_task_runner.py:84} INFO - Running: ['***', 'tasks', 'run', 'yahoo_pipeline', 'load_1min', 'scheduled__2026-06-27T14:14:00+00:00', '--job-id', '86', '--raw', '--subdir', 'DAGS_FOLDER/yahoo_pipeline.py', '--cfg-path', '/tmp/tmptfctxpll']
[2026-06-27T14:15:06.426+0000] {standard_task_runner.py:85} INFO - Job 86: Subtask load_1min
[2026-06-27T14:15:06.479+0000] {warnings.py:109} WARNING - /home/***/.local/lib/python3.10/site-packages/***/settings.py:195: DeprecationWarning: The sql_alchemy_conn option in [core] has been moved to the sql_alchemy_conn option in [database] - the old setting has been used, but please update your config.
  SQL_ALCHEMY_CONN = conf.get("database", "SQL_ALCHEMY_CONN")

[2026-06-27T14:15:06.573+0000] {task_command.py:415} INFO - Running <TaskInstance: yahoo_pipeline.load_1min scheduled__2026-06-27T14:14:00+00:00 [running]> on host 0ae2f14191bd
[2026-06-27T14:15:06.750+0000] {taskinstance.py:1660} INFO - Exporting env vars: AIRFLOW_CTX_DAG_OWNER='data_engineer' AIRFLOW_CTX_DAG_ID='yahoo_pipeline' AIRFLOW_CTX_TASK_ID='load_1min' AIRFLOW_CTX_EXECUTION_DATE='2026-06-27T14:14:00+00:00' AIRFLOW_CTX_TRY_NUMBER='1' AIRFLOW_CTX_DAG_RUN_ID='scheduled__2026-06-27T14:14:00+00:00'
[2026-06-27T14:15:06.752+0000] {yahoo_pipeline.py:29} INFO - 📂 Buscando archivo: /opt/***/data/1min_scheduled__2026-06-27T14:14:00+00:00.json
[2026-06-27T14:15:06.760+0000] {db_utils.py:37} ERROR - Error insertando: 'Open'
[2026-06-27T14:15:06.760+0000] {db_utils.py:37} ERROR - Error insertando: 'Open'
[2026-06-27T14:15:06.760+0000] {db_utils.py:37} ERROR - Error insertando: 'Open'
[2026-06-27T14:15:06.760+0000] {db_utils.py:37} ERROR - Error insertando: 'Open'
[2026-06-27T14:15:06.761+0000] {db_utils.py:37} ERROR - Error insertando: 'Open'
[2026-06-27T14:15:06.762+0000] {db_utils.py:42} INFO - ✅ Insertados 5 en raw_intraday_1min
[2026-06-27T14:15:06.762+0000] {yahoo_pipeline.py:36} INFO - ✅ Cargados 5 registros de 1min
[2026-06-27T14:15:06.763+0000] {python.py:194} INFO - Done. Returned value was: None
[2026-06-27T14:15:06.776+0000] {taskinstance.py:1398} INFO - Marking task as SUCCESS. dag_id=yahoo_pipeline, task_id=load_1min, execution_date=20260627T141400, start_date=20260627T141506, end_date=20260627T141506
[2026-06-27T14:15:06.836+0000] {local_task_job_runner.py:228} INFO - Task exited with return code 0
[2026-06-27T14:15:06.858+0000] {taskinstance.py:2776} INFO - 0 downstream tasks scheduled from follow-on schedule check
