[2026-06-26T23:47:59.501+0000] {taskinstance.py:1157} INFO - Dependencies all met for dep_context=non-requeueable deps ti=<TaskInstance: yahoo_pipeline.fetch_1min manual__2026-06-26T23:47:57+00:00 [queued]>
[2026-06-26T23:47:59.518+0000] {taskinstance.py:1157} INFO - Dependencies all met for dep_context=requeueable deps ti=<TaskInstance: yahoo_pipeline.fetch_1min manual__2026-06-26T23:47:57+00:00 [queued]>
[2026-06-26T23:47:59.519+0000] {taskinstance.py:1359} INFO - Starting attempt 1 of 3
[2026-06-26T23:47:59.550+0000] {taskinstance.py:1380} INFO - Executing <Task(PythonOperator): fetch_1min> on 2026-06-26 23:47:57+00:00
[2026-06-26T23:47:59.562+0000] {standard_task_runner.py:57} INFO - Started process 49 to run task
[2026-06-26T23:47:59.576+0000] {standard_task_runner.py:84} INFO - Running: ['***', 'tasks', 'run', 'yahoo_pipeline', 'fetch_1min', 'manual__2026-06-26T23:47:57+00:00', '--job-id', '336', '--raw', '--subdir', 'DAGS_FOLDER/yahoo_pipeline.py', '--cfg-path', '/tmp/tmpion6g_sk']
[2026-06-26T23:47:59.583+0000] {standard_task_runner.py:85} INFO - Job 336: Subtask fetch_1min
[2026-06-26T23:47:59.615+0000] {warnings.py:109} WARNING - /home/***/.local/lib/python3.10/site-packages/***/settings.py:195: DeprecationWarning: The sql_alchemy_conn option in [core] has been moved to the sql_alchemy_conn option in [database] - the old setting has been used, but please update your config.
  SQL_ALCHEMY_CONN = conf.get("database", "SQL_ALCHEMY_CONN")

[2026-06-26T23:47:59.690+0000] {task_command.py:415} INFO - Running <TaskInstance: yahoo_pipeline.fetch_1min manual__2026-06-26T23:47:57+00:00 [running]> on host ae6504924d84
[2026-06-26T23:47:59.819+0000] {taskinstance.py:1660} INFO - Exporting env vars: AIRFLOW_CTX_DAG_OWNER='data_engineer' AIRFLOW_CTX_DAG_ID='yahoo_pipeline' AIRFLOW_CTX_TASK_ID='fetch_1min' AIRFLOW_CTX_EXECUTION_DATE='2026-06-26T23:47:57+00:00' AIRFLOW_CTX_TRY_NUMBER='1' AIRFLOW_CTX_DAG_RUN_ID='manual__2026-06-26T23:47:57+00:00'
[2026-06-26T23:47:59.821+0000] {yahoo_utils.py:16} INFO - 📊 Descargando datos 1min para ['AAPL', 'NVDA', 'MSFT', 'GOOGL', 'AMZN']
[2026-06-26T23:48:00.784+0000] {base.py:1679} ERROR - Failed to get ticker 'AAPL' reason: Expecting value: line 1 column 1 (char 0)
[2026-06-26T23:48:00.801+0000] {base.py:1679} ERROR - Failed to get ticker 'GOOGL' reason: Expecting value: line 1 column 1 (char 0)
[2026-06-26T23:48:00.832+0000] {base.py:1679} ERROR - Failed to get ticker 'AMZN' reason: Expecting value: line 1 column 1 (char 0)
[2026-06-26T23:48:00.836+0000] {base.py:1679} ERROR - Failed to get ticker 'NVDA' reason: Expecting value: line 1 column 1 (char 0)
[2026-06-26T23:48:01.534+0000] {base.py:1679} ERROR - Failed to get ticker 'MSFT' reason: Expecting value: line 1 column 1 (char 0)
[2026-06-26T23:48:01.862+0000] {multi.py:182} ERROR - 
5 Failed downloads:
[2026-06-26T23:48:01.862+0000] {multi.py:195} ERROR - ['AAPL', 'AMZN', 'NVDA', 'GOOGL', 'MSFT']: Exception('%ticker%: No price data found, symbol may be delisted (period=5d)')
[2026-06-26T23:48:01.873+0000] {yahoo_utils.py:26} INFO - 📊 Datos descargados: 0 filas
[2026-06-26T23:48:01.896+0000] {yahoo_utils.py:45} INFO - ✅ 1min: 0 registros guardados en /opt/***/data/1min_manual__2026-06-26T23:47:57+00:00.json
[2026-06-26T23:48:01.912+0000] {yahoo_utils.py:50} INFO - 📤 1min: datos enviados a XCom
[2026-06-26T23:48:01.913+0000] {python.py:194} INFO - Done. Returned value was: []
[2026-06-26T23:48:01.935+0000] {taskinstance.py:1398} INFO - Marking task as SUCCESS. dag_id=yahoo_pipeline, task_id=fetch_1min, execution_date=20260626T234757, start_date=20260626T234759, end_date=20260626T234801
[2026-06-26T23:48:01.990+0000] {local_task_job_runner.py:228} INFO - Task exited with return code 0
[2026-06-26T23:48:02.015+0000] {taskinstance.py:2776} INFO - 1 downstream tasks scheduled from follow-on schedule check
