[2026-06-27T14:15:06.105+0000] {taskinstance.py:1157} INFO - Dependencies all met for dep_context=non-requeueable deps ti=<TaskInstance: yahoo_pipeline.fetch_fundamental scheduled__2026-06-27T14:14:00+00:00 [queued]>
[2026-06-27T14:15:06.121+0000] {taskinstance.py:1157} INFO - Dependencies all met for dep_context=requeueable deps ti=<TaskInstance: yahoo_pipeline.fetch_fundamental scheduled__2026-06-27T14:14:00+00:00 [queued]>
[2026-06-27T14:15:06.122+0000] {taskinstance.py:1359} INFO - Starting attempt 1 of 3
[2026-06-27T14:15:06.140+0000] {taskinstance.py:1380} INFO - Executing <Task(PythonOperator): fetch_fundamental> on 2026-06-27 14:14:00+00:00
[2026-06-27T14:15:06.157+0000] {standard_task_runner.py:57} INFO - Started process 286 to run task
[2026-06-27T14:15:06.170+0000] {standard_task_runner.py:84} INFO - Running: ['***', 'tasks', 'run', 'yahoo_pipeline', 'fetch_fundamental', 'scheduled__2026-06-27T14:14:00+00:00', '--job-id', '84', '--raw', '--subdir', 'DAGS_FOLDER/yahoo_pipeline.py', '--cfg-path', '/tmp/tmp1y36ep7s']
[2026-06-27T14:15:06.180+0000] {standard_task_runner.py:85} INFO - Job 84: Subtask fetch_fundamental
[2026-06-27T14:15:06.205+0000] {warnings.py:109} WARNING - /home/***/.local/lib/python3.10/site-packages/***/settings.py:195: DeprecationWarning: The sql_alchemy_conn option in [core] has been moved to the sql_alchemy_conn option in [database] - the old setting has been used, but please update your config.
  SQL_ALCHEMY_CONN = conf.get("database", "SQL_ALCHEMY_CONN")

[2026-06-27T14:15:06.282+0000] {task_command.py:415} INFO - Running <TaskInstance: yahoo_pipeline.fetch_fundamental scheduled__2026-06-27T14:14:00+00:00 [running]> on host 0ae2f14191bd
[2026-06-27T14:15:06.523+0000] {taskinstance.py:1660} INFO - Exporting env vars: AIRFLOW_CTX_DAG_OWNER='data_engineer' AIRFLOW_CTX_DAG_ID='yahoo_pipeline' AIRFLOW_CTX_TASK_ID='fetch_fundamental' AIRFLOW_CTX_EXECUTION_DATE='2026-06-27T14:14:00+00:00' AIRFLOW_CTX_TRY_NUMBER='1' AIRFLOW_CTX_DAG_RUN_ID='scheduled__2026-06-27T14:14:00+00:00'
[2026-06-27T14:15:06.525+0000] {yahoo_utils.py:94} INFO - 📊 Descargando datos fundamentales para ['AAPL', 'NVDA', 'MSFT', 'GOOGL', 'AMZN']
[2026-06-27T14:15:07.384+0000] {yahoo_utils.py:110} INFO - ✅ Fundamental: AAPL
[2026-06-27T14:15:09.815+0000] {yahoo_utils.py:110} INFO - ✅ Fundamental: NVDA
[2026-06-27T14:15:12.245+0000] {yahoo_utils.py:110} INFO - ✅ Fundamental: MSFT
[2026-06-27T14:15:14.690+0000] {yahoo_utils.py:110} INFO - ✅ Fundamental: GOOGL
[2026-06-27T14:15:17.319+0000] {yahoo_utils.py:110} INFO - ✅ Fundamental: AMZN
[2026-06-27T14:15:17.320+0000] {yahoo_utils.py:119} INFO - ✅ Fundamental: 5 registros guardados
[2026-06-27T14:15:17.321+0000] {python.py:194} INFO - Done. Returned value was: [{'ticker': 'AAPL', 'fetch_timestamp': '2026-06-27T14:15:07.384370', 'marketCap': 4167977926656, 'trailingPE': 34.35593, 'dividendYield': 0.38, 'sector': 'Technology'}, {'ticker': 'NVDA', 'fetch_timestamp': '2026-06-27T14:15:09.815300', 'marketCap': 4663269130240, 'trailingPE': 29.48392, 'dividendYield': 0.52, 'sector': 'Technology'}, {'ticker': 'MSFT', 'fetch_timestamp': '2026-06-27T14:15:12.245111', 'marketCap': 2770583420928, 'trailingPE': 22.227055, 'dividendYield': 0.98, 'sector': 'Technology'}, {'ticker': 'GOOGL', 'fetch_timestamp': '2026-06-27T14:15:14.690808', 'marketCap': 4117026308096, 'trailingPE': 25.715702, 'dividendYield': 0.26, 'sector': 'Communication Services'}, {'ticker': 'AMZN', 'fetch_timestamp': '2026-06-27T14:15:17.319452', 'marketCap': 2503072022528, 'trailingPE': 31.658504, 'dividendYield': None, 'sector': 'Consumer Cyclical'}]
[2026-06-27T14:15:17.380+0000] {taskinstance.py:1398} INFO - Marking task as SUCCESS. dag_id=yahoo_pipeline, task_id=fetch_fundamental, execution_date=20260627T141400, start_date=20260627T141506, end_date=20260627T141517
[2026-06-27T14:15:17.455+0000] {local_task_job_runner.py:228} INFO - Task exited with return code 0
[2026-06-27T14:15:17.509+0000] {taskinstance.py:2776} INFO - 1 downstream tasks scheduled from follow-on schedule check
