[2026-06-27T00:45:03.835+0000] {taskinstance.py:1157} INFO - Dependencies all met for dep_context=non-requeueable deps ti=<TaskInstance: yahoo_pipeline.fetch_5min manual__2026-06-27T00:24:50+00:00 [queued]>
[2026-06-27T00:45:03.843+0000] {taskinstance.py:1157} INFO - Dependencies all met for dep_context=requeueable deps ti=<TaskInstance: yahoo_pipeline.fetch_5min manual__2026-06-27T00:24:50+00:00 [queued]>
[2026-06-27T00:45:03.843+0000] {taskinstance.py:1359} INFO - Starting attempt 1 of 3
[2026-06-27T00:45:03.854+0000] {taskinstance.py:1380} INFO - Executing <Task(PythonOperator): fetch_5min> on 2026-06-27 00:24:50+00:00
[2026-06-27T00:45:03.860+0000] {standard_task_runner.py:57} INFO - Started process 49 to run task
[2026-06-27T00:45:03.864+0000] {standard_task_runner.py:84} INFO - Running: ['***', 'tasks', 'run', 'yahoo_pipeline', 'fetch_5min', 'manual__2026-06-27T00:24:50+00:00', '--job-id', '41', '--raw', '--subdir', 'DAGS_FOLDER/yahoo_pipeline.py', '--cfg-path', '/tmp/tmprp95mn3k']
[2026-06-27T00:45:03.868+0000] {standard_task_runner.py:85} INFO - Job 41: Subtask fetch_5min
[2026-06-27T00:45:03.882+0000] {warnings.py:109} WARNING - /home/***/.local/lib/python3.10/site-packages/***/settings.py:195: DeprecationWarning: The sql_alchemy_conn option in [core] has been moved to the sql_alchemy_conn option in [database] - the old setting has been used, but please update your config.
  SQL_ALCHEMY_CONN = conf.get("database", "SQL_ALCHEMY_CONN")

[2026-06-27T00:45:03.918+0000] {task_command.py:415} INFO - Running <TaskInstance: yahoo_pipeline.fetch_5min manual__2026-06-27T00:24:50+00:00 [running]> on host 67294a461383
[2026-06-27T00:45:04.001+0000] {taskinstance.py:1660} INFO - Exporting env vars: AIRFLOW_CTX_DAG_OWNER='data_engineer' AIRFLOW_CTX_DAG_ID='yahoo_pipeline' AIRFLOW_CTX_TASK_ID='fetch_5min' AIRFLOW_CTX_EXECUTION_DATE='2026-06-27T00:24:50+00:00' AIRFLOW_CTX_TRY_NUMBER='1' AIRFLOW_CTX_DAG_RUN_ID='manual__2026-06-27T00:24:50+00:00'
[2026-06-27T00:45:04.002+0000] {yahoo_utils.py:16} INFO - 📊 Descargando datos 5min para ['AAPL', 'NVDA', 'MSFT', 'GOOGL', 'AMZN']
[2026-06-27T00:45:04.661+0000] {base.py:1679} ERROR - Failed to get ticker 'GOOGL' reason: Expecting value: line 1 column 1 (char 0)
[2026-06-27T00:45:04.664+0000] {base.py:1679} ERROR - Failed to get ticker 'AMZN' reason: Expecting value: line 1 column 1 (char 0)
[2026-06-27T00:45:04.666+0000] {base.py:1679} ERROR - Failed to get ticker 'AAPL' reason: Expecting value: line 1 column 1 (char 0)
[2026-06-27T00:45:04.670+0000] {base.py:1679} ERROR - Failed to get ticker 'MSFT' reason: Expecting value: line 1 column 1 (char 0)
[2026-06-27T00:45:05.330+0000] {base.py:1679} ERROR - Failed to get ticker 'NVDA' reason: Expecting value: line 1 column 1 (char 0)
[2026-06-27T00:45:05.616+0000] {multi.py:182} ERROR - 
5 Failed downloads:
[2026-06-27T00:45:05.617+0000] {multi.py:195} ERROR - ['GOOGL', 'AMZN', 'AAPL', 'MSFT', 'NVDA']: Exception('%ticker%: No price data found, symbol may be delisted (period=5d)')
[2026-06-27T00:45:05.626+0000] {yahoo_utils.py:26} INFO - 📊 Datos descargados: 0 filas
[2026-06-27T00:45:05.640+0000] {yahoo_utils.py:45} INFO - ✅ 5min: 0 registros guardados en /opt/***/data/5min_manual__2026-06-27T00:24:50+00:00.json
[2026-06-27T00:45:05.653+0000] {yahoo_utils.py:50} INFO - 📤 5min: datos enviados a XCom
[2026-06-27T00:45:05.654+0000] {python.py:194} INFO - Done. Returned value was: []
[2026-06-27T00:45:05.673+0000] {taskinstance.py:1398} INFO - Marking task as SUCCESS. dag_id=yahoo_pipeline, task_id=fetch_5min, execution_date=20260627T002450, start_date=20260627T004503, end_date=20260627T004505
[2026-06-27T00:45:05.735+0000] {local_task_job_runner.py:228} INFO - Task exited with return code 0
[2026-06-27T00:45:05.761+0000] {taskinstance.py:2776} INFO - 1 downstream tasks scheduled from follow-on schedule check
