[2026-06-26T23:06:15.063+0000] {taskinstance.py:1157} INFO - Dependencies all met for dep_context=non-requeueable deps ti=<TaskInstance: yahoo_pipeline.load_1min scheduled__2026-06-26T23:04:00+00:00 [queued]>
[2026-06-26T23:06:15.072+0000] {taskinstance.py:1157} INFO - Dependencies all met for dep_context=requeueable deps ti=<TaskInstance: yahoo_pipeline.load_1min scheduled__2026-06-26T23:04:00+00:00 [queued]>
[2026-06-26T23:06:15.073+0000] {taskinstance.py:1359} INFO - Starting attempt 2 of 2
[2026-06-26T23:06:15.086+0000] {taskinstance.py:1380} INFO - Executing <Task(PythonOperator): load_1min> on 2026-06-26 23:04:00+00:00
[2026-06-26T23:06:15.099+0000] {standard_task_runner.py:57} INFO - Started process 244 to run task
[2026-06-26T23:06:15.103+0000] {standard_task_runner.py:84} INFO - Running: ['***', 'tasks', 'run', 'yahoo_pipeline', 'load_1min', 'scheduled__2026-06-26T23:04:00+00:00', '--job-id', '175', '--raw', '--subdir', 'DAGS_FOLDER/yahoo_pipeline.py', '--cfg-path', '/tmp/tmpfdq6q4qy']
[2026-06-26T23:06:15.108+0000] {standard_task_runner.py:85} INFO - Job 175: Subtask load_1min
[2026-06-26T23:06:15.125+0000] {warnings.py:109} WARNING - /home/***/.local/lib/python3.10/site-packages/***/settings.py:195: DeprecationWarning: The sql_alchemy_conn option in [core] has been moved to the sql_alchemy_conn option in [database] - the old setting has been used, but please update your config.
  SQL_ALCHEMY_CONN = conf.get("database", "SQL_ALCHEMY_CONN")

[2026-06-26T23:06:15.170+0000] {task_command.py:415} INFO - Running <TaskInstance: yahoo_pipeline.load_1min scheduled__2026-06-26T23:04:00+00:00 [running]> on host 961bab9f867c
[2026-06-26T23:06:15.263+0000] {taskinstance.py:1660} INFO - Exporting env vars: AIRFLOW_CTX_DAG_OWNER='data_engineer' AIRFLOW_CTX_DAG_ID='yahoo_pipeline' AIRFLOW_CTX_TASK_ID='load_1min' AIRFLOW_CTX_EXECUTION_DATE='2026-06-26T23:04:00+00:00' AIRFLOW_CTX_TRY_NUMBER='2' AIRFLOW_CTX_DAG_RUN_ID='scheduled__2026-06-26T23:04:00+00:00'
[2026-06-26T23:06:15.264+0000] {taskinstance.py:1935} ERROR - Task failed with exception
Traceback (most recent call last):
  File "/home/airflow/.local/lib/python3.10/site-packages/airflow/operators/python.py", line 192, in execute
    return_value = self.execute_callable()
  File "/home/airflow/.local/lib/python3.10/site-packages/airflow/operators/python.py", line 209, in execute_callable
    return self.python_callable(*self.op_args, **self.op_kwargs)
TypeError: insert_intraday() missing 1 required positional argument: 'records'
[2026-06-26T23:06:15.274+0000] {taskinstance.py:1398} INFO - Marking task as FAILED. dag_id=yahoo_pipeline, task_id=load_1min, execution_date=20260626T230400, start_date=20260626T230615, end_date=20260626T230615
[2026-06-26T23:06:15.289+0000] {standard_task_runner.py:104} ERROR - Failed to execute job 175 for task load_1min (insert_intraday() missing 1 required positional argument: 'records'; 244)
[2026-06-26T23:06:15.318+0000] {local_task_job_runner.py:228} INFO - Task exited with return code 1
[2026-06-26T23:06:15.336+0000] {taskinstance.py:2776} INFO - 0 downstream tasks scheduled from follow-on schedule check
