[2026-06-26T23:50:07.199+0000] {taskinstance.py:1157} INFO - Dependencies all met for dep_context=non-requeueable deps ti=<TaskInstance: yahoo_pipeline.load_5min manual__2026-06-26T23:47:57+00:00 [queued]>
[2026-06-26T23:50:07.209+0000] {taskinstance.py:1157} INFO - Dependencies all met for dep_context=requeueable deps ti=<TaskInstance: yahoo_pipeline.load_5min manual__2026-06-26T23:47:57+00:00 [queued]>
[2026-06-26T23:50:07.209+0000] {taskinstance.py:1359} INFO - Starting attempt 3 of 3
[2026-06-26T23:50:07.226+0000] {taskinstance.py:1380} INFO - Executing <Task(PythonOperator): load_5min> on 2026-06-26 23:47:57+00:00
[2026-06-26T23:50:07.234+0000] {standard_task_runner.py:57} INFO - Started process 66 to run task
[2026-06-26T23:50:07.239+0000] {standard_task_runner.py:84} INFO - Running: ['***', 'tasks', 'run', 'yahoo_pipeline', 'load_5min', 'manual__2026-06-26T23:47:57+00:00', '--job-id', '345', '--raw', '--subdir', 'DAGS_FOLDER/yahoo_pipeline.py', '--cfg-path', '/tmp/tmpyzo14vtc']
[2026-06-26T23:50:07.245+0000] {standard_task_runner.py:85} INFO - Job 345: Subtask load_5min
[2026-06-26T23:50:07.277+0000] {warnings.py:109} WARNING - /home/***/.local/lib/python3.10/site-packages/***/settings.py:195: DeprecationWarning: The sql_alchemy_conn option in [core] has been moved to the sql_alchemy_conn option in [database] - the old setting has been used, but please update your config.
  SQL_ALCHEMY_CONN = conf.get("database", "SQL_ALCHEMY_CONN")

[2026-06-26T23:50:07.332+0000] {task_command.py:415} INFO - Running <TaskInstance: yahoo_pipeline.load_5min manual__2026-06-26T23:47:57+00:00 [running]> on host ae6504924d84
[2026-06-26T23:50:07.444+0000] {taskinstance.py:1660} INFO - Exporting env vars: AIRFLOW_CTX_DAG_OWNER='data_engineer' AIRFLOW_CTX_DAG_ID='yahoo_pipeline' AIRFLOW_CTX_TASK_ID='load_5min' AIRFLOW_CTX_EXECUTION_DATE='2026-06-26T23:47:57+00:00' AIRFLOW_CTX_TRY_NUMBER='3' AIRFLOW_CTX_DAG_RUN_ID='manual__2026-06-26T23:47:57+00:00'
[2026-06-26T23:50:07.446+0000] {taskinstance.py:1935} ERROR - Task failed with exception
Traceback (most recent call last):
  File "/home/airflow/.local/lib/python3.10/site-packages/airflow/operators/python.py", line 192, in execute
    return_value = self.execute_callable()
  File "/home/airflow/.local/lib/python3.10/site-packages/airflow/operators/python.py", line 209, in execute_callable
    return self.python_callable(*self.op_args, **self.op_kwargs)
  File "/opt/airflow/dags/yahoo_pipeline.py", line 57, in load_data_5min
    logging.info(f"📂 Buscando archivo: {file_path}")
NameError: name 'logging' is not defined
[2026-06-26T23:50:07.461+0000] {taskinstance.py:1398} INFO - Marking task as FAILED. dag_id=yahoo_pipeline, task_id=load_5min, execution_date=20260626T234757, start_date=20260626T235007, end_date=20260626T235007
[2026-06-26T23:50:07.475+0000] {standard_task_runner.py:104} ERROR - Failed to execute job 345 for task load_5min (name 'logging' is not defined; 66)
[2026-06-26T23:50:07.493+0000] {local_task_job_runner.py:228} INFO - Task exited with return code 1
[2026-06-26T23:50:07.513+0000] {taskinstance.py:2776} INFO - 0 downstream tasks scheduled from follow-on schedule check
