[2026-06-26T23:49:12.892+0000] {taskinstance.py:1157} INFO - Dependencies all met for dep_context=non-requeueable deps ti=<TaskInstance: yahoo_pipeline.load_fundamental manual__2026-06-26T23:47:57+00:00 [queued]>
[2026-06-26T23:49:12.901+0000] {taskinstance.py:1157} INFO - Dependencies all met for dep_context=requeueable deps ti=<TaskInstance: yahoo_pipeline.load_fundamental manual__2026-06-26T23:47:57+00:00 [queued]>
[2026-06-26T23:49:12.901+0000] {taskinstance.py:1359} INFO - Starting attempt 2 of 3
[2026-06-26T23:49:12.915+0000] {taskinstance.py:1380} INFO - Executing <Task(PythonOperator): load_fundamental> on 2026-06-26 23:47:57+00:00
[2026-06-26T23:49:12.922+0000] {standard_task_runner.py:57} INFO - Started process 61 to run task
[2026-06-26T23:49:12.927+0000] {standard_task_runner.py:84} INFO - Running: ['***', 'tasks', 'run', 'yahoo_pipeline', 'load_fundamental', 'manual__2026-06-26T23:47:57+00:00', '--job-id', '343', '--raw', '--subdir', 'DAGS_FOLDER/yahoo_pipeline.py', '--cfg-path', '/tmp/tmpclq5s4_u']
[2026-06-26T23:49:12.931+0000] {standard_task_runner.py:85} INFO - Job 343: Subtask load_fundamental
[2026-06-26T23:49:12.946+0000] {warnings.py:109} WARNING - /home/***/.local/lib/python3.10/site-packages/***/settings.py:195: DeprecationWarning: The sql_alchemy_conn option in [core] has been moved to the sql_alchemy_conn option in [database] - the old setting has been used, but please update your config.
  SQL_ALCHEMY_CONN = conf.get("database", "SQL_ALCHEMY_CONN")

[2026-06-26T23:49:12.984+0000] {task_command.py:415} INFO - Running <TaskInstance: yahoo_pipeline.load_fundamental manual__2026-06-26T23:47:57+00:00 [running]> on host 961bab9f867c
[2026-06-26T23:49:13.062+0000] {taskinstance.py:1660} INFO - Exporting env vars: AIRFLOW_CTX_DAG_OWNER='data_engineer' AIRFLOW_CTX_DAG_ID='yahoo_pipeline' AIRFLOW_CTX_TASK_ID='load_fundamental' AIRFLOW_CTX_EXECUTION_DATE='2026-06-26T23:47:57+00:00' AIRFLOW_CTX_TRY_NUMBER='2' AIRFLOW_CTX_DAG_RUN_ID='manual__2026-06-26T23:47:57+00:00'
[2026-06-26T23:49:13.064+0000] {taskinstance.py:1935} ERROR - Task failed with exception
Traceback (most recent call last):
  File "/home/airflow/.local/lib/python3.10/site-packages/airflow/operators/python.py", line 192, in execute
    return_value = self.execute_callable()
  File "/home/airflow/.local/lib/python3.10/site-packages/airflow/operators/python.py", line 209, in execute_callable
    return self.python_callable(*self.op_args, **self.op_kwargs)
  File "/opt/airflow/dags/yahoo_pipeline.py", line 82, in load_fundamental_data
    logging.info(f"📂 Buscando archivo: {file_path}")
NameError: name 'logging' is not defined
[2026-06-26T23:49:13.075+0000] {taskinstance.py:1398} INFO - Marking task as UP_FOR_RETRY. dag_id=yahoo_pipeline, task_id=load_fundamental, execution_date=20260626T234757, start_date=20260626T234912, end_date=20260626T234913
[2026-06-26T23:49:13.089+0000] {standard_task_runner.py:104} ERROR - Failed to execute job 343 for task load_fundamental (name 'logging' is not defined; 61)
[2026-06-26T23:49:13.100+0000] {local_task_job_runner.py:228} INFO - Task exited with return code 1
[2026-06-26T23:49:13.119+0000] {taskinstance.py:2776} INFO - 0 downstream tasks scheduled from follow-on schedule check
