[2026-06-26T23:21:08.715+0000] {taskinstance.py:1157} INFO - Dependencies all met for dep_context=non-requeueable deps ti=<TaskInstance: yahoo_pipeline.load_1min scheduled__2026-06-26T23:15:00+00:00 [queued]>
[2026-06-26T23:21:08.725+0000] {taskinstance.py:1157} INFO - Dependencies all met for dep_context=requeueable deps ti=<TaskInstance: yahoo_pipeline.load_1min scheduled__2026-06-26T23:15:00+00:00 [queued]>
[2026-06-26T23:21:08.726+0000] {taskinstance.py:1359} INFO - Starting attempt 2 of 2
[2026-06-26T23:21:08.738+0000] {taskinstance.py:1380} INFO - Executing <Task(PythonOperator): load_1min> on 2026-06-26 23:15:00+00:00
[2026-06-26T23:21:08.745+0000] {standard_task_runner.py:57} INFO - Started process 86 to run task
[2026-06-26T23:21:08.753+0000] {standard_task_runner.py:84} INFO - Running: ['***', 'tasks', 'run', 'yahoo_pipeline', 'load_1min', 'scheduled__2026-06-26T23:15:00+00:00', '--job-id', '257', '--raw', '--subdir', 'DAGS_FOLDER/yahoo_pipeline.py', '--cfg-path', '/tmp/tmp_9t_agrx']
[2026-06-26T23:21:08.757+0000] {standard_task_runner.py:85} INFO - Job 257: Subtask load_1min
[2026-06-26T23:21:08.776+0000] {warnings.py:109} WARNING - /home/***/.local/lib/python3.10/site-packages/***/settings.py:195: DeprecationWarning: The sql_alchemy_conn option in [core] has been moved to the sql_alchemy_conn option in [database] - the old setting has been used, but please update your config.
  SQL_ALCHEMY_CONN = conf.get("database", "SQL_ALCHEMY_CONN")

[2026-06-26T23:21:08.823+0000] {task_command.py:415} INFO - Running <TaskInstance: yahoo_pipeline.load_1min scheduled__2026-06-26T23:15:00+00:00 [running]> on host 961bab9f867c
[2026-06-26T23:21:08.919+0000] {taskinstance.py:1660} INFO - Exporting env vars: AIRFLOW_CTX_DAG_OWNER='data_engineer' AIRFLOW_CTX_DAG_ID='yahoo_pipeline' AIRFLOW_CTX_TASK_ID='load_1min' AIRFLOW_CTX_EXECUTION_DATE='2026-06-26T23:15:00+00:00' AIRFLOW_CTX_TRY_NUMBER='2' AIRFLOW_CTX_DAG_RUN_ID='scheduled__2026-06-26T23:15:00+00:00'
[2026-06-26T23:21:08.936+0000] {taskinstance.py:1935} ERROR - Task failed with exception
Traceback (most recent call last):
  File "/home/airflow/.local/lib/python3.10/site-packages/airflow/operators/python.py", line 192, in execute
    return_value = self.execute_callable()
  File "/home/airflow/.local/lib/python3.10/site-packages/airflow/operators/python.py", line 209, in execute_callable
    return self.python_callable(*self.op_args, **self.op_kwargs)
  File "/opt/airflow/dags/yahoo_pipeline.py", line 27, in load_data_1min
    raise ValueError("No se recibieron datos de fetch_1min")
ValueError: No se recibieron datos de fetch_1min
[2026-06-26T23:21:08.949+0000] {taskinstance.py:1398} INFO - Marking task as FAILED. dag_id=yahoo_pipeline, task_id=load_1min, execution_date=20260626T231500, start_date=20260626T232108, end_date=20260626T232108
[2026-06-26T23:21:08.965+0000] {standard_task_runner.py:104} ERROR - Failed to execute job 257 for task load_1min (No se recibieron datos de fetch_1min; 86)
[2026-06-26T23:21:09.005+0000] {local_task_job_runner.py:228} INFO - Task exited with return code 1
[2026-06-26T23:21:09.035+0000] {taskinstance.py:2776} INFO - 0 downstream tasks scheduled from follow-on schedule check
