[2026-06-27T00:00:10.195+0000] {processor.py:157} INFO - Started process (PID=125) to work on /opt/airflow/dags/yahoo_pipeline.py
[2026-06-27T00:00:10.195+0000] {processor.py:829} INFO - Processing file /opt/airflow/dags/yahoo_pipeline.py for tasks to queue
[2026-06-27T00:00:10.199+0000] {logging_mixin.py:151} INFO - [2026-06-27T00:00:10.198+0000] {dagbag.py:539} INFO - Filling up the DagBag from /opt/airflow/dags/yahoo_pipeline.py
[2026-06-27T00:00:10.933+0000] {processor.py:839} INFO - DAG(s) dict_keys(['yahoo_pipeline']) retrieved from /opt/airflow/dags/yahoo_pipeline.py
[2026-06-27T00:00:10.968+0000] {logging_mixin.py:151} INFO - [2026-06-27T00:00:10.968+0000] {dag.py:2915} INFO - Sync 1 DAGs
[2026-06-27T00:00:11.013+0000] {processor.py:179} INFO - Processing /opt/airflow/dags/yahoo_pipeline.py took 0.823 seconds
[2026-06-27T00:00:41.183+0000] {processor.py:157} INFO - Started process (PID=127) to work on /opt/airflow/dags/yahoo_pipeline.py
[2026-06-27T00:00:41.187+0000] {processor.py:829} INFO - Processing file /opt/airflow/dags/yahoo_pipeline.py for tasks to queue
[2026-06-27T00:00:41.199+0000] {logging_mixin.py:151} INFO - [2026-06-27T00:00:41.198+0000] {dagbag.py:539} INFO - Filling up the DagBag from /opt/airflow/dags/yahoo_pipeline.py
[2026-06-27T00:00:41.770+0000] {processor.py:839} INFO - DAG(s) dict_keys(['yahoo_pipeline']) retrieved from /opt/airflow/dags/yahoo_pipeline.py
[2026-06-27T00:00:41.819+0000] {logging_mixin.py:151} INFO - [2026-06-27T00:00:41.818+0000] {dag.py:2915} INFO - Sync 1 DAGs
[2026-06-27T00:00:41.881+0000] {processor.py:179} INFO - Processing /opt/airflow/dags/yahoo_pipeline.py took 0.713 seconds
[2026-06-27T00:01:12.195+0000] {processor.py:157} INFO - Started process (PID=133) to work on /opt/airflow/dags/yahoo_pipeline.py
[2026-06-27T00:01:12.197+0000] {processor.py:829} INFO - Processing file /opt/airflow/dags/yahoo_pipeline.py for tasks to queue
[2026-06-27T00:01:12.204+0000] {logging_mixin.py:151} INFO - [2026-06-27T00:01:12.203+0000] {dagbag.py:539} INFO - Filling up the DagBag from /opt/airflow/dags/yahoo_pipeline.py
[2026-06-27T00:01:12.683+0000] {processor.py:839} INFO - DAG(s) dict_keys(['yahoo_pipeline']) retrieved from /opt/airflow/dags/yahoo_pipeline.py
[2026-06-27T00:01:12.713+0000] {logging_mixin.py:151} INFO - [2026-06-27T00:01:12.712+0000] {dag.py:2915} INFO - Sync 1 DAGs
[2026-06-27T00:01:12.754+0000] {processor.py:179} INFO - Processing /opt/airflow/dags/yahoo_pipeline.py took 0.566 seconds
[2026-06-27T00:01:43.044+0000] {processor.py:157} INFO - Started process (PID=135) to work on /opt/airflow/dags/yahoo_pipeline.py
[2026-06-27T00:01:43.049+0000] {processor.py:829} INFO - Processing file /opt/airflow/dags/yahoo_pipeline.py for tasks to queue
[2026-06-27T00:01:43.061+0000] {logging_mixin.py:151} INFO - [2026-06-27T00:01:43.060+0000] {dagbag.py:539} INFO - Filling up the DagBag from /opt/airflow/dags/yahoo_pipeline.py
[2026-06-27T00:01:43.538+0000] {processor.py:839} INFO - DAG(s) dict_keys(['yahoo_pipeline']) retrieved from /opt/airflow/dags/yahoo_pipeline.py
[2026-06-27T00:01:43.570+0000] {logging_mixin.py:151} INFO - [2026-06-27T00:01:43.570+0000] {dag.py:2915} INFO - Sync 1 DAGs
[2026-06-27T00:01:43.619+0000] {processor.py:179} INFO - Processing /opt/airflow/dags/yahoo_pipeline.py took 0.599 seconds
[2026-06-27T00:02:13.904+0000] {processor.py:157} INFO - Started process (PID=141) to work on /opt/airflow/dags/yahoo_pipeline.py
[2026-06-27T00:02:13.904+0000] {processor.py:829} INFO - Processing file /opt/airflow/dags/yahoo_pipeline.py for tasks to queue
[2026-06-27T00:02:13.907+0000] {logging_mixin.py:151} INFO - [2026-06-27T00:02:13.907+0000] {dagbag.py:539} INFO - Filling up the DagBag from /opt/airflow/dags/yahoo_pipeline.py
[2026-06-27T00:02:14.368+0000] {processor.py:839} INFO - DAG(s) dict_keys(['yahoo_pipeline']) retrieved from /opt/airflow/dags/yahoo_pipeline.py
[2026-06-27T00:02:14.416+0000] {logging_mixin.py:151} INFO - [2026-06-27T00:02:14.415+0000] {dag.py:2915} INFO - Sync 1 DAGs
[2026-06-27T00:02:14.504+0000] {processor.py:179} INFO - Processing /opt/airflow/dags/yahoo_pipeline.py took 0.604 seconds
[2026-06-27T00:02:44.859+0000] {processor.py:157} INFO - Started process (PID=143) to work on /opt/airflow/dags/yahoo_pipeline.py
[2026-06-27T00:02:44.865+0000] {processor.py:829} INFO - Processing file /opt/airflow/dags/yahoo_pipeline.py for tasks to queue
[2026-06-27T00:02:44.879+0000] {logging_mixin.py:151} INFO - [2026-06-27T00:02:44.877+0000] {dagbag.py:539} INFO - Filling up the DagBag from /opt/airflow/dags/yahoo_pipeline.py
[2026-06-27T00:02:45.375+0000] {processor.py:839} INFO - DAG(s) dict_keys(['yahoo_pipeline']) retrieved from /opt/airflow/dags/yahoo_pipeline.py
[2026-06-27T00:02:45.409+0000] {logging_mixin.py:151} INFO - [2026-06-27T00:02:45.409+0000] {dag.py:2915} INFO - Sync 1 DAGs
[2026-06-27T00:02:45.439+0000] {logging_mixin.py:151} INFO - [2026-06-27T00:02:45.438+0000] {dag.py:3696} INFO - Setting next_dagrun for yahoo_pipeline to 2026-06-27T00:00:00+00:00, run_after=2026-06-27T00:05:00+00:00
[2026-06-27T00:02:45.459+0000] {processor.py:179} INFO - Processing /opt/airflow/dags/yahoo_pipeline.py took 0.625 seconds
[2026-06-27T00:03:15.799+0000] {processor.py:157} INFO - Started process (PID=145) to work on /opt/airflow/dags/yahoo_pipeline.py
[2026-06-27T00:03:15.802+0000] {processor.py:829} INFO - Processing file /opt/airflow/dags/yahoo_pipeline.py for tasks to queue
[2026-06-27T00:03:15.810+0000] {logging_mixin.py:151} INFO - [2026-06-27T00:03:15.809+0000] {dagbag.py:539} INFO - Filling up the DagBag from /opt/airflow/dags/yahoo_pipeline.py
[2026-06-27T00:03:16.253+0000] {processor.py:839} INFO - DAG(s) dict_keys(['yahoo_pipeline']) retrieved from /opt/airflow/dags/yahoo_pipeline.py
[2026-06-27T00:03:16.289+0000] {logging_mixin.py:151} INFO - [2026-06-27T00:03:16.288+0000] {dag.py:2915} INFO - Sync 1 DAGs
[2026-06-27T00:03:16.326+0000] {logging_mixin.py:151} INFO - [2026-06-27T00:03:16.326+0000] {dag.py:3696} INFO - Setting next_dagrun for yahoo_pipeline to 2026-06-27T00:00:00+00:00, run_after=2026-06-27T00:05:00+00:00
[2026-06-27T00:03:16.349+0000] {processor.py:179} INFO - Processing /opt/airflow/dags/yahoo_pipeline.py took 0.565 seconds
[2026-06-27T00:12:21.476+0000] {processor.py:157} INFO - Started process (PID=25) to work on /opt/airflow/dags/yahoo_pipeline.py
[2026-06-27T00:12:21.479+0000] {processor.py:829} INFO - Processing file /opt/airflow/dags/yahoo_pipeline.py for tasks to queue
[2026-06-27T00:12:21.484+0000] {logging_mixin.py:151} INFO - [2026-06-27T00:12:21.483+0000] {dagbag.py:539} INFO - Filling up the DagBag from /opt/airflow/dags/yahoo_pipeline.py
[2026-06-27T00:12:22.490+0000] {processor.py:839} INFO - DAG(s) dict_keys(['yahoo_pipeline']) retrieved from /opt/airflow/dags/yahoo_pipeline.py
[2026-06-27T00:12:23.026+0000] {logging_mixin.py:151} INFO - [2026-06-27T00:12:23.025+0000] {manager.py:499} INFO - Created Permission View: %s
[2026-06-27T00:12:23.038+0000] {logging_mixin.py:151} INFO - [2026-06-27T00:12:23.038+0000] {manager.py:499} INFO - Created Permission View: %s
[2026-06-27T00:12:23.049+0000] {logging_mixin.py:151} INFO - [2026-06-27T00:12:23.049+0000] {manager.py:499} INFO - Created Permission View: %s
[2026-06-27T00:12:23.050+0000] {logging_mixin.py:151} INFO - [2026-06-27T00:12:23.050+0000] {security.py:708} INFO - Not syncing DAG-level permissions for DAG 'DAG:yahoo_pipeline' as access control is unset.
[2026-06-27T00:12:23.051+0000] {logging_mixin.py:151} INFO - [2026-06-27T00:12:23.050+0000] {dag.py:2915} INFO - Sync 1 DAGs
[2026-06-27T00:12:23.064+0000] {logging_mixin.py:151} INFO - [2026-06-27T00:12:23.063+0000] {dag.py:2937} INFO - Creating ORM DAG for yahoo_pipeline
[2026-06-27T00:12:23.078+0000] {logging_mixin.py:151} INFO - [2026-06-27T00:12:23.078+0000] {dag.py:3696} INFO - Setting next_dagrun for yahoo_pipeline to 2026-06-27T00:05:00+00:00, run_after=2026-06-27T00:10:00+00:00
[2026-06-27T00:12:23.130+0000] {processor.py:179} INFO - Processing /opt/airflow/dags/yahoo_pipeline.py took 1.673 seconds
[2026-06-27T00:12:53.478+0000] {processor.py:157} INFO - Started process (PID=27) to work on /opt/airflow/dags/yahoo_pipeline.py
[2026-06-27T00:12:53.485+0000] {processor.py:829} INFO - Processing file /opt/airflow/dags/yahoo_pipeline.py for tasks to queue
[2026-06-27T00:12:53.501+0000] {logging_mixin.py:151} INFO - [2026-06-27T00:12:53.500+0000] {dagbag.py:539} INFO - Filling up the DagBag from /opt/airflow/dags/yahoo_pipeline.py
[2026-06-27T00:12:54.011+0000] {processor.py:839} INFO - DAG(s) dict_keys(['yahoo_pipeline']) retrieved from /opt/airflow/dags/yahoo_pipeline.py
[2026-06-27T00:12:54.038+0000] {logging_mixin.py:151} INFO - [2026-06-27T00:12:54.037+0000] {dag.py:2915} INFO - Sync 1 DAGs
[2026-06-27T00:12:54.065+0000] {logging_mixin.py:151} INFO - [2026-06-27T00:12:54.065+0000] {dag.py:3696} INFO - Setting next_dagrun for yahoo_pipeline to 2026-06-27T00:05:00+00:00, run_after=2026-06-27T00:10:00+00:00
[2026-06-27T00:12:54.086+0000] {processor.py:179} INFO - Processing /opt/airflow/dags/yahoo_pipeline.py took 0.622 seconds
[2026-06-27T00:13:24.354+0000] {processor.py:157} INFO - Started process (PID=29) to work on /opt/airflow/dags/yahoo_pipeline.py
[2026-06-27T00:13:24.359+0000] {processor.py:829} INFO - Processing file /opt/airflow/dags/yahoo_pipeline.py for tasks to queue
[2026-06-27T00:13:24.367+0000] {logging_mixin.py:151} INFO - [2026-06-27T00:13:24.366+0000] {dagbag.py:539} INFO - Filling up the DagBag from /opt/airflow/dags/yahoo_pipeline.py
[2026-06-27T00:13:25.067+0000] {processor.py:839} INFO - DAG(s) dict_keys(['yahoo_pipeline']) retrieved from /opt/airflow/dags/yahoo_pipeline.py
[2026-06-27T00:13:25.098+0000] {logging_mixin.py:151} INFO - [2026-06-27T00:13:25.098+0000] {dag.py:2915} INFO - Sync 1 DAGs
[2026-06-27T00:13:25.120+0000] {logging_mixin.py:151} INFO - [2026-06-27T00:13:25.119+0000] {dag.py:3696} INFO - Setting next_dagrun for yahoo_pipeline to 2026-06-27T00:05:00+00:00, run_after=2026-06-27T00:10:00+00:00
[2026-06-27T00:13:25.137+0000] {processor.py:179} INFO - Processing /opt/airflow/dags/yahoo_pipeline.py took 0.795 seconds
[2026-06-27T00:13:55.284+0000] {processor.py:157} INFO - Started process (PID=31) to work on /opt/airflow/dags/yahoo_pipeline.py
[2026-06-27T00:13:55.286+0000] {processor.py:829} INFO - Processing file /opt/airflow/dags/yahoo_pipeline.py for tasks to queue
[2026-06-27T00:13:55.290+0000] {logging_mixin.py:151} INFO - [2026-06-27T00:13:55.290+0000] {dagbag.py:539} INFO - Filling up the DagBag from /opt/airflow/dags/yahoo_pipeline.py
[2026-06-27T00:13:55.710+0000] {processor.py:839} INFO - DAG(s) dict_keys(['yahoo_pipeline']) retrieved from /opt/airflow/dags/yahoo_pipeline.py
[2026-06-27T00:13:55.749+0000] {logging_mixin.py:151} INFO - [2026-06-27T00:13:55.748+0000] {dag.py:2915} INFO - Sync 1 DAGs
[2026-06-27T00:13:55.783+0000] {logging_mixin.py:151} INFO - [2026-06-27T00:13:55.783+0000] {dag.py:3696} INFO - Setting next_dagrun for yahoo_pipeline to 2026-06-27T00:05:00+00:00, run_after=2026-06-27T00:10:00+00:00
[2026-06-27T00:13:55.811+0000] {processor.py:179} INFO - Processing /opt/airflow/dags/yahoo_pipeline.py took 0.533 seconds
[2026-06-27T00:14:26.051+0000] {processor.py:157} INFO - Started process (PID=33) to work on /opt/airflow/dags/yahoo_pipeline.py
[2026-06-27T00:14:26.053+0000] {processor.py:829} INFO - Processing file /opt/airflow/dags/yahoo_pipeline.py for tasks to queue
[2026-06-27T00:14:26.056+0000] {logging_mixin.py:151} INFO - [2026-06-27T00:14:26.055+0000] {dagbag.py:539} INFO - Filling up the DagBag from /opt/airflow/dags/yahoo_pipeline.py
[2026-06-27T00:14:26.445+0000] {processor.py:839} INFO - DAG(s) dict_keys(['yahoo_pipeline']) retrieved from /opt/airflow/dags/yahoo_pipeline.py
[2026-06-27T00:14:26.472+0000] {logging_mixin.py:151} INFO - [2026-06-27T00:14:26.472+0000] {dag.py:2915} INFO - Sync 1 DAGs
[2026-06-27T00:14:26.501+0000] {logging_mixin.py:151} INFO - [2026-06-27T00:14:26.501+0000] {dag.py:3696} INFO - Setting next_dagrun for yahoo_pipeline to 2026-06-27T00:05:00+00:00, run_after=2026-06-27T00:10:00+00:00
[2026-06-27T00:14:26.525+0000] {processor.py:179} INFO - Processing /opt/airflow/dags/yahoo_pipeline.py took 0.477 seconds
[2026-06-27T00:14:56.836+0000] {processor.py:157} INFO - Started process (PID=35) to work on /opt/airflow/dags/yahoo_pipeline.py
[2026-06-27T00:14:56.840+0000] {processor.py:829} INFO - Processing file /opt/airflow/dags/yahoo_pipeline.py for tasks to queue
[2026-06-27T00:14:56.853+0000] {logging_mixin.py:151} INFO - [2026-06-27T00:14:56.851+0000] {dagbag.py:539} INFO - Filling up the DagBag from /opt/airflow/dags/yahoo_pipeline.py
[2026-06-27T00:14:57.495+0000] {processor.py:839} INFO - DAG(s) dict_keys(['yahoo_pipeline']) retrieved from /opt/airflow/dags/yahoo_pipeline.py
[2026-06-27T00:14:57.530+0000] {logging_mixin.py:151} INFO - [2026-06-27T00:14:57.530+0000] {dag.py:2915} INFO - Sync 1 DAGs
[2026-06-27T00:14:57.565+0000] {logging_mixin.py:151} INFO - [2026-06-27T00:14:57.565+0000] {dag.py:3696} INFO - Setting next_dagrun for yahoo_pipeline to 2026-06-27T00:05:00+00:00, run_after=2026-06-27T00:10:00+00:00
[2026-06-27T00:14:57.609+0000] {processor.py:179} INFO - Processing /opt/airflow/dags/yahoo_pipeline.py took 0.786 seconds
[2026-06-27T00:15:27.883+0000] {processor.py:157} INFO - Started process (PID=46) to work on /opt/airflow/dags/yahoo_pipeline.py
[2026-06-27T00:15:27.884+0000] {processor.py:829} INFO - Processing file /opt/airflow/dags/yahoo_pipeline.py for tasks to queue
[2026-06-27T00:15:27.887+0000] {logging_mixin.py:151} INFO - [2026-06-27T00:15:27.887+0000] {dagbag.py:539} INFO - Filling up the DagBag from /opt/airflow/dags/yahoo_pipeline.py
[2026-06-27T00:15:28.424+0000] {processor.py:839} INFO - DAG(s) dict_keys(['yahoo_pipeline']) retrieved from /opt/airflow/dags/yahoo_pipeline.py
[2026-06-27T00:15:28.458+0000] {logging_mixin.py:151} INFO - [2026-06-27T00:15:28.457+0000] {dag.py:2915} INFO - Sync 1 DAGs
[2026-06-27T00:15:28.513+0000] {processor.py:179} INFO - Processing /opt/airflow/dags/yahoo_pipeline.py took 0.634 seconds
[2026-06-27T00:15:58.784+0000] {processor.py:157} INFO - Started process (PID=48) to work on /opt/airflow/dags/yahoo_pipeline.py
[2026-06-27T00:15:58.788+0000] {processor.py:829} INFO - Processing file /opt/airflow/dags/yahoo_pipeline.py for tasks to queue
[2026-06-27T00:15:58.796+0000] {logging_mixin.py:151} INFO - [2026-06-27T00:15:58.795+0000] {dagbag.py:539} INFO - Filling up the DagBag from /opt/airflow/dags/yahoo_pipeline.py
[2026-06-27T00:15:59.395+0000] {processor.py:839} INFO - DAG(s) dict_keys(['yahoo_pipeline']) retrieved from /opt/airflow/dags/yahoo_pipeline.py
[2026-06-27T00:15:59.426+0000] {logging_mixin.py:151} INFO - [2026-06-27T00:15:59.425+0000] {dag.py:2915} INFO - Sync 1 DAGs
[2026-06-27T00:15:59.479+0000] {processor.py:179} INFO - Processing /opt/airflow/dags/yahoo_pipeline.py took 0.706 seconds
[2026-06-27T00:16:29.734+0000] {processor.py:157} INFO - Started process (PID=50) to work on /opt/airflow/dags/yahoo_pipeline.py
[2026-06-27T00:16:29.736+0000] {processor.py:829} INFO - Processing file /opt/airflow/dags/yahoo_pipeline.py for tasks to queue
[2026-06-27T00:16:29.740+0000] {logging_mixin.py:151} INFO - [2026-06-27T00:16:29.739+0000] {dagbag.py:539} INFO - Filling up the DagBag from /opt/airflow/dags/yahoo_pipeline.py
[2026-06-27T00:16:30.504+0000] {processor.py:839} INFO - DAG(s) dict_keys(['yahoo_pipeline']) retrieved from /opt/airflow/dags/yahoo_pipeline.py
[2026-06-27T00:16:30.538+0000] {logging_mixin.py:151} INFO - [2026-06-27T00:16:30.538+0000] {dag.py:2915} INFO - Sync 1 DAGs
[2026-06-27T00:16:30.611+0000] {processor.py:179} INFO - Processing /opt/airflow/dags/yahoo_pipeline.py took 0.883 seconds
[2026-06-27T00:17:00.733+0000] {processor.py:157} INFO - Started process (PID=52) to work on /opt/airflow/dags/yahoo_pipeline.py
[2026-06-27T00:17:00.734+0000] {processor.py:829} INFO - Processing file /opt/airflow/dags/yahoo_pipeline.py for tasks to queue
[2026-06-27T00:17:00.736+0000] {logging_mixin.py:151} INFO - [2026-06-27T00:17:00.736+0000] {dagbag.py:539} INFO - Filling up the DagBag from /opt/airflow/dags/yahoo_pipeline.py
[2026-06-27T00:17:01.331+0000] {processor.py:839} INFO - DAG(s) dict_keys(['yahoo_pipeline']) retrieved from /opt/airflow/dags/yahoo_pipeline.py
[2026-06-27T00:17:01.365+0000] {logging_mixin.py:151} INFO - [2026-06-27T00:17:01.365+0000] {dag.py:2915} INFO - Sync 1 DAGs
[2026-06-27T00:17:01.417+0000] {processor.py:179} INFO - Processing /opt/airflow/dags/yahoo_pipeline.py took 0.691 seconds
[2026-06-27T00:17:31.750+0000] {processor.py:157} INFO - Started process (PID=58) to work on /opt/airflow/dags/yahoo_pipeline.py
[2026-06-27T00:17:31.752+0000] {processor.py:829} INFO - Processing file /opt/airflow/dags/yahoo_pipeline.py for tasks to queue
[2026-06-27T00:17:31.754+0000] {logging_mixin.py:151} INFO - [2026-06-27T00:17:31.754+0000] {dagbag.py:539} INFO - Filling up the DagBag from /opt/airflow/dags/yahoo_pipeline.py
[2026-06-27T00:17:32.508+0000] {processor.py:839} INFO - DAG(s) dict_keys(['yahoo_pipeline']) retrieved from /opt/airflow/dags/yahoo_pipeline.py
[2026-06-27T00:17:32.548+0000] {logging_mixin.py:151} INFO - [2026-06-27T00:17:32.547+0000] {dag.py:2915} INFO - Sync 1 DAGs
[2026-06-27T00:17:32.578+0000] {logging_mixin.py:151} INFO - [2026-06-27T00:17:32.578+0000] {dag.py:3696} INFO - Setting next_dagrun for yahoo_pipeline to 2026-06-27T00:10:00+00:00, run_after=2026-06-27T00:15:00+00:00
[2026-06-27T00:17:32.606+0000] {processor.py:179} INFO - Processing /opt/airflow/dags/yahoo_pipeline.py took 0.862 seconds
[2026-06-27T00:18:02.930+0000] {processor.py:157} INFO - Started process (PID=65) to work on /opt/airflow/dags/yahoo_pipeline.py
[2026-06-27T00:18:02.938+0000] {processor.py:829} INFO - Processing file /opt/airflow/dags/yahoo_pipeline.py for tasks to queue
[2026-06-27T00:18:02.953+0000] {logging_mixin.py:151} INFO - [2026-06-27T00:18:02.952+0000] {dagbag.py:539} INFO - Filling up the DagBag from /opt/airflow/dags/yahoo_pipeline.py
[2026-06-27T00:18:03.566+0000] {processor.py:839} INFO - DAG(s) dict_keys(['yahoo_pipeline']) retrieved from /opt/airflow/dags/yahoo_pipeline.py
[2026-06-27T00:18:03.603+0000] {logging_mixin.py:151} INFO - [2026-06-27T00:18:03.603+0000] {dag.py:2915} INFO - Sync 1 DAGs
[2026-06-27T00:18:03.660+0000] {processor.py:179} INFO - Processing /opt/airflow/dags/yahoo_pipeline.py took 0.748 seconds
[2026-06-27T00:18:34.003+0000] {processor.py:157} INFO - Started process (PID=67) to work on /opt/airflow/dags/yahoo_pipeline.py
[2026-06-27T00:18:34.006+0000] {processor.py:829} INFO - Processing file /opt/airflow/dags/yahoo_pipeline.py for tasks to queue
[2026-06-27T00:18:34.015+0000] {logging_mixin.py:151} INFO - [2026-06-27T00:18:34.012+0000] {dagbag.py:539} INFO - Filling up the DagBag from /opt/airflow/dags/yahoo_pipeline.py
[2026-06-27T00:18:34.577+0000] {processor.py:839} INFO - DAG(s) dict_keys(['yahoo_pipeline']) retrieved from /opt/airflow/dags/yahoo_pipeline.py
[2026-06-27T00:18:34.611+0000] {logging_mixin.py:151} INFO - [2026-06-27T00:18:34.610+0000] {dag.py:2915} INFO - Sync 1 DAGs
[2026-06-27T00:18:34.659+0000] {processor.py:179} INFO - Processing /opt/airflow/dags/yahoo_pipeline.py took 0.670 seconds
[2026-06-27T00:19:04.849+0000] {processor.py:157} INFO - Started process (PID=69) to work on /opt/airflow/dags/yahoo_pipeline.py
[2026-06-27T00:19:04.853+0000] {processor.py:829} INFO - Processing file /opt/airflow/dags/yahoo_pipeline.py for tasks to queue
[2026-06-27T00:19:04.856+0000] {logging_mixin.py:151} INFO - [2026-06-27T00:19:04.855+0000] {dagbag.py:539} INFO - Filling up the DagBag from /opt/airflow/dags/yahoo_pipeline.py
[2026-06-27T00:19:05.472+0000] {processor.py:839} INFO - DAG(s) dict_keys(['yahoo_pipeline']) retrieved from /opt/airflow/dags/yahoo_pipeline.py
[2026-06-27T00:19:05.507+0000] {logging_mixin.py:151} INFO - [2026-06-27T00:19:05.507+0000] {dag.py:2915} INFO - Sync 1 DAGs
[2026-06-27T00:19:05.562+0000] {processor.py:179} INFO - Processing /opt/airflow/dags/yahoo_pipeline.py took 0.718 seconds
[2026-06-27T00:19:35.875+0000] {processor.py:157} INFO - Started process (PID=71) to work on /opt/airflow/dags/yahoo_pipeline.py
[2026-06-27T00:19:35.878+0000] {processor.py:829} INFO - Processing file /opt/airflow/dags/yahoo_pipeline.py for tasks to queue
[2026-06-27T00:19:35.882+0000] {logging_mixin.py:151} INFO - [2026-06-27T00:19:35.881+0000] {dagbag.py:539} INFO - Filling up the DagBag from /opt/airflow/dags/yahoo_pipeline.py
[2026-06-27T00:19:36.421+0000] {processor.py:839} INFO - DAG(s) dict_keys(['yahoo_pipeline']) retrieved from /opt/airflow/dags/yahoo_pipeline.py
[2026-06-27T00:19:36.457+0000] {logging_mixin.py:151} INFO - [2026-06-27T00:19:36.456+0000] {dag.py:2915} INFO - Sync 1 DAGs
[2026-06-27T00:19:36.513+0000] {processor.py:179} INFO - Processing /opt/airflow/dags/yahoo_pipeline.py took 0.643 seconds
[2026-06-27T00:20:06.703+0000] {processor.py:157} INFO - Started process (PID=82) to work on /opt/airflow/dags/yahoo_pipeline.py
[2026-06-27T00:20:06.707+0000] {processor.py:829} INFO - Processing file /opt/airflow/dags/yahoo_pipeline.py for tasks to queue
[2026-06-27T00:20:06.716+0000] {logging_mixin.py:151} INFO - [2026-06-27T00:20:06.715+0000] {dagbag.py:539} INFO - Filling up the DagBag from /opt/airflow/dags/yahoo_pipeline.py
[2026-06-27T00:20:07.282+0000] {processor.py:839} INFO - DAG(s) dict_keys(['yahoo_pipeline']) retrieved from /opt/airflow/dags/yahoo_pipeline.py
[2026-06-27T00:20:07.311+0000] {logging_mixin.py:151} INFO - [2026-06-27T00:20:07.310+0000] {dag.py:2915} INFO - Sync 1 DAGs
[2026-06-27T00:20:07.350+0000] {processor.py:179} INFO - Processing /opt/airflow/dags/yahoo_pipeline.py took 0.659 seconds
[2026-06-27T00:20:37.593+0000] {processor.py:157} INFO - Started process (PID=84) to work on /opt/airflow/dags/yahoo_pipeline.py
[2026-06-27T00:20:37.597+0000] {processor.py:829} INFO - Processing file /opt/airflow/dags/yahoo_pipeline.py for tasks to queue
[2026-06-27T00:20:37.605+0000] {logging_mixin.py:151} INFO - [2026-06-27T00:20:37.604+0000] {dagbag.py:539} INFO - Filling up the DagBag from /opt/airflow/dags/yahoo_pipeline.py
[2026-06-27T00:20:38.099+0000] {processor.py:839} INFO - DAG(s) dict_keys(['yahoo_pipeline']) retrieved from /opt/airflow/dags/yahoo_pipeline.py
[2026-06-27T00:20:38.131+0000] {logging_mixin.py:151} INFO - [2026-06-27T00:20:38.130+0000] {dag.py:2915} INFO - Sync 1 DAGs
[2026-06-27T00:20:38.174+0000] {processor.py:179} INFO - Processing /opt/airflow/dags/yahoo_pipeline.py took 0.593 seconds
[2026-06-27T00:21:08.381+0000] {processor.py:157} INFO - Started process (PID=90) to work on /opt/airflow/dags/yahoo_pipeline.py
[2026-06-27T00:21:08.382+0000] {processor.py:829} INFO - Processing file /opt/airflow/dags/yahoo_pipeline.py for tasks to queue
[2026-06-27T00:21:08.385+0000] {logging_mixin.py:151} INFO - [2026-06-27T00:21:08.385+0000] {dagbag.py:539} INFO - Filling up the DagBag from /opt/airflow/dags/yahoo_pipeline.py
[2026-06-27T00:21:08.894+0000] {processor.py:839} INFO - DAG(s) dict_keys(['yahoo_pipeline']) retrieved from /opt/airflow/dags/yahoo_pipeline.py
[2026-06-27T00:21:08.922+0000] {logging_mixin.py:151} INFO - [2026-06-27T00:21:08.922+0000] {dag.py:2915} INFO - Sync 1 DAGs
[2026-06-27T00:21:08.964+0000] {processor.py:179} INFO - Processing /opt/airflow/dags/yahoo_pipeline.py took 0.588 seconds
[2026-06-27T00:21:39.245+0000] {processor.py:157} INFO - Started process (PID=92) to work on /opt/airflow/dags/yahoo_pipeline.py
[2026-06-27T00:21:39.248+0000] {processor.py:829} INFO - Processing file /opt/airflow/dags/yahoo_pipeline.py for tasks to queue
[2026-06-27T00:21:39.256+0000] {logging_mixin.py:151} INFO - [2026-06-27T00:21:39.255+0000] {dagbag.py:539} INFO - Filling up the DagBag from /opt/airflow/dags/yahoo_pipeline.py
[2026-06-27T00:21:39.831+0000] {processor.py:839} INFO - DAG(s) dict_keys(['yahoo_pipeline']) retrieved from /opt/airflow/dags/yahoo_pipeline.py
[2026-06-27T00:21:39.856+0000] {logging_mixin.py:151} INFO - [2026-06-27T00:21:39.855+0000] {dag.py:2915} INFO - Sync 1 DAGs
[2026-06-27T00:21:39.893+0000] {processor.py:179} INFO - Processing /opt/airflow/dags/yahoo_pipeline.py took 0.663 seconds
[2026-06-27T00:22:10.067+0000] {processor.py:157} INFO - Started process (PID=98) to work on /opt/airflow/dags/yahoo_pipeline.py
[2026-06-27T00:22:10.068+0000] {processor.py:829} INFO - Processing file /opt/airflow/dags/yahoo_pipeline.py for tasks to queue
[2026-06-27T00:22:10.072+0000] {logging_mixin.py:151} INFO - [2026-06-27T00:22:10.071+0000] {dagbag.py:539} INFO - Filling up the DagBag from /opt/airflow/dags/yahoo_pipeline.py
[2026-06-27T00:22:10.707+0000] {processor.py:839} INFO - DAG(s) dict_keys(['yahoo_pipeline']) retrieved from /opt/airflow/dags/yahoo_pipeline.py
[2026-06-27T00:22:10.734+0000] {logging_mixin.py:151} INFO - [2026-06-27T00:22:10.734+0000] {dag.py:2915} INFO - Sync 1 DAGs
[2026-06-27T00:22:10.778+0000] {processor.py:179} INFO - Processing /opt/airflow/dags/yahoo_pipeline.py took 0.717 seconds
[2026-06-27T00:22:41.089+0000] {processor.py:157} INFO - Started process (PID=100) to work on /opt/airflow/dags/yahoo_pipeline.py
[2026-06-27T00:22:41.094+0000] {processor.py:829} INFO - Processing file /opt/airflow/dags/yahoo_pipeline.py for tasks to queue
[2026-06-27T00:22:41.100+0000] {logging_mixin.py:151} INFO - [2026-06-27T00:22:41.099+0000] {dagbag.py:539} INFO - Filling up the DagBag from /opt/airflow/dags/yahoo_pipeline.py
[2026-06-27T00:22:41.554+0000] {processor.py:839} INFO - DAG(s) dict_keys(['yahoo_pipeline']) retrieved from /opt/airflow/dags/yahoo_pipeline.py
[2026-06-27T00:22:41.593+0000] {logging_mixin.py:151} INFO - [2026-06-27T00:22:41.593+0000] {dag.py:2915} INFO - Sync 1 DAGs
[2026-06-27T00:22:41.625+0000] {logging_mixin.py:151} INFO - [2026-06-27T00:22:41.625+0000] {dag.py:3696} INFO - Setting next_dagrun for yahoo_pipeline to 2026-06-27T00:20:00+00:00, run_after=2026-06-27T00:25:00+00:00
[2026-06-27T00:22:41.655+0000] {processor.py:179} INFO - Processing /opt/airflow/dags/yahoo_pipeline.py took 0.595 seconds
[2026-06-27T00:23:11.956+0000] {processor.py:157} INFO - Started process (PID=102) to work on /opt/airflow/dags/yahoo_pipeline.py
[2026-06-27T00:23:11.958+0000] {processor.py:829} INFO - Processing file /opt/airflow/dags/yahoo_pipeline.py for tasks to queue
[2026-06-27T00:23:11.965+0000] {logging_mixin.py:151} INFO - [2026-06-27T00:23:11.965+0000] {dagbag.py:539} INFO - Filling up the DagBag from /opt/airflow/dags/yahoo_pipeline.py
[2026-06-27T00:23:12.588+0000] {processor.py:839} INFO - DAG(s) dict_keys(['yahoo_pipeline']) retrieved from /opt/airflow/dags/yahoo_pipeline.py
[2026-06-27T00:23:12.630+0000] {logging_mixin.py:151} INFO - [2026-06-27T00:23:12.630+0000] {dag.py:2915} INFO - Sync 1 DAGs
[2026-06-27T00:23:12.660+0000] {logging_mixin.py:151} INFO - [2026-06-27T00:23:12.659+0000] {dag.py:3696} INFO - Setting next_dagrun for yahoo_pipeline to 2026-06-27T00:20:00+00:00, run_after=2026-06-27T00:25:00+00:00
[2026-06-27T00:23:12.892+0000] {processor.py:179} INFO - Processing /opt/airflow/dags/yahoo_pipeline.py took 0.942 seconds
[2026-06-27T00:23:43.212+0000] {processor.py:157} INFO - Started process (PID=104) to work on /opt/airflow/dags/yahoo_pipeline.py
[2026-06-27T00:23:43.222+0000] {processor.py:829} INFO - Processing file /opt/airflow/dags/yahoo_pipeline.py for tasks to queue
[2026-06-27T00:23:43.229+0000] {logging_mixin.py:151} INFO - [2026-06-27T00:23:43.229+0000] {dagbag.py:539} INFO - Filling up the DagBag from /opt/airflow/dags/yahoo_pipeline.py
[2026-06-27T00:23:43.782+0000] {processor.py:839} INFO - DAG(s) dict_keys(['yahoo_pipeline']) retrieved from /opt/airflow/dags/yahoo_pipeline.py
[2026-06-27T00:23:43.840+0000] {logging_mixin.py:151} INFO - [2026-06-27T00:23:43.840+0000] {dag.py:2915} INFO - Sync 1 DAGs
[2026-06-27T00:23:43.890+0000] {logging_mixin.py:151} INFO - [2026-06-27T00:23:43.889+0000] {dag.py:3696} INFO - Setting next_dagrun for yahoo_pipeline to 2026-06-27T00:20:00+00:00, run_after=2026-06-27T00:25:00+00:00
[2026-06-27T00:23:43.915+0000] {processor.py:179} INFO - Processing /opt/airflow/dags/yahoo_pipeline.py took 0.728 seconds
[2026-06-27T00:24:07.106+0000] {processor.py:157} INFO - Started process (PID=106) to work on /opt/airflow/dags/yahoo_pipeline.py
[2026-06-27T00:24:07.107+0000] {processor.py:829} INFO - Processing file /opt/airflow/dags/yahoo_pipeline.py for tasks to queue
[2026-06-27T00:24:07.110+0000] {logging_mixin.py:151} INFO - [2026-06-27T00:24:07.110+0000] {dagbag.py:539} INFO - Filling up the DagBag from /opt/airflow/dags/yahoo_pipeline.py
[2026-06-27T00:24:07.985+0000] {processor.py:839} INFO - DAG(s) dict_keys(['yahoo_pipeline']) retrieved from /opt/airflow/dags/yahoo_pipeline.py
[2026-06-27T00:24:08.302+0000] {logging_mixin.py:151} INFO - [2026-06-27T00:24:08.301+0000] {dag.py:2915} INFO - Sync 1 DAGs
[2026-06-27T00:24:08.362+0000] {logging_mixin.py:151} INFO - [2026-06-27T00:24:08.362+0000] {dag.py:3696} INFO - Setting next_dagrun for yahoo_pipeline to 2026-06-27T00:20:00+00:00, run_after=2026-06-27T00:25:00+00:00
[2026-06-27T00:24:08.403+0000] {processor.py:179} INFO - Processing /opt/airflow/dags/yahoo_pipeline.py took 1.306 seconds
[2026-06-27T00:24:41.894+0000] {processor.py:157} INFO - Started process (PID=25) to work on /opt/airflow/dags/yahoo_pipeline.py
[2026-06-27T00:24:41.897+0000] {processor.py:829} INFO - Processing file /opt/airflow/dags/yahoo_pipeline.py for tasks to queue
[2026-06-27T00:24:41.900+0000] {logging_mixin.py:151} INFO - [2026-06-27T00:24:41.900+0000] {dagbag.py:539} INFO - Filling up the DagBag from /opt/airflow/dags/yahoo_pipeline.py
[2026-06-27T00:24:42.863+0000] {processor.py:839} INFO - DAG(s) dict_keys(['yahoo_pipeline']) retrieved from /opt/airflow/dags/yahoo_pipeline.py
[2026-06-27T00:24:43.006+0000] {logging_mixin.py:151} INFO - [2026-06-27T00:24:43.005+0000] {dag.py:2915} INFO - Sync 1 DAGs
[2026-06-27T00:24:43.073+0000] {logging_mixin.py:151} INFO - [2026-06-27T00:24:43.073+0000] {dag.py:3696} INFO - Setting next_dagrun for yahoo_pipeline to 2026-06-27T00:20:00+00:00, run_after=2026-06-27T00:25:00+00:00
[2026-06-27T00:24:43.119+0000] {processor.py:179} INFO - Processing /opt/airflow/dags/yahoo_pipeline.py took 1.244 seconds
[2026-06-27T00:25:13.410+0000] {processor.py:157} INFO - Started process (PID=27) to work on /opt/airflow/dags/yahoo_pipeline.py
[2026-06-27T00:25:13.416+0000] {processor.py:829} INFO - Processing file /opt/airflow/dags/yahoo_pipeline.py for tasks to queue
[2026-06-27T00:25:13.424+0000] {logging_mixin.py:151} INFO - [2026-06-27T00:25:13.423+0000] {dagbag.py:539} INFO - Filling up the DagBag from /opt/airflow/dags/yahoo_pipeline.py
[2026-06-27T00:25:13.961+0000] {processor.py:839} INFO - DAG(s) dict_keys(['yahoo_pipeline']) retrieved from /opt/airflow/dags/yahoo_pipeline.py
[2026-06-27T00:25:13.984+0000] {logging_mixin.py:151} INFO - [2026-06-27T00:25:13.984+0000] {dag.py:2915} INFO - Sync 1 DAGs
[2026-06-27T00:25:14.027+0000] {processor.py:179} INFO - Processing /opt/airflow/dags/yahoo_pipeline.py took 0.633 seconds
[2026-06-27T00:25:44.329+0000] {processor.py:157} INFO - Started process (PID=29) to work on /opt/airflow/dags/yahoo_pipeline.py
[2026-06-27T00:25:44.335+0000] {processor.py:829} INFO - Processing file /opt/airflow/dags/yahoo_pipeline.py for tasks to queue
[2026-06-27T00:25:44.343+0000] {logging_mixin.py:151} INFO - [2026-06-27T00:25:44.342+0000] {dagbag.py:539} INFO - Filling up the DagBag from /opt/airflow/dags/yahoo_pipeline.py
[2026-06-27T00:25:44.965+0000] {processor.py:839} INFO - DAG(s) dict_keys(['yahoo_pipeline']) retrieved from /opt/airflow/dags/yahoo_pipeline.py
[2026-06-27T00:25:44.989+0000] {logging_mixin.py:151} INFO - [2026-06-27T00:25:44.988+0000] {dag.py:2915} INFO - Sync 1 DAGs
[2026-06-27T00:25:45.030+0000] {processor.py:179} INFO - Processing /opt/airflow/dags/yahoo_pipeline.py took 0.715 seconds
[2026-06-27T00:26:15.543+0000] {processor.py:157} INFO - Started process (PID=31) to work on /opt/airflow/dags/yahoo_pipeline.py
[2026-06-27T00:26:15.543+0000] {processor.py:829} INFO - Processing file /opt/airflow/dags/yahoo_pipeline.py for tasks to queue
[2026-06-27T00:26:15.546+0000] {logging_mixin.py:151} INFO - [2026-06-27T00:26:15.545+0000] {dagbag.py:539} INFO - Filling up the DagBag from /opt/airflow/dags/yahoo_pipeline.py
[2026-06-27T00:26:15.923+0000] {processor.py:839} INFO - DAG(s) dict_keys(['yahoo_pipeline']) retrieved from /opt/airflow/dags/yahoo_pipeline.py
[2026-06-27T00:26:15.948+0000] {logging_mixin.py:151} INFO - [2026-06-27T00:26:15.948+0000] {dag.py:2915} INFO - Sync 1 DAGs
[2026-06-27T00:26:15.988+0000] {processor.py:179} INFO - Processing /opt/airflow/dags/yahoo_pipeline.py took 0.449 seconds
[2026-06-27T00:26:46.157+0000] {processor.py:157} INFO - Started process (PID=33) to work on /opt/airflow/dags/yahoo_pipeline.py
[2026-06-27T00:26:46.161+0000] {processor.py:829} INFO - Processing file /opt/airflow/dags/yahoo_pipeline.py for tasks to queue
[2026-06-27T00:26:46.169+0000] {logging_mixin.py:151} INFO - [2026-06-27T00:26:46.167+0000] {dagbag.py:539} INFO - Filling up the DagBag from /opt/airflow/dags/yahoo_pipeline.py
[2026-06-27T00:26:46.620+0000] {processor.py:839} INFO - DAG(s) dict_keys(['yahoo_pipeline']) retrieved from /opt/airflow/dags/yahoo_pipeline.py
[2026-06-27T00:26:46.647+0000] {logging_mixin.py:151} INFO - [2026-06-27T00:26:46.647+0000] {dag.py:2915} INFO - Sync 1 DAGs
[2026-06-27T00:26:46.686+0000] {processor.py:179} INFO - Processing /opt/airflow/dags/yahoo_pipeline.py took 0.542 seconds
[2026-06-27T00:27:16.934+0000] {processor.py:157} INFO - Started process (PID=35) to work on /opt/airflow/dags/yahoo_pipeline.py
[2026-06-27T00:27:16.935+0000] {processor.py:829} INFO - Processing file /opt/airflow/dags/yahoo_pipeline.py for tasks to queue
[2026-06-27T00:27:16.938+0000] {logging_mixin.py:151} INFO - [2026-06-27T00:27:16.938+0000] {dagbag.py:539} INFO - Filling up the DagBag from /opt/airflow/dags/yahoo_pipeline.py
[2026-06-27T00:27:17.316+0000] {processor.py:839} INFO - DAG(s) dict_keys(['yahoo_pipeline']) retrieved from /opt/airflow/dags/yahoo_pipeline.py
[2026-06-27T00:27:17.344+0000] {logging_mixin.py:151} INFO - [2026-06-27T00:27:17.343+0000] {dag.py:2915} INFO - Sync 1 DAGs
[2026-06-27T00:27:17.381+0000] {processor.py:179} INFO - Processing /opt/airflow/dags/yahoo_pipeline.py took 0.452 seconds
[2026-06-27T00:27:47.725+0000] {processor.py:157} INFO - Started process (PID=37) to work on /opt/airflow/dags/yahoo_pipeline.py
[2026-06-27T00:27:47.730+0000] {processor.py:829} INFO - Processing file /opt/airflow/dags/yahoo_pipeline.py for tasks to queue
[2026-06-27T00:27:47.740+0000] {logging_mixin.py:151} INFO - [2026-06-27T00:27:47.738+0000] {dagbag.py:539} INFO - Filling up the DagBag from /opt/airflow/dags/yahoo_pipeline.py
[2026-06-27T00:27:48.183+0000] {processor.py:839} INFO - DAG(s) dict_keys(['yahoo_pipeline']) retrieved from /opt/airflow/dags/yahoo_pipeline.py
[2026-06-27T00:27:48.209+0000] {logging_mixin.py:151} INFO - [2026-06-27T00:27:48.209+0000] {dag.py:2915} INFO - Sync 1 DAGs
[2026-06-27T00:27:48.247+0000] {processor.py:179} INFO - Processing /opt/airflow/dags/yahoo_pipeline.py took 0.536 seconds
[2026-06-27T00:28:18.501+0000] {processor.py:157} INFO - Started process (PID=39) to work on /opt/airflow/dags/yahoo_pipeline.py
[2026-06-27T00:28:18.504+0000] {processor.py:829} INFO - Processing file /opt/airflow/dags/yahoo_pipeline.py for tasks to queue
[2026-06-27T00:28:18.510+0000] {logging_mixin.py:151} INFO - [2026-06-27T00:28:18.509+0000] {dagbag.py:539} INFO - Filling up the DagBag from /opt/airflow/dags/yahoo_pipeline.py
[2026-06-27T00:28:18.941+0000] {processor.py:839} INFO - DAG(s) dict_keys(['yahoo_pipeline']) retrieved from /opt/airflow/dags/yahoo_pipeline.py
[2026-06-27T00:28:18.968+0000] {logging_mixin.py:151} INFO - [2026-06-27T00:28:18.968+0000] {dag.py:2915} INFO - Sync 1 DAGs
[2026-06-27T00:28:19.013+0000] {processor.py:179} INFO - Processing /opt/airflow/dags/yahoo_pipeline.py took 0.526 seconds
[2026-06-27T00:28:49.260+0000] {processor.py:157} INFO - Started process (PID=41) to work on /opt/airflow/dags/yahoo_pipeline.py
[2026-06-27T00:28:49.265+0000] {processor.py:829} INFO - Processing file /opt/airflow/dags/yahoo_pipeline.py for tasks to queue
[2026-06-27T00:28:49.274+0000] {logging_mixin.py:151} INFO - [2026-06-27T00:28:49.273+0000] {dagbag.py:539} INFO - Filling up the DagBag from /opt/airflow/dags/yahoo_pipeline.py
[2026-06-27T00:28:49.991+0000] {processor.py:839} INFO - DAG(s) dict_keys(['yahoo_pipeline']) retrieved from /opt/airflow/dags/yahoo_pipeline.py
[2026-06-27T00:28:50.029+0000] {logging_mixin.py:151} INFO - [2026-06-27T00:28:50.028+0000] {dag.py:2915} INFO - Sync 1 DAGs
[2026-06-27T00:28:50.075+0000] {processor.py:179} INFO - Processing /opt/airflow/dags/yahoo_pipeline.py took 0.829 seconds
[2026-06-27T00:29:20.276+0000] {processor.py:157} INFO - Started process (PID=43) to work on /opt/airflow/dags/yahoo_pipeline.py
[2026-06-27T00:29:20.277+0000] {processor.py:829} INFO - Processing file /opt/airflow/dags/yahoo_pipeline.py for tasks to queue
[2026-06-27T00:29:20.280+0000] {logging_mixin.py:151} INFO - [2026-06-27T00:29:20.280+0000] {dagbag.py:539} INFO - Filling up the DagBag from /opt/airflow/dags/yahoo_pipeline.py
[2026-06-27T00:29:20.783+0000] {processor.py:839} INFO - DAG(s) dict_keys(['yahoo_pipeline']) retrieved from /opt/airflow/dags/yahoo_pipeline.py
[2026-06-27T00:29:20.810+0000] {logging_mixin.py:151} INFO - [2026-06-27T00:29:20.809+0000] {dag.py:2915} INFO - Sync 1 DAGs
[2026-06-27T00:29:20.846+0000] {processor.py:179} INFO - Processing /opt/airflow/dags/yahoo_pipeline.py took 0.575 seconds
[2026-06-27T00:29:51.149+0000] {processor.py:157} INFO - Started process (PID=45) to work on /opt/airflow/dags/yahoo_pipeline.py
[2026-06-27T00:29:51.152+0000] {processor.py:829} INFO - Processing file /opt/airflow/dags/yahoo_pipeline.py for tasks to queue
[2026-06-27T00:29:51.160+0000] {logging_mixin.py:151} INFO - [2026-06-27T00:29:51.159+0000] {dagbag.py:539} INFO - Filling up the DagBag from /opt/airflow/dags/yahoo_pipeline.py
[2026-06-27T00:29:51.759+0000] {processor.py:839} INFO - DAG(s) dict_keys(['yahoo_pipeline']) retrieved from /opt/airflow/dags/yahoo_pipeline.py
[2026-06-27T00:29:51.790+0000] {logging_mixin.py:151} INFO - [2026-06-27T00:29:51.790+0000] {dag.py:2915} INFO - Sync 1 DAGs
[2026-06-27T00:29:51.835+0000] {processor.py:179} INFO - Processing /opt/airflow/dags/yahoo_pipeline.py took 0.694 seconds
[2026-06-27T00:30:22.056+0000] {processor.py:157} INFO - Started process (PID=47) to work on /opt/airflow/dags/yahoo_pipeline.py
[2026-06-27T00:30:22.057+0000] {processor.py:829} INFO - Processing file /opt/airflow/dags/yahoo_pipeline.py for tasks to queue
[2026-06-27T00:30:22.059+0000] {logging_mixin.py:151} INFO - [2026-06-27T00:30:22.059+0000] {dagbag.py:539} INFO - Filling up the DagBag from /opt/airflow/dags/yahoo_pipeline.py
[2026-06-27T00:30:22.471+0000] {processor.py:839} INFO - DAG(s) dict_keys(['yahoo_pipeline']) retrieved from /opt/airflow/dags/yahoo_pipeline.py
[2026-06-27T00:30:22.497+0000] {logging_mixin.py:151} INFO - [2026-06-27T00:30:22.496+0000] {dag.py:2915} INFO - Sync 1 DAGs
[2026-06-27T00:30:22.537+0000] {processor.py:179} INFO - Processing /opt/airflow/dags/yahoo_pipeline.py took 0.485 seconds
[2026-06-27T00:30:52.688+0000] {processor.py:157} INFO - Started process (PID=49) to work on /opt/airflow/dags/yahoo_pipeline.py
[2026-06-27T00:30:52.689+0000] {processor.py:829} INFO - Processing file /opt/airflow/dags/yahoo_pipeline.py for tasks to queue
[2026-06-27T00:30:52.692+0000] {logging_mixin.py:151} INFO - [2026-06-27T00:30:52.691+0000] {dagbag.py:539} INFO - Filling up the DagBag from /opt/airflow/dags/yahoo_pipeline.py
[2026-06-27T00:30:53.092+0000] {processor.py:839} INFO - DAG(s) dict_keys(['yahoo_pipeline']) retrieved from /opt/airflow/dags/yahoo_pipeline.py
[2026-06-27T00:30:53.120+0000] {logging_mixin.py:151} INFO - [2026-06-27T00:30:53.120+0000] {dag.py:2915} INFO - Sync 1 DAGs
[2026-06-27T00:30:53.163+0000] {processor.py:179} INFO - Processing /opt/airflow/dags/yahoo_pipeline.py took 0.478 seconds
[2026-06-27T00:31:23.316+0000] {processor.py:157} INFO - Started process (PID=51) to work on /opt/airflow/dags/yahoo_pipeline.py
[2026-06-27T00:31:23.317+0000] {processor.py:829} INFO - Processing file /opt/airflow/dags/yahoo_pipeline.py for tasks to queue
[2026-06-27T00:31:23.321+0000] {logging_mixin.py:151} INFO - [2026-06-27T00:31:23.320+0000] {dagbag.py:539} INFO - Filling up the DagBag from /opt/airflow/dags/yahoo_pipeline.py
[2026-06-27T00:31:23.765+0000] {processor.py:839} INFO - DAG(s) dict_keys(['yahoo_pipeline']) retrieved from /opt/airflow/dags/yahoo_pipeline.py
[2026-06-27T00:31:23.793+0000] {logging_mixin.py:151} INFO - [2026-06-27T00:31:23.793+0000] {dag.py:2915} INFO - Sync 1 DAGs
[2026-06-27T00:31:23.833+0000] {processor.py:179} INFO - Processing /opt/airflow/dags/yahoo_pipeline.py took 0.521 seconds
[2026-06-27T00:31:54.059+0000] {processor.py:157} INFO - Started process (PID=53) to work on /opt/airflow/dags/yahoo_pipeline.py
[2026-06-27T00:31:54.062+0000] {processor.py:829} INFO - Processing file /opt/airflow/dags/yahoo_pipeline.py for tasks to queue
[2026-06-27T00:31:54.070+0000] {logging_mixin.py:151} INFO - [2026-06-27T00:31:54.068+0000] {dagbag.py:539} INFO - Filling up the DagBag from /opt/airflow/dags/yahoo_pipeline.py
[2026-06-27T00:31:54.517+0000] {processor.py:839} INFO - DAG(s) dict_keys(['yahoo_pipeline']) retrieved from /opt/airflow/dags/yahoo_pipeline.py
[2026-06-27T00:31:54.542+0000] {logging_mixin.py:151} INFO - [2026-06-27T00:31:54.542+0000] {dag.py:2915} INFO - Sync 1 DAGs
[2026-06-27T00:31:54.580+0000] {processor.py:179} INFO - Processing /opt/airflow/dags/yahoo_pipeline.py took 0.535 seconds
[2026-06-27T00:32:24.626+0000] {processor.py:157} INFO - Started process (PID=55) to work on /opt/airflow/dags/yahoo_pipeline.py
[2026-06-27T00:32:24.627+0000] {processor.py:829} INFO - Processing file /opt/airflow/dags/yahoo_pipeline.py for tasks to queue
[2026-06-27T00:32:24.629+0000] {logging_mixin.py:151} INFO - [2026-06-27T00:32:24.629+0000] {dagbag.py:539} INFO - Filling up the DagBag from /opt/airflow/dags/yahoo_pipeline.py
[2026-06-27T00:32:25.114+0000] {processor.py:839} INFO - DAG(s) dict_keys(['yahoo_pipeline']) retrieved from /opt/airflow/dags/yahoo_pipeline.py
[2026-06-27T00:32:25.148+0000] {logging_mixin.py:151} INFO - [2026-06-27T00:32:25.147+0000] {dag.py:2915} INFO - Sync 1 DAGs
[2026-06-27T00:32:25.202+0000] {processor.py:179} INFO - Processing /opt/airflow/dags/yahoo_pipeline.py took 0.580 seconds
[2026-06-27T00:32:55.360+0000] {processor.py:157} INFO - Started process (PID=57) to work on /opt/airflow/dags/yahoo_pipeline.py
[2026-06-27T00:32:55.361+0000] {processor.py:829} INFO - Processing file /opt/airflow/dags/yahoo_pipeline.py for tasks to queue
[2026-06-27T00:32:55.365+0000] {logging_mixin.py:151} INFO - [2026-06-27T00:32:55.364+0000] {dagbag.py:539} INFO - Filling up the DagBag from /opt/airflow/dags/yahoo_pipeline.py
[2026-06-27T00:32:55.910+0000] {processor.py:839} INFO - DAG(s) dict_keys(['yahoo_pipeline']) retrieved from /opt/airflow/dags/yahoo_pipeline.py
[2026-06-27T00:32:55.938+0000] {logging_mixin.py:151} INFO - [2026-06-27T00:32:55.937+0000] {dag.py:2915} INFO - Sync 1 DAGs
[2026-06-27T00:32:55.976+0000] {processor.py:179} INFO - Processing /opt/airflow/dags/yahoo_pipeline.py took 0.622 seconds
[2026-06-27T00:33:26.090+0000] {processor.py:157} INFO - Started process (PID=59) to work on /opt/airflow/dags/yahoo_pipeline.py
[2026-06-27T00:33:26.091+0000] {processor.py:829} INFO - Processing file /opt/airflow/dags/yahoo_pipeline.py for tasks to queue
[2026-06-27T00:33:26.093+0000] {logging_mixin.py:151} INFO - [2026-06-27T00:33:26.093+0000] {dagbag.py:539} INFO - Filling up the DagBag from /opt/airflow/dags/yahoo_pipeline.py
[2026-06-27T00:33:26.668+0000] {processor.py:839} INFO - DAG(s) dict_keys(['yahoo_pipeline']) retrieved from /opt/airflow/dags/yahoo_pipeline.py
[2026-06-27T00:33:26.703+0000] {logging_mixin.py:151} INFO - [2026-06-27T00:33:26.702+0000] {dag.py:2915} INFO - Sync 1 DAGs
[2026-06-27T00:33:26.755+0000] {processor.py:179} INFO - Processing /opt/airflow/dags/yahoo_pipeline.py took 0.668 seconds
[2026-06-27T00:33:56.924+0000] {processor.py:157} INFO - Started process (PID=61) to work on /opt/airflow/dags/yahoo_pipeline.py
[2026-06-27T00:33:56.927+0000] {processor.py:829} INFO - Processing file /opt/airflow/dags/yahoo_pipeline.py for tasks to queue
[2026-06-27T00:33:56.932+0000] {logging_mixin.py:151} INFO - [2026-06-27T00:33:56.931+0000] {dagbag.py:539} INFO - Filling up the DagBag from /opt/airflow/dags/yahoo_pipeline.py
[2026-06-27T00:33:57.495+0000] {processor.py:839} INFO - DAG(s) dict_keys(['yahoo_pipeline']) retrieved from /opt/airflow/dags/yahoo_pipeline.py
[2026-06-27T00:33:57.530+0000] {logging_mixin.py:151} INFO - [2026-06-27T00:33:57.529+0000] {dag.py:2915} INFO - Sync 1 DAGs
[2026-06-27T00:33:57.582+0000] {processor.py:179} INFO - Processing /opt/airflow/dags/yahoo_pipeline.py took 0.664 seconds
[2026-06-27T00:34:27.716+0000] {processor.py:157} INFO - Started process (PID=63) to work on /opt/airflow/dags/yahoo_pipeline.py
[2026-06-27T00:34:27.718+0000] {processor.py:829} INFO - Processing file /opt/airflow/dags/yahoo_pipeline.py for tasks to queue
[2026-06-27T00:34:27.721+0000] {logging_mixin.py:151} INFO - [2026-06-27T00:34:27.720+0000] {dagbag.py:539} INFO - Filling up the DagBag from /opt/airflow/dags/yahoo_pipeline.py
[2026-06-27T00:34:28.188+0000] {processor.py:839} INFO - DAG(s) dict_keys(['yahoo_pipeline']) retrieved from /opt/airflow/dags/yahoo_pipeline.py
[2026-06-27T00:34:28.215+0000] {logging_mixin.py:151} INFO - [2026-06-27T00:34:28.215+0000] {dag.py:2915} INFO - Sync 1 DAGs
[2026-06-27T00:34:28.258+0000] {processor.py:179} INFO - Processing /opt/airflow/dags/yahoo_pipeline.py took 0.546 seconds
[2026-06-27T00:34:58.412+0000] {processor.py:157} INFO - Started process (PID=65) to work on /opt/airflow/dags/yahoo_pipeline.py
[2026-06-27T00:34:58.414+0000] {processor.py:829} INFO - Processing file /opt/airflow/dags/yahoo_pipeline.py for tasks to queue
[2026-06-27T00:34:58.416+0000] {logging_mixin.py:151} INFO - [2026-06-27T00:34:58.416+0000] {dagbag.py:539} INFO - Filling up the DagBag from /opt/airflow/dags/yahoo_pipeline.py
[2026-06-27T00:34:58.880+0000] {processor.py:839} INFO - DAG(s) dict_keys(['yahoo_pipeline']) retrieved from /opt/airflow/dags/yahoo_pipeline.py
[2026-06-27T00:34:58.912+0000] {logging_mixin.py:151} INFO - [2026-06-27T00:34:58.911+0000] {dag.py:2915} INFO - Sync 1 DAGs
[2026-06-27T00:34:58.968+0000] {processor.py:179} INFO - Processing /opt/airflow/dags/yahoo_pipeline.py took 0.560 seconds
[2026-06-27T00:35:29.099+0000] {processor.py:157} INFO - Started process (PID=67) to work on /opt/airflow/dags/yahoo_pipeline.py
[2026-06-27T00:35:29.101+0000] {processor.py:829} INFO - Processing file /opt/airflow/dags/yahoo_pipeline.py for tasks to queue
[2026-06-27T00:35:29.103+0000] {logging_mixin.py:151} INFO - [2026-06-27T00:35:29.103+0000] {dagbag.py:539} INFO - Filling up the DagBag from /opt/airflow/dags/yahoo_pipeline.py
[2026-06-27T00:35:29.554+0000] {processor.py:839} INFO - DAG(s) dict_keys(['yahoo_pipeline']) retrieved from /opt/airflow/dags/yahoo_pipeline.py
[2026-06-27T00:35:29.582+0000] {logging_mixin.py:151} INFO - [2026-06-27T00:35:29.582+0000] {dag.py:2915} INFO - Sync 1 DAGs
[2026-06-27T00:35:29.623+0000] {processor.py:179} INFO - Processing /opt/airflow/dags/yahoo_pipeline.py took 0.528 seconds
[2026-06-27T00:35:59.768+0000] {processor.py:157} INFO - Started process (PID=69) to work on /opt/airflow/dags/yahoo_pipeline.py
[2026-06-27T00:35:59.770+0000] {processor.py:829} INFO - Processing file /opt/airflow/dags/yahoo_pipeline.py for tasks to queue
[2026-06-27T00:35:59.773+0000] {logging_mixin.py:151} INFO - [2026-06-27T00:35:59.772+0000] {dagbag.py:539} INFO - Filling up the DagBag from /opt/airflow/dags/yahoo_pipeline.py
[2026-06-27T00:36:00.249+0000] {processor.py:839} INFO - DAG(s) dict_keys(['yahoo_pipeline']) retrieved from /opt/airflow/dags/yahoo_pipeline.py
[2026-06-27T00:36:00.286+0000] {logging_mixin.py:151} INFO - [2026-06-27T00:36:00.285+0000] {dag.py:2915} INFO - Sync 1 DAGs
[2026-06-27T00:36:00.335+0000] {processor.py:179} INFO - Processing /opt/airflow/dags/yahoo_pipeline.py took 0.571 seconds
[2026-06-27T00:36:30.469+0000] {processor.py:157} INFO - Started process (PID=71) to work on /opt/airflow/dags/yahoo_pipeline.py
[2026-06-27T00:36:30.470+0000] {processor.py:829} INFO - Processing file /opt/airflow/dags/yahoo_pipeline.py for tasks to queue
[2026-06-27T00:36:30.473+0000] {logging_mixin.py:151} INFO - [2026-06-27T00:36:30.473+0000] {dagbag.py:539} INFO - Filling up the DagBag from /opt/airflow/dags/yahoo_pipeline.py
[2026-06-27T00:36:31.051+0000] {processor.py:839} INFO - DAG(s) dict_keys(['yahoo_pipeline']) retrieved from /opt/airflow/dags/yahoo_pipeline.py
[2026-06-27T00:36:31.082+0000] {logging_mixin.py:151} INFO - [2026-06-27T00:36:31.082+0000] {dag.py:2915} INFO - Sync 1 DAGs
[2026-06-27T00:36:31.138+0000] {processor.py:179} INFO - Processing /opt/airflow/dags/yahoo_pipeline.py took 0.674 seconds
[2026-06-27T00:37:01.312+0000] {processor.py:157} INFO - Started process (PID=73) to work on /opt/airflow/dags/yahoo_pipeline.py
[2026-06-27T00:37:01.313+0000] {processor.py:829} INFO - Processing file /opt/airflow/dags/yahoo_pipeline.py for tasks to queue
[2026-06-27T00:37:01.316+0000] {logging_mixin.py:151} INFO - [2026-06-27T00:37:01.316+0000] {dagbag.py:539} INFO - Filling up the DagBag from /opt/airflow/dags/yahoo_pipeline.py
[2026-06-27T00:37:01.796+0000] {processor.py:839} INFO - DAG(s) dict_keys(['yahoo_pipeline']) retrieved from /opt/airflow/dags/yahoo_pipeline.py
[2026-06-27T00:37:01.828+0000] {logging_mixin.py:151} INFO - [2026-06-27T00:37:01.827+0000] {dag.py:2915} INFO - Sync 1 DAGs
[2026-06-27T00:37:01.871+0000] {processor.py:179} INFO - Processing /opt/airflow/dags/yahoo_pipeline.py took 0.564 seconds
[2026-06-27T00:37:32.010+0000] {processor.py:157} INFO - Started process (PID=75) to work on /opt/airflow/dags/yahoo_pipeline.py
[2026-06-27T00:37:32.012+0000] {processor.py:829} INFO - Processing file /opt/airflow/dags/yahoo_pipeline.py for tasks to queue
[2026-06-27T00:37:32.016+0000] {logging_mixin.py:151} INFO - [2026-06-27T00:37:32.015+0000] {dagbag.py:539} INFO - Filling up the DagBag from /opt/airflow/dags/yahoo_pipeline.py
[2026-06-27T00:37:32.491+0000] {processor.py:839} INFO - DAG(s) dict_keys(['yahoo_pipeline']) retrieved from /opt/airflow/dags/yahoo_pipeline.py
[2026-06-27T00:37:32.522+0000] {logging_mixin.py:151} INFO - [2026-06-27T00:37:32.521+0000] {dag.py:2915} INFO - Sync 1 DAGs
[2026-06-27T00:37:32.572+0000] {processor.py:179} INFO - Processing /opt/airflow/dags/yahoo_pipeline.py took 0.569 seconds
[2026-06-27T00:38:02.721+0000] {processor.py:157} INFO - Started process (PID=77) to work on /opt/airflow/dags/yahoo_pipeline.py
[2026-06-27T00:38:02.723+0000] {processor.py:829} INFO - Processing file /opt/airflow/dags/yahoo_pipeline.py for tasks to queue
[2026-06-27T00:38:02.726+0000] {logging_mixin.py:151} INFO - [2026-06-27T00:38:02.725+0000] {dagbag.py:539} INFO - Filling up the DagBag from /opt/airflow/dags/yahoo_pipeline.py
[2026-06-27T00:38:03.248+0000] {processor.py:839} INFO - DAG(s) dict_keys(['yahoo_pipeline']) retrieved from /opt/airflow/dags/yahoo_pipeline.py
[2026-06-27T00:38:03.276+0000] {logging_mixin.py:151} INFO - [2026-06-27T00:38:03.276+0000] {dag.py:2915} INFO - Sync 1 DAGs
[2026-06-27T00:38:03.320+0000] {processor.py:179} INFO - Processing /opt/airflow/dags/yahoo_pipeline.py took 0.603 seconds
[2026-06-27T00:38:33.442+0000] {processor.py:157} INFO - Started process (PID=79) to work on /opt/airflow/dags/yahoo_pipeline.py
[2026-06-27T00:38:33.443+0000] {processor.py:829} INFO - Processing file /opt/airflow/dags/yahoo_pipeline.py for tasks to queue
[2026-06-27T00:38:33.446+0000] {logging_mixin.py:151} INFO - [2026-06-27T00:38:33.446+0000] {dagbag.py:539} INFO - Filling up the DagBag from /opt/airflow/dags/yahoo_pipeline.py
[2026-06-27T00:38:33.952+0000] {processor.py:839} INFO - DAG(s) dict_keys(['yahoo_pipeline']) retrieved from /opt/airflow/dags/yahoo_pipeline.py
[2026-06-27T00:38:33.994+0000] {logging_mixin.py:151} INFO - [2026-06-27T00:38:33.993+0000] {dag.py:2915} INFO - Sync 1 DAGs
[2026-06-27T00:38:34.073+0000] {processor.py:179} INFO - Processing /opt/airflow/dags/yahoo_pipeline.py took 0.635 seconds
[2026-06-27T00:39:04.236+0000] {processor.py:157} INFO - Started process (PID=81) to work on /opt/airflow/dags/yahoo_pipeline.py
[2026-06-27T00:39:04.238+0000] {processor.py:829} INFO - Processing file /opt/airflow/dags/yahoo_pipeline.py for tasks to queue
[2026-06-27T00:39:04.241+0000] {logging_mixin.py:151} INFO - [2026-06-27T00:39:04.241+0000] {dagbag.py:539} INFO - Filling up the DagBag from /opt/airflow/dags/yahoo_pipeline.py
[2026-06-27T00:39:04.808+0000] {processor.py:839} INFO - DAG(s) dict_keys(['yahoo_pipeline']) retrieved from /opt/airflow/dags/yahoo_pipeline.py
[2026-06-27T00:39:04.847+0000] {logging_mixin.py:151} INFO - [2026-06-27T00:39:04.846+0000] {dag.py:2915} INFO - Sync 1 DAGs
[2026-06-27T00:39:04.898+0000] {processor.py:179} INFO - Processing /opt/airflow/dags/yahoo_pipeline.py took 0.666 seconds
[2026-06-27T00:43:52.878+0000] {processor.py:157} INFO - Started process (PID=83) to work on /opt/airflow/dags/yahoo_pipeline.py
[2026-06-27T00:43:52.921+0000] {processor.py:829} INFO - Processing file /opt/airflow/dags/yahoo_pipeline.py for tasks to queue
[2026-06-27T00:43:52.941+0000] {logging_mixin.py:151} INFO - [2026-06-27T00:43:52.940+0000] {dagbag.py:539} INFO - Filling up the DagBag from /opt/airflow/dags/yahoo_pipeline.py
[2026-06-27T00:43:56.186+0000] {processor.py:839} INFO - DAG(s) dict_keys(['yahoo_pipeline']) retrieved from /opt/airflow/dags/yahoo_pipeline.py
[2026-06-27T00:43:56.360+0000] {logging_mixin.py:151} INFO - [2026-06-27T00:43:56.357+0000] {dag.py:2915} INFO - Sync 1 DAGs
[2026-06-27T00:43:56.629+0000] {processor.py:179} INFO - Processing /opt/airflow/dags/yahoo_pipeline.py took 3.851 seconds
[2026-06-27T00:44:26.862+0000] {processor.py:157} INFO - Started process (PID=85) to work on /opt/airflow/dags/yahoo_pipeline.py
[2026-06-27T00:44:26.864+0000] {processor.py:829} INFO - Processing file /opt/airflow/dags/yahoo_pipeline.py for tasks to queue
[2026-06-27T00:44:26.869+0000] {logging_mixin.py:151} INFO - [2026-06-27T00:44:26.869+0000] {dagbag.py:539} INFO - Filling up the DagBag from /opt/airflow/dags/yahoo_pipeline.py
[2026-06-27T00:44:27.603+0000] {processor.py:839} INFO - DAG(s) dict_keys(['yahoo_pipeline']) retrieved from /opt/airflow/dags/yahoo_pipeline.py
[2026-06-27T00:44:27.659+0000] {logging_mixin.py:151} INFO - [2026-06-27T00:44:27.658+0000] {dag.py:2915} INFO - Sync 1 DAGs
[2026-06-27T00:44:27.762+0000] {processor.py:179} INFO - Processing /opt/airflow/dags/yahoo_pipeline.py took 0.906 seconds
[2026-06-27T00:44:57.925+0000] {processor.py:157} INFO - Started process (PID=87) to work on /opt/airflow/dags/yahoo_pipeline.py
[2026-06-27T00:44:57.927+0000] {processor.py:829} INFO - Processing file /opt/airflow/dags/yahoo_pipeline.py for tasks to queue
[2026-06-27T00:44:57.931+0000] {logging_mixin.py:151} INFO - [2026-06-27T00:44:57.930+0000] {dagbag.py:539} INFO - Filling up the DagBag from /opt/airflow/dags/yahoo_pipeline.py
[2026-06-27T00:44:58.523+0000] {processor.py:839} INFO - DAG(s) dict_keys(['yahoo_pipeline']) retrieved from /opt/airflow/dags/yahoo_pipeline.py
[2026-06-27T00:44:58.551+0000] {logging_mixin.py:151} INFO - [2026-06-27T00:44:58.550+0000] {dag.py:2915} INFO - Sync 1 DAGs
[2026-06-27T00:44:58.597+0000] {processor.py:179} INFO - Processing /opt/airflow/dags/yahoo_pipeline.py took 0.677 seconds
[2026-06-27T00:45:28.833+0000] {processor.py:157} INFO - Started process (PID=103) to work on /opt/airflow/dags/yahoo_pipeline.py
[2026-06-27T00:45:28.840+0000] {processor.py:829} INFO - Processing file /opt/airflow/dags/yahoo_pipeline.py for tasks to queue
[2026-06-27T00:45:28.847+0000] {logging_mixin.py:151} INFO - [2026-06-27T00:45:28.847+0000] {dagbag.py:539} INFO - Filling up the DagBag from /opt/airflow/dags/yahoo_pipeline.py
[2026-06-27T00:45:29.326+0000] {processor.py:839} INFO - DAG(s) dict_keys(['yahoo_pipeline']) retrieved from /opt/airflow/dags/yahoo_pipeline.py
[2026-06-27T00:45:29.356+0000] {logging_mixin.py:151} INFO - [2026-06-27T00:45:29.356+0000] {dag.py:2915} INFO - Sync 1 DAGs
[2026-06-27T00:45:29.415+0000] {processor.py:179} INFO - Processing /opt/airflow/dags/yahoo_pipeline.py took 0.607 seconds
[2026-06-27T00:45:59.674+0000] {processor.py:157} INFO - Started process (PID=105) to work on /opt/airflow/dags/yahoo_pipeline.py
[2026-06-27T00:45:59.676+0000] {processor.py:829} INFO - Processing file /opt/airflow/dags/yahoo_pipeline.py for tasks to queue
[2026-06-27T00:45:59.678+0000] {logging_mixin.py:151} INFO - [2026-06-27T00:45:59.678+0000] {dagbag.py:539} INFO - Filling up the DagBag from /opt/airflow/dags/yahoo_pipeline.py
[2026-06-27T00:46:00.080+0000] {processor.py:839} INFO - DAG(s) dict_keys(['yahoo_pipeline']) retrieved from /opt/airflow/dags/yahoo_pipeline.py
[2026-06-27T00:46:00.107+0000] {logging_mixin.py:151} INFO - [2026-06-27T00:46:00.106+0000] {dag.py:2915} INFO - Sync 1 DAGs
[2026-06-27T00:46:00.134+0000] {logging_mixin.py:151} INFO - [2026-06-27T00:46:00.134+0000] {dag.py:3696} INFO - Setting next_dagrun for yahoo_pipeline to 2026-06-27T00:45:00+00:00, run_after=2026-06-27T00:50:00+00:00
[2026-06-27T00:46:00.153+0000] {processor.py:179} INFO - Processing /opt/airflow/dags/yahoo_pipeline.py took 0.482 seconds
[2026-06-27T00:46:30.307+0000] {processor.py:157} INFO - Started process (PID=107) to work on /opt/airflow/dags/yahoo_pipeline.py
[2026-06-27T00:46:30.311+0000] {processor.py:829} INFO - Processing file /opt/airflow/dags/yahoo_pipeline.py for tasks to queue
[2026-06-27T00:46:30.319+0000] {logging_mixin.py:151} INFO - [2026-06-27T00:46:30.318+0000] {dagbag.py:539} INFO - Filling up the DagBag from /opt/airflow/dags/yahoo_pipeline.py
[2026-06-27T00:46:30.732+0000] {processor.py:839} INFO - DAG(s) dict_keys(['yahoo_pipeline']) retrieved from /opt/airflow/dags/yahoo_pipeline.py
[2026-06-27T00:46:30.757+0000] {logging_mixin.py:151} INFO - [2026-06-27T00:46:30.757+0000] {dag.py:2915} INFO - Sync 1 DAGs
[2026-06-27T00:46:30.779+0000] {logging_mixin.py:151} INFO - [2026-06-27T00:46:30.778+0000] {dag.py:3696} INFO - Setting next_dagrun for yahoo_pipeline to 2026-06-27T00:45:00+00:00, run_after=2026-06-27T00:50:00+00:00
[2026-06-27T00:46:30.797+0000] {processor.py:179} INFO - Processing /opt/airflow/dags/yahoo_pipeline.py took 0.504 seconds
[2026-06-27T00:47:01.038+0000] {processor.py:157} INFO - Started process (PID=109) to work on /opt/airflow/dags/yahoo_pipeline.py
[2026-06-27T00:47:01.041+0000] {processor.py:829} INFO - Processing file /opt/airflow/dags/yahoo_pipeline.py for tasks to queue
[2026-06-27T00:47:01.045+0000] {logging_mixin.py:151} INFO - [2026-06-27T00:47:01.044+0000] {dagbag.py:539} INFO - Filling up the DagBag from /opt/airflow/dags/yahoo_pipeline.py
[2026-06-27T00:47:01.883+0000] {processor.py:839} INFO - DAG(s) dict_keys(['yahoo_pipeline']) retrieved from /opt/airflow/dags/yahoo_pipeline.py
[2026-06-27T00:47:01.913+0000] {logging_mixin.py:151} INFO - [2026-06-27T00:47:01.912+0000] {dag.py:2915} INFO - Sync 1 DAGs
[2026-06-27T00:47:01.937+0000] {logging_mixin.py:151} INFO - [2026-06-27T00:47:01.937+0000] {dag.py:3696} INFO - Setting next_dagrun for yahoo_pipeline to 2026-06-27T00:45:00+00:00, run_after=2026-06-27T00:50:00+00:00
[2026-06-27T00:47:01.968+0000] {processor.py:179} INFO - Processing /opt/airflow/dags/yahoo_pipeline.py took 0.937 seconds
[2026-06-27T00:47:32.298+0000] {processor.py:157} INFO - Started process (PID=111) to work on /opt/airflow/dags/yahoo_pipeline.py
[2026-06-27T00:47:32.307+0000] {processor.py:829} INFO - Processing file /opt/airflow/dags/yahoo_pipeline.py for tasks to queue
[2026-06-27T00:47:32.324+0000] {logging_mixin.py:151} INFO - [2026-06-27T00:47:32.322+0000] {dagbag.py:539} INFO - Filling up the DagBag from /opt/airflow/dags/yahoo_pipeline.py
[2026-06-27T00:47:32.773+0000] {processor.py:839} INFO - DAG(s) dict_keys(['yahoo_pipeline']) retrieved from /opt/airflow/dags/yahoo_pipeline.py
[2026-06-27T00:47:32.802+0000] {logging_mixin.py:151} INFO - [2026-06-27T00:47:32.801+0000] {dag.py:2915} INFO - Sync 1 DAGs
[2026-06-27T00:47:32.829+0000] {logging_mixin.py:151} INFO - [2026-06-27T00:47:32.829+0000] {dag.py:3696} INFO - Setting next_dagrun for yahoo_pipeline to 2026-06-27T00:45:00+00:00, run_after=2026-06-27T00:50:00+00:00
[2026-06-27T00:47:32.851+0000] {processor.py:179} INFO - Processing /opt/airflow/dags/yahoo_pipeline.py took 0.576 seconds
[2026-06-27T00:48:03.133+0000] {processor.py:157} INFO - Started process (PID=113) to work on /opt/airflow/dags/yahoo_pipeline.py
[2026-06-27T00:48:03.136+0000] {processor.py:829} INFO - Processing file /opt/airflow/dags/yahoo_pipeline.py for tasks to queue
[2026-06-27T00:48:03.145+0000] {logging_mixin.py:151} INFO - [2026-06-27T00:48:03.144+0000] {dagbag.py:539} INFO - Filling up the DagBag from /opt/airflow/dags/yahoo_pipeline.py
[2026-06-27T00:48:03.658+0000] {processor.py:839} INFO - DAG(s) dict_keys(['yahoo_pipeline']) retrieved from /opt/airflow/dags/yahoo_pipeline.py
[2026-06-27T00:48:03.697+0000] {logging_mixin.py:151} INFO - [2026-06-27T00:48:03.696+0000] {dag.py:2915} INFO - Sync 1 DAGs
[2026-06-27T00:48:03.727+0000] {logging_mixin.py:151} INFO - [2026-06-27T00:48:03.727+0000] {dag.py:3696} INFO - Setting next_dagrun for yahoo_pipeline to 2026-06-27T00:45:00+00:00, run_after=2026-06-27T00:50:00+00:00
[2026-06-27T00:48:03.752+0000] {processor.py:179} INFO - Processing /opt/airflow/dags/yahoo_pipeline.py took 0.635 seconds
[2026-06-27T00:48:34.029+0000] {processor.py:157} INFO - Started process (PID=115) to work on /opt/airflow/dags/yahoo_pipeline.py
[2026-06-27T00:48:34.030+0000] {processor.py:829} INFO - Processing file /opt/airflow/dags/yahoo_pipeline.py for tasks to queue
[2026-06-27T00:48:34.034+0000] {logging_mixin.py:151} INFO - [2026-06-27T00:48:34.033+0000] {dagbag.py:539} INFO - Filling up the DagBag from /opt/airflow/dags/yahoo_pipeline.py
[2026-06-27T00:48:34.810+0000] {processor.py:839} INFO - DAG(s) dict_keys(['yahoo_pipeline']) retrieved from /opt/airflow/dags/yahoo_pipeline.py
[2026-06-27T00:48:34.855+0000] {logging_mixin.py:151} INFO - [2026-06-27T00:48:34.854+0000] {dag.py:2915} INFO - Sync 1 DAGs
[2026-06-27T00:48:34.896+0000] {logging_mixin.py:151} INFO - [2026-06-27T00:48:34.896+0000] {dag.py:3696} INFO - Setting next_dagrun for yahoo_pipeline to 2026-06-27T00:45:00+00:00, run_after=2026-06-27T00:50:00+00:00
[2026-06-27T00:48:34.944+0000] {processor.py:179} INFO - Processing /opt/airflow/dags/yahoo_pipeline.py took 0.920 seconds
[2026-06-27T00:49:05.141+0000] {processor.py:157} INFO - Started process (PID=117) to work on /opt/airflow/dags/yahoo_pipeline.py
[2026-06-27T00:49:05.142+0000] {processor.py:829} INFO - Processing file /opt/airflow/dags/yahoo_pipeline.py for tasks to queue
[2026-06-27T00:49:05.144+0000] {logging_mixin.py:151} INFO - [2026-06-27T00:49:05.144+0000] {dagbag.py:539} INFO - Filling up the DagBag from /opt/airflow/dags/yahoo_pipeline.py
[2026-06-27T00:49:05.644+0000] {processor.py:839} INFO - DAG(s) dict_keys(['yahoo_pipeline']) retrieved from /opt/airflow/dags/yahoo_pipeline.py
[2026-06-27T00:49:05.670+0000] {logging_mixin.py:151} INFO - [2026-06-27T00:49:05.669+0000] {dag.py:2915} INFO - Sync 1 DAGs
[2026-06-27T00:49:05.694+0000] {logging_mixin.py:151} INFO - [2026-06-27T00:49:05.694+0000] {dag.py:3696} INFO - Setting next_dagrun for yahoo_pipeline to 2026-06-27T00:45:00+00:00, run_after=2026-06-27T00:50:00+00:00
[2026-06-27T00:49:05.714+0000] {processor.py:179} INFO - Processing /opt/airflow/dags/yahoo_pipeline.py took 0.576 seconds
[2026-06-27T00:49:35.799+0000] {processor.py:157} INFO - Started process (PID=119) to work on /opt/airflow/dags/yahoo_pipeline.py
[2026-06-27T00:49:35.801+0000] {processor.py:829} INFO - Processing file /opt/airflow/dags/yahoo_pipeline.py for tasks to queue
[2026-06-27T00:49:35.808+0000] {logging_mixin.py:151} INFO - [2026-06-27T00:49:35.807+0000] {dagbag.py:539} INFO - Filling up the DagBag from /opt/airflow/dags/yahoo_pipeline.py
[2026-06-27T00:49:36.197+0000] {processor.py:839} INFO - DAG(s) dict_keys(['yahoo_pipeline']) retrieved from /opt/airflow/dags/yahoo_pipeline.py
[2026-06-27T00:49:36.223+0000] {logging_mixin.py:151} INFO - [2026-06-27T00:49:36.223+0000] {dag.py:2915} INFO - Sync 1 DAGs
[2026-06-27T00:49:36.247+0000] {logging_mixin.py:151} INFO - [2026-06-27T00:49:36.246+0000] {dag.py:3696} INFO - Setting next_dagrun for yahoo_pipeline to 2026-06-27T00:45:00+00:00, run_after=2026-06-27T00:50:00+00:00
[2026-06-27T00:49:36.265+0000] {processor.py:179} INFO - Processing /opt/airflow/dags/yahoo_pipeline.py took 0.474 seconds
[2026-06-27T00:50:06.515+0000] {processor.py:157} INFO - Started process (PID=126) to work on /opt/airflow/dags/yahoo_pipeline.py
[2026-06-27T00:50:06.516+0000] {processor.py:829} INFO - Processing file /opt/airflow/dags/yahoo_pipeline.py for tasks to queue
[2026-06-27T00:50:06.520+0000] {logging_mixin.py:151} INFO - [2026-06-27T00:50:06.519+0000] {dagbag.py:539} INFO - Filling up the DagBag from /opt/airflow/dags/yahoo_pipeline.py
[2026-06-27T00:50:06.997+0000] {processor.py:839} INFO - DAG(s) dict_keys(['yahoo_pipeline']) retrieved from /opt/airflow/dags/yahoo_pipeline.py
[2026-06-27T00:50:07.041+0000] {logging_mixin.py:151} INFO - [2026-06-27T00:50:07.040+0000] {dag.py:2915} INFO - Sync 1 DAGs
[2026-06-27T00:50:07.146+0000] {processor.py:179} INFO - Processing /opt/airflow/dags/yahoo_pipeline.py took 0.635 seconds
