[2026-06-26T23:11:06.050+0000] {taskinstance.py:1157} INFO - Dependencies all met for dep_context=non-requeueable deps ti=<TaskInstance: yahoo_pipeline.load_1min scheduled__2026-06-26T23:09:00+00:00 [queued]>
[2026-06-26T23:11:06.068+0000] {taskinstance.py:1157} INFO - Dependencies all met for dep_context=requeueable deps ti=<TaskInstance: yahoo_pipeline.load_1min scheduled__2026-06-26T23:09:00+00:00 [queued]>
[2026-06-26T23:11:06.068+0000] {taskinstance.py:1359} INFO - Starting attempt 1 of 2
[2026-06-26T23:11:06.091+0000] {taskinstance.py:1380} INFO - Executing <Task(PythonOperator): load_1min> on 2026-06-26 23:09:00+00:00
[2026-06-26T23:11:06.106+0000] {standard_task_runner.py:57} INFO - Started process 336 to run task
[2026-06-26T23:11:06.120+0000] {standard_task_runner.py:84} INFO - Running: ['***', 'tasks', 'run', 'yahoo_pipeline', 'load_1min', 'scheduled__2026-06-26T23:09:00+00:00', '--job-id', '212', '--raw', '--subdir', 'DAGS_FOLDER/yahoo_pipeline.py', '--cfg-path', '/tmp/tmp2aoh8ept']
[2026-06-26T23:11:06.125+0000] {standard_task_runner.py:85} INFO - Job 212: Subtask load_1min
[2026-06-26T23:11:06.151+0000] {warnings.py:109} WARNING - /home/***/.local/lib/python3.10/site-packages/***/settings.py:195: DeprecationWarning: The sql_alchemy_conn option in [core] has been moved to the sql_alchemy_conn option in [database] - the old setting has been used, but please update your config.
  SQL_ALCHEMY_CONN = conf.get("database", "SQL_ALCHEMY_CONN")

[2026-06-26T23:11:06.242+0000] {task_command.py:415} INFO - Running <TaskInstance: yahoo_pipeline.load_1min scheduled__2026-06-26T23:09:00+00:00 [running]> on host ae6504924d84
[2026-06-26T23:11:06.383+0000] {taskinstance.py:1660} INFO - Exporting env vars: AIRFLOW_CTX_DAG_OWNER='data_engineer' AIRFLOW_CTX_DAG_ID='yahoo_pipeline' AIRFLOW_CTX_TASK_ID='load_1min' AIRFLOW_CTX_EXECUTION_DATE='2026-06-26T23:09:00+00:00' AIRFLOW_CTX_TRY_NUMBER='1' AIRFLOW_CTX_DAG_RUN_ID='scheduled__2026-06-26T23:09:00+00:00'
[2026-06-26T23:11:06.387+0000] {taskinstance.py:1935} ERROR - Task failed with exception
Traceback (most recent call last):
  File "/home/airflow/.local/lib/python3.10/site-packages/airflow/operators/python.py", line 192, in execute
    return_value = self.execute_callable()
  File "/home/airflow/.local/lib/python3.10/site-packages/airflow/operators/python.py", line 209, in execute_callable
    return self.python_callable(*self.op_args, **self.op_kwargs)
TypeError: insert_intraday() missing 1 required positional argument: 'records'
[2026-06-26T23:11:06.411+0000] {taskinstance.py:1398} INFO - Marking task as UP_FOR_RETRY. dag_id=yahoo_pipeline, task_id=load_1min, execution_date=20260626T230900, start_date=20260626T231106, end_date=20260626T231106
[2026-06-26T23:11:06.441+0000] {standard_task_runner.py:104} ERROR - Failed to execute job 212 for task load_1min (insert_intraday() missing 1 required positional argument: 'records'; 336)
[2026-06-26T23:11:06.464+0000] {local_task_job_runner.py:228} INFO - Task exited with return code 1
[2026-06-26T23:11:06.509+0000] {taskinstance.py:2776} INFO - 0 downstream tasks scheduled from follow-on schedule check
