[2026-06-26T23:25:02.380+0000] {taskinstance.py:1157} INFO - Dependencies all met for dep_context=non-requeueable deps ti=<TaskInstance: yahoo_pipeline.fetch_1min scheduled__2026-06-26T23:20:00+00:00 [queued]>
[2026-06-26T23:25:02.395+0000] {taskinstance.py:1157} INFO - Dependencies all met for dep_context=requeueable deps ti=<TaskInstance: yahoo_pipeline.fetch_1min scheduled__2026-06-26T23:20:00+00:00 [queued]>
[2026-06-26T23:25:02.395+0000] {taskinstance.py:1359} INFO - Starting attempt 1 of 2
[2026-06-26T23:25:02.411+0000] {taskinstance.py:1380} INFO - Executing <Task(PythonOperator): fetch_1min> on 2026-06-26 23:20:00+00:00
[2026-06-26T23:25:02.426+0000] {standard_task_runner.py:57} INFO - Started process 91 to run task
[2026-06-26T23:25:02.436+0000] {standard_task_runner.py:84} INFO - Running: ['***', 'tasks', 'run', 'yahoo_pipeline', 'fetch_1min', 'scheduled__2026-06-26T23:20:00+00:00', '--job-id', '261', '--raw', '--subdir', 'DAGS_FOLDER/yahoo_pipeline.py', '--cfg-path', '/tmp/tmpbyyui8dk']
[2026-06-26T23:25:02.440+0000] {standard_task_runner.py:85} INFO - Job 261: Subtask fetch_1min
[2026-06-26T23:25:02.460+0000] {warnings.py:109} WARNING - /home/***/.local/lib/python3.10/site-packages/***/settings.py:195: DeprecationWarning: The sql_alchemy_conn option in [core] has been moved to the sql_alchemy_conn option in [database] - the old setting has been used, but please update your config.
  SQL_ALCHEMY_CONN = conf.get("database", "SQL_ALCHEMY_CONN")

[2026-06-26T23:25:02.511+0000] {task_command.py:415} INFO - Running <TaskInstance: yahoo_pipeline.fetch_1min scheduled__2026-06-26T23:20:00+00:00 [running]> on host ae6504924d84
[2026-06-26T23:25:02.685+0000] {taskinstance.py:1660} INFO - Exporting env vars: AIRFLOW_CTX_DAG_OWNER='data_engineer' AIRFLOW_CTX_DAG_ID='yahoo_pipeline' AIRFLOW_CTX_TASK_ID='fetch_1min' AIRFLOW_CTX_EXECUTION_DATE='2026-06-26T23:20:00+00:00' AIRFLOW_CTX_TRY_NUMBER='1' AIRFLOW_CTX_DAG_RUN_ID='scheduled__2026-06-26T23:20:00+00:00'
[2026-06-26T23:25:03.441+0000] {base.py:1679} ERROR - Failed to get ticker 'AAPL' reason: Expecting value: line 1 column 1 (char 0)
[2026-06-26T23:25:03.443+0000] {base.py:1679} ERROR - Failed to get ticker 'GOOGL' reason: Expecting value: line 1 column 1 (char 0)
[2026-06-26T23:25:03.444+0000] {base.py:1679} ERROR - Failed to get ticker 'NVDA' reason: Expecting value: line 1 column 1 (char 0)
[2026-06-26T23:25:03.448+0000] {base.py:1679} ERROR - Failed to get ticker 'MSFT' reason: Expecting value: line 1 column 1 (char 0)
[2026-06-26T23:25:03.792+0000] {logging_mixin.py:151} INFO - [                       0%%                      ]
[2026-06-26T23:25:03.792+0000] {logging_mixin.py:151} INFO - [                       0%%                      ]
[2026-06-26T23:25:03.813+0000] {logging_mixin.py:151} INFO - [**********************60%%***                   ]  3 of 5 completed
[2026-06-26T23:25:04.143+0000] {base.py:1679} ERROR - Failed to get ticker 'AMZN' reason: Expecting value: line 1 column 1 (char 0)
[2026-06-26T23:25:04.451+0000] {logging_mixin.py:151} INFO - [**********************80%%************          ]  4 of 5 completed
[2026-06-26T23:25:04.451+0000] {logging_mixin.py:151} INFO - [*********************100%%**********************]  5 of 5 completed
[2026-06-26T23:25:04.452+0000] {multi.py:182} ERROR - 
5 Failed downloads:
[2026-06-26T23:25:04.452+0000] {multi.py:195} ERROR - ['GOOGL', 'AAPL', 'NVDA', 'MSFT', 'AMZN']: Exception('%ticker%: No price data found, symbol may be delisted (period=5d)')
[2026-06-26T23:25:04.492+0000] {yahoo_utils.py:25} INFO - ✅ 1min: 0 registros
[2026-06-26T23:25:04.492+0000] {python.py:194} INFO - Done. Returned value was: []
[2026-06-26T23:25:04.526+0000] {taskinstance.py:1398} INFO - Marking task as SUCCESS. dag_id=yahoo_pipeline, task_id=fetch_1min, execution_date=20260626T232000, start_date=20260626T232502, end_date=20260626T232504
[2026-06-26T23:25:04.587+0000] {local_task_job_runner.py:228} INFO - Task exited with return code 0
[2026-06-26T23:25:04.611+0000] {taskinstance.py:2776} INFO - 1 downstream tasks scheduled from follow-on schedule check
