[2026-06-26T22:50:01.481+0000] {taskinstance.py:1157} INFO - Dependencies all met for dep_context=non-requeueable deps ti=<TaskInstance: yahoo_pipeline.load_5min scheduled__2026-06-26T22:47:00+00:00 [queued]>
[2026-06-26T22:50:01.494+0000] {taskinstance.py:1157} INFO - Dependencies all met for dep_context=requeueable deps ti=<TaskInstance: yahoo_pipeline.load_5min scheduled__2026-06-26T22:47:00+00:00 [queued]>
[2026-06-26T22:50:01.495+0000] {taskinstance.py:1359} INFO - Starting attempt 2 of 2
[2026-06-26T22:50:01.514+0000] {taskinstance.py:1380} INFO - Executing <Task(PythonOperator): load_5min> on 2026-06-26 22:47:00+00:00
[2026-06-26T22:50:01.528+0000] {standard_task_runner.py:57} INFO - Started process 153 to run task
[2026-06-26T22:50:01.534+0000] {standard_task_runner.py:84} INFO - Running: ['***', 'tasks', 'run', 'yahoo_pipeline', 'load_5min', 'scheduled__2026-06-26T22:47:00+00:00', '--job-id', '63', '--raw', '--subdir', 'DAGS_FOLDER/yahoo_pipeline.py', '--cfg-path', '/tmp/tmp3kmq_xld']
[2026-06-26T22:50:01.540+0000] {standard_task_runner.py:85} INFO - Job 63: Subtask load_5min
[2026-06-26T22:50:01.568+0000] {warnings.py:109} WARNING - /home/***/.local/lib/python3.10/site-packages/***/settings.py:195: DeprecationWarning: The sql_alchemy_conn option in [core] has been moved to the sql_alchemy_conn option in [database] - the old setting has been used, but please update your config.
  SQL_ALCHEMY_CONN = conf.get("database", "SQL_ALCHEMY_CONN")

[2026-06-26T22:50:01.642+0000] {task_command.py:415} INFO - Running <TaskInstance: yahoo_pipeline.load_5min scheduled__2026-06-26T22:47:00+00:00 [running]> on host 8452d42e4b61
[2026-06-26T22:50:01.725+0000] {taskinstance.py:1660} INFO - Exporting env vars: AIRFLOW_CTX_DAG_OWNER='data_engineer' AIRFLOW_CTX_DAG_ID='yahoo_pipeline' AIRFLOW_CTX_TASK_ID='load_5min' AIRFLOW_CTX_EXECUTION_DATE='2026-06-26T22:47:00+00:00' AIRFLOW_CTX_TRY_NUMBER='2' AIRFLOW_CTX_DAG_RUN_ID='scheduled__2026-06-26T22:47:00+00:00'
[2026-06-26T22:50:01.726+0000] {taskinstance.py:1935} ERROR - Task failed with exception
Traceback (most recent call last):
  File "/home/airflow/.local/lib/python3.10/site-packages/airflow/operators/python.py", line 192, in execute
    return_value = self.execute_callable()
  File "/home/airflow/.local/lib/python3.10/site-packages/airflow/operators/python.py", line 209, in execute_callable
    return self.python_callable(*self.op_args, **self.op_kwargs)
TypeError: insert_intraday() missing 1 required positional argument: 'records'
[2026-06-26T22:50:01.734+0000] {taskinstance.py:1398} INFO - Marking task as FAILED. dag_id=yahoo_pipeline, task_id=load_5min, execution_date=20260626T224700, start_date=20260626T225001, end_date=20260626T225001
[2026-06-26T22:50:01.743+0000] {standard_task_runner.py:104} ERROR - Failed to execute job 63 for task load_5min (insert_intraday() missing 1 required positional argument: 'records'; 153)
[2026-06-26T22:50:01.788+0000] {local_task_job_runner.py:228} INFO - Task exited with return code 1
[2026-06-26T22:50:01.809+0000] {taskinstance.py:2776} INFO - 0 downstream tasks scheduled from follow-on schedule check
