[2026-06-22T04:29:17.238+0000] {local_task_job_runner.py:123} INFO - ::group::Pre task execution logs
[2026-06-22T04:29:17.266+0000] {taskinstance.py:2613} INFO - Dependencies all met for dep_context=non-requeueable deps ti=<TaskInstance: practica_pagila_operator.insertar_pelicula_prueba manual__2026-06-22T04:29:14.839466+00:00 [queued]>
[2026-06-22T04:29:17.280+0000] {taskinstance.py:2613} INFO - Dependencies all met for dep_context=requeueable deps ti=<TaskInstance: practica_pagila_operator.insertar_pelicula_prueba manual__2026-06-22T04:29:14.839466+00:00 [queued]>
[2026-06-22T04:29:17.281+0000] {taskinstance.py:2866} INFO - Starting attempt 1 of 2
[2026-06-22T04:29:17.300+0000] {taskinstance.py:2889} INFO - Executing <Task(PostgresOperator): insertar_pelicula_prueba> on 2026-06-22 04:29:14.839466+00:00
[2026-06-22T04:29:17.313+0000] {logging_mixin.py:190} WARNING - /home/***/.local/lib/python3.12/site-packages/***/task/task_runner/standard_task_runner.py:70 DeprecationWarning: This process (pid=196) is multi-threaded, use of fork() may lead to deadlocks in the child.
[2026-06-22T04:29:17.315+0000] {standard_task_runner.py:72} INFO - Started process 197 to run task
[2026-06-22T04:29:17.313+0000] {standard_task_runner.py:104} INFO - Running: ['***', 'tasks', 'run', 'practica_pagila_operator', 'insertar_pelicula_prueba', 'manual__2026-06-22T04:29:14.839466+00:00', '--job-id', '11', '--raw', '--subdir', 'DAGS_FOLDER/mi_primer_dag.py', '--cfg-path', '/tmp/tmpx0vfhed7']
[2026-06-22T04:29:17.316+0000] {standard_task_runner.py:105} INFO - Job 11: Subtask insertar_pelicula_prueba
[2026-06-22T04:29:17.344+0000] {logging_mixin.py:190} WARNING - /home/***/.local/lib/python3.12/site-packages/***/settings.py:209 DeprecationWarning: The sql_alchemy_conn option in [core] has been moved to the sql_alchemy_conn option in [database] - the old setting has been used, but please update your config.
[2026-06-22T04:29:17.412+0000] {task_command.py:467} INFO - Running <TaskInstance: practica_pagila_operator.insertar_pelicula_prueba manual__2026-06-22T04:29:14.839466+00:00 [running]> on host 63da282054ca
[2026-06-22T04:29:17.560+0000] {taskinstance.py:3132} INFO - Exporting env vars: AIRFLOW_CTX_DAG_OWNER='edwin' AIRFLOW_CTX_DAG_ID='practica_pagila_operator' AIRFLOW_CTX_TASK_ID='insertar_pelicula_prueba' AIRFLOW_CTX_EXECUTION_DATE='2026-06-22T04:29:14.839466+00:00' AIRFLOW_CTX_TRY_NUMBER='1' AIRFLOW_CTX_DAG_RUN_ID='manual__2026-06-22T04:29:14.839466+00:00'
[2026-06-22T04:29:17.561+0000] {taskinstance.py:731} INFO - ::endgroup::
[2026-06-22T04:29:17.584+0000] {sql.py:278} INFO - Executing: 
            INSERT INTO sugerencias_peliculas (titulo) 
            VALUES ('Inception (Recomendada por Airflow)');
        
[2026-06-22T04:29:17.586+0000] {crypto.py:82} WARNING - empty cryptography key - values will not be stored encrypted.
[2026-06-22T04:29:17.586+0000] {base.py:84} INFO - Retrieving connection 'pagila_conn'
[2026-06-22T04:29:17.593+0000] {base.py:84} INFO - Retrieving connection 'pagila_conn'
[2026-06-22T04:29:17.602+0000] {sql.py:544} INFO - Running statement: 
            INSERT INTO sugerencias_peliculas (titulo) 
            VALUES ('Inception (Recomendada por Airflow)');
        , parameters: None
[2026-06-22T04:29:17.604+0000] {sql.py:553} INFO - Rows affected: 1
[2026-06-22T04:29:17.623+0000] {taskinstance.py:340} INFO - ::group::Post task execution logs
[2026-06-22T04:29:17.624+0000] {taskinstance.py:352} INFO - Marking task as SUCCESS. dag_id=practica_pagila_operator, task_id=insertar_pelicula_prueba, run_id=manual__2026-06-22T04:29:14.839466+00:00, execution_date=20260622T042914, start_date=20260622T042917, end_date=20260622T042917
[2026-06-22T04:29:17.653+0000] {local_task_job_runner.py:266} INFO - Task exited with return code 0
[2026-06-22T04:29:17.682+0000] {taskinstance.py:3895} INFO - 0 downstream tasks scheduled from follow-on schedule check
[2026-06-22T04:29:17.684+0000] {local_task_job_runner.py:245} INFO - ::endgroup::
