[2026-06-26T23:46:07.790+0000] {taskinstance.py:1157} INFO - Dependencies all met for dep_context=non-requeueable deps ti=<TaskInstance: yahoo_pipeline.load_1min scheduled__2026-06-26T23:40:00+00:00 [queued]>
[2026-06-26T23:46:07.802+0000] {taskinstance.py:1157} INFO - Dependencies all met for dep_context=requeueable deps ti=<TaskInstance: yahoo_pipeline.load_1min scheduled__2026-06-26T23:40:00+00:00 [queued]>
[2026-06-26T23:46:07.803+0000] {taskinstance.py:1359} INFO - Starting attempt 2 of 2
[2026-06-26T23:46:07.819+0000] {taskinstance.py:1380} INFO - Executing <Task(PythonOperator): load_1min> on 2026-06-26 23:40:00+00:00
[2026-06-26T23:46:07.829+0000] {standard_task_runner.py:57} INFO - Started process 87 to run task
[2026-06-26T23:46:07.836+0000] {standard_task_runner.py:84} INFO - Running: ['***', 'tasks', 'run', 'yahoo_pipeline', 'load_1min', 'scheduled__2026-06-26T23:40:00+00:00', '--job-id', '332', '--raw', '--subdir', 'DAGS_FOLDER/yahoo_pipeline.py', '--cfg-path', '/tmp/tmpzvc3g5t_']
[2026-06-26T23:46:07.841+0000] {standard_task_runner.py:85} INFO - Job 332: Subtask load_1min
[2026-06-26T23:46:07.860+0000] {warnings.py:109} WARNING - /home/***/.local/lib/python3.10/site-packages/***/settings.py:195: DeprecationWarning: The sql_alchemy_conn option in [core] has been moved to the sql_alchemy_conn option in [database] - the old setting has been used, but please update your config.
  SQL_ALCHEMY_CONN = conf.get("database", "SQL_ALCHEMY_CONN")

[2026-06-26T23:46:07.910+0000] {task_command.py:415} INFO - Running <TaskInstance: yahoo_pipeline.load_1min scheduled__2026-06-26T23:40:00+00:00 [running]> on host ae6504924d84
[2026-06-26T23:46:07.995+0000] {taskinstance.py:1660} INFO - Exporting env vars: AIRFLOW_CTX_DAG_OWNER='data_engineer' AIRFLOW_CTX_DAG_ID='yahoo_pipeline' AIRFLOW_CTX_TASK_ID='load_1min' AIRFLOW_CTX_EXECUTION_DATE='2026-06-26T23:40:00+00:00' AIRFLOW_CTX_TRY_NUMBER='2' AIRFLOW_CTX_DAG_RUN_ID='scheduled__2026-06-26T23:40:00+00:00'
[2026-06-26T23:46:08.013+0000] {taskinstance.py:1935} ERROR - Task failed with exception
Traceback (most recent call last):
  File "/home/airflow/.local/lib/python3.10/site-packages/airflow/operators/python.py", line 192, in execute
    return_value = self.execute_callable()
  File "/home/airflow/.local/lib/python3.10/site-packages/airflow/operators/python.py", line 209, in execute_callable
    return self.python_callable(*self.op_args, **self.op_kwargs)
  File "/opt/airflow/dags/yahoo_pipeline.py", line 32, in load_data_1min
    raise ValueError("No se recibieron datos de fetch_1min")
ValueError: No se recibieron datos de fetch_1min
[2026-06-26T23:46:08.030+0000] {taskinstance.py:1398} INFO - Marking task as FAILED. dag_id=yahoo_pipeline, task_id=load_1min, execution_date=20260626T234000, start_date=20260626T234607, end_date=20260626T234608
[2026-06-26T23:46:08.046+0000] {standard_task_runner.py:104} ERROR - Failed to execute job 332 for task load_1min (No se recibieron datos de fetch_1min; 87)
[2026-06-26T23:46:08.088+0000] {local_task_job_runner.py:228} INFO - Task exited with return code 1
[2026-06-26T23:46:08.111+0000] {taskinstance.py:2776} INFO - 0 downstream tasks scheduled from follow-on schedule check
