[2026-06-26T23:50:29.674+0000] {taskinstance.py:1157} INFO - Dependencies all met for dep_context=non-requeueable deps ti=<TaskInstance: yahoo_pipeline.load_fundamental scheduled__2026-06-26T23:45:00+00:00 [queued]>
[2026-06-26T23:50:29.685+0000] {taskinstance.py:1157} INFO - Dependencies all met for dep_context=requeueable deps ti=<TaskInstance: yahoo_pipeline.load_fundamental scheduled__2026-06-26T23:45:00+00:00 [queued]>
[2026-06-26T23:50:29.685+0000] {taskinstance.py:1359} INFO - Starting attempt 1 of 3
[2026-06-26T23:50:29.700+0000] {taskinstance.py:1380} INFO - Executing <Task(PythonOperator): load_fundamental> on 2026-06-26 23:45:00+00:00
[2026-06-26T23:50:29.710+0000] {standard_task_runner.py:57} INFO - Started process 75 to run task
[2026-06-26T23:50:29.715+0000] {standard_task_runner.py:84} INFO - Running: ['***', 'tasks', 'run', 'yahoo_pipeline', 'load_fundamental', 'scheduled__2026-06-26T23:45:00+00:00', '--job-id', '352', '--raw', '--subdir', 'DAGS_FOLDER/yahoo_pipeline.py', '--cfg-path', '/tmp/tmpnrcode1i']
[2026-06-26T23:50:29.719+0000] {standard_task_runner.py:85} INFO - Job 352: Subtask load_fundamental
[2026-06-26T23:50:29.741+0000] {warnings.py:109} WARNING - /home/***/.local/lib/python3.10/site-packages/***/settings.py:195: DeprecationWarning: The sql_alchemy_conn option in [core] has been moved to the sql_alchemy_conn option in [database] - the old setting has been used, but please update your config.
  SQL_ALCHEMY_CONN = conf.get("database", "SQL_ALCHEMY_CONN")

[2026-06-26T23:50:29.791+0000] {task_command.py:415} INFO - Running <TaskInstance: yahoo_pipeline.load_fundamental scheduled__2026-06-26T23:45:00+00:00 [running]> on host ae6504924d84
[2026-06-26T23:50:29.875+0000] {taskinstance.py:1660} INFO - Exporting env vars: AIRFLOW_CTX_DAG_OWNER='data_engineer' AIRFLOW_CTX_DAG_ID='yahoo_pipeline' AIRFLOW_CTX_TASK_ID='load_fundamental' AIRFLOW_CTX_EXECUTION_DATE='2026-06-26T23:45:00+00:00' AIRFLOW_CTX_TRY_NUMBER='1' AIRFLOW_CTX_DAG_RUN_ID='scheduled__2026-06-26T23:45:00+00:00'
[2026-06-26T23:50:29.877+0000] {taskinstance.py:1935} ERROR - Task failed with exception
Traceback (most recent call last):
  File "/home/airflow/.local/lib/python3.10/site-packages/airflow/operators/python.py", line 192, in execute
    return_value = self.execute_callable()
  File "/home/airflow/.local/lib/python3.10/site-packages/airflow/operators/python.py", line 209, in execute_callable
    return self.python_callable(*self.op_args, **self.op_kwargs)
  File "/opt/airflow/dags/yahoo_pipeline.py", line 82, in load_fundamental_data
    logging.info(f"📂 Buscando archivo: {file_path}")
NameError: name 'logging' is not defined
[2026-06-26T23:50:29.890+0000] {taskinstance.py:1398} INFO - Marking task as UP_FOR_RETRY. dag_id=yahoo_pipeline, task_id=load_fundamental, execution_date=20260626T234500, start_date=20260626T235029, end_date=20260626T235029
[2026-06-26T23:50:29.907+0000] {standard_task_runner.py:104} ERROR - Failed to execute job 352 for task load_fundamental (name 'logging' is not defined; 75)
[2026-06-26T23:50:29.930+0000] {local_task_job_runner.py:228} INFO - Task exited with return code 1
[2026-06-26T23:50:29.949+0000] {taskinstance.py:2776} INFO - 0 downstream tasks scheduled from follow-on schedule check
