[2026-06-26T23:47:59.444+0000] {taskinstance.py:1157} INFO - Dependencies all met for dep_context=non-requeueable deps ti=<TaskInstance: yahoo_pipeline.fetch_fundamental manual__2026-06-26T23:47:57+00:00 [queued]>
[2026-06-26T23:47:59.460+0000] {taskinstance.py:1157} INFO - Dependencies all met for dep_context=requeueable deps ti=<TaskInstance: yahoo_pipeline.fetch_fundamental manual__2026-06-26T23:47:57+00:00 [queued]>
[2026-06-26T23:47:59.461+0000] {taskinstance.py:1359} INFO - Starting attempt 1 of 3
[2026-06-26T23:47:59.476+0000] {taskinstance.py:1380} INFO - Executing <Task(PythonOperator): fetch_fundamental> on 2026-06-26 23:47:57+00:00
[2026-06-26T23:47:59.488+0000] {standard_task_runner.py:57} INFO - Started process 48 to run task
[2026-06-26T23:47:59.501+0000] {standard_task_runner.py:84} INFO - Running: ['***', 'tasks', 'run', 'yahoo_pipeline', 'fetch_fundamental', 'manual__2026-06-26T23:47:57+00:00', '--job-id', '335', '--raw', '--subdir', 'DAGS_FOLDER/yahoo_pipeline.py', '--cfg-path', '/tmp/tmp5x2w7rhl']
[2026-06-26T23:47:59.505+0000] {standard_task_runner.py:85} INFO - Job 335: Subtask fetch_fundamental
[2026-06-26T23:47:59.530+0000] {warnings.py:109} WARNING - /home/***/.local/lib/python3.10/site-packages/***/settings.py:195: DeprecationWarning: The sql_alchemy_conn option in [core] has been moved to the sql_alchemy_conn option in [database] - the old setting has been used, but please update your config.
  SQL_ALCHEMY_CONN = conf.get("database", "SQL_ALCHEMY_CONN")

[2026-06-26T23:47:59.599+0000] {task_command.py:415} INFO - Running <TaskInstance: yahoo_pipeline.fetch_fundamental manual__2026-06-26T23:47:57+00:00 [running]> on host ae6504924d84
[2026-06-26T23:47:59.738+0000] {taskinstance.py:1660} INFO - Exporting env vars: AIRFLOW_CTX_DAG_OWNER='data_engineer' AIRFLOW_CTX_DAG_ID='yahoo_pipeline' AIRFLOW_CTX_TASK_ID='fetch_fundamental' AIRFLOW_CTX_EXECUTION_DATE='2026-06-26T23:47:57+00:00' AIRFLOW_CTX_TRY_NUMBER='1' AIRFLOW_CTX_DAG_RUN_ID='manual__2026-06-26T23:47:57+00:00'
[2026-06-26T23:47:59.740+0000] {yahoo_utils.py:63} INFO - 📊 Descargando datos fundamentales para ['AAPL', 'NVDA', 'MSFT', 'GOOGL', 'AMZN']
[2026-06-26T23:48:00.573+0000] {yahoo_utils.py:82} ERROR - ❌ Error con AAPL: 429 Client Error: Too Many Requests for url: https://query2.finance.yahoo.com/v10/finance/quoteSummary/AAPL?modules=financialData%2CquoteType%2CdefaultKeyStatistics%2CassetProfile%2CsummaryDetail&ssl=true&crumb=Edge%3A+Too+Many+Requests
[2026-06-26T23:48:02.932+0000] {yahoo_utils.py:82} ERROR - ❌ Error con NVDA: 429 Client Error: Too Many Requests for url: https://query2.finance.yahoo.com/v10/finance/quoteSummary/NVDA?modules=financialData%2CquoteType%2CdefaultKeyStatistics%2CassetProfile%2CsummaryDetail&ssl=true&crumb=Edge%3A+Too+Many+Requests
[2026-06-26T23:48:05.217+0000] {yahoo_utils.py:82} ERROR - ❌ Error con MSFT: 429 Client Error: Too Many Requests for url: https://query2.finance.yahoo.com/v10/finance/quoteSummary/MSFT?modules=financialData%2CquoteType%2CdefaultKeyStatistics%2CassetProfile%2CsummaryDetail&ssl=true&crumb=Edge%3A+Too+Many+Requests
[2026-06-26T23:48:07.561+0000] {yahoo_utils.py:82} ERROR - ❌ Error con GOOGL: 429 Client Error: Too Many Requests for url: https://query2.finance.yahoo.com/v10/finance/quoteSummary/GOOGL?modules=financialData%2CquoteType%2CdefaultKeyStatistics%2CassetProfile%2CsummaryDetail&ssl=true&crumb=Edge%3A+Too+Many+Requests
[2026-06-26T23:48:10.056+0000] {yahoo_utils.py:82} ERROR - ❌ Error con AMZN: 429 Client Error: Too Many Requests for url: https://query2.finance.yahoo.com/v10/finance/quoteSummary/AMZN?modules=financialData%2CquoteType%2CdefaultKeyStatistics%2CassetProfile%2CsummaryDetail&ssl=true&crumb=Edge%3A+Too+Many+Requests
[2026-06-26T23:48:10.057+0000] {yahoo_utils.py:88} INFO - ✅ Fundamental: 0 registros guardados en /opt/***/data/fundamental_manual__2026-06-26T23:47:57+00:00.json
[2026-06-26T23:48:10.105+0000] {yahoo_utils.py:93} INFO - 📤 Fundamental: datos enviados a XCom
[2026-06-26T23:48:10.106+0000] {python.py:194} INFO - Done. Returned value was: []
[2026-06-26T23:48:10.186+0000] {taskinstance.py:1398} INFO - Marking task as SUCCESS. dag_id=yahoo_pipeline, task_id=fetch_fundamental, execution_date=20260626T234757, start_date=20260626T234759, end_date=20260626T234810
[2026-06-26T23:48:10.282+0000] {local_task_job_runner.py:228} INFO - Task exited with return code 0
[2026-06-26T23:48:10.345+0000] {taskinstance.py:2776} INFO - 1 downstream tasks scheduled from follow-on schedule check
