[2026-06-26T23:02:46.538+0000] {taskinstance.py:1157} INFO - Dependencies all met for dep_context=non-requeueable deps ti=<TaskInstance: yahoo_pipeline.load_5min scheduled__2026-06-26T23:00:00+00:00 [queued]>
[2026-06-26T23:02:46.550+0000] {taskinstance.py:1157} INFO - Dependencies all met for dep_context=requeueable deps ti=<TaskInstance: yahoo_pipeline.load_5min scheduled__2026-06-26T23:00:00+00:00 [queued]>
[2026-06-26T23:02:46.550+0000] {taskinstance.py:1359} INFO - Starting attempt 2 of 2
[2026-06-26T23:02:46.564+0000] {taskinstance.py:1380} INFO - Executing <Task(PythonOperator): load_5min> on 2026-06-26 23:00:00+00:00
[2026-06-26T23:02:46.574+0000] {standard_task_runner.py:57} INFO - Started process 209 to run task
[2026-06-26T23:02:46.582+0000] {standard_task_runner.py:84} INFO - Running: ['***', 'tasks', 'run', 'yahoo_pipeline', 'load_5min', 'scheduled__2026-06-26T23:00:00+00:00', '--job-id', '150', '--raw', '--subdir', 'DAGS_FOLDER/yahoo_pipeline.py', '--cfg-path', '/tmp/tmp9_vzk5dx']
[2026-06-26T23:02:46.589+0000] {standard_task_runner.py:85} INFO - Job 150: Subtask load_5min
[2026-06-26T23:02:46.612+0000] {warnings.py:109} WARNING - /home/***/.local/lib/python3.10/site-packages/***/settings.py:195: DeprecationWarning: The sql_alchemy_conn option in [core] has been moved to the sql_alchemy_conn option in [database] - the old setting has been used, but please update your config.
  SQL_ALCHEMY_CONN = conf.get("database", "SQL_ALCHEMY_CONN")

[2026-06-26T23:02:46.666+0000] {task_command.py:415} INFO - Running <TaskInstance: yahoo_pipeline.load_5min scheduled__2026-06-26T23:00:00+00:00 [running]> on host ae6504924d84
[2026-06-26T23:02:46.763+0000] {taskinstance.py:1660} INFO - Exporting env vars: AIRFLOW_CTX_DAG_OWNER='data_engineer' AIRFLOW_CTX_DAG_ID='yahoo_pipeline' AIRFLOW_CTX_TASK_ID='load_5min' AIRFLOW_CTX_EXECUTION_DATE='2026-06-26T23:00:00+00:00' AIRFLOW_CTX_TRY_NUMBER='2' AIRFLOW_CTX_DAG_RUN_ID='scheduled__2026-06-26T23:00:00+00:00'
[2026-06-26T23:02:46.765+0000] {taskinstance.py:1935} ERROR - Task failed with exception
Traceback (most recent call last):
  File "/home/airflow/.local/lib/python3.10/site-packages/airflow/operators/python.py", line 192, in execute
    return_value = self.execute_callable()
  File "/home/airflow/.local/lib/python3.10/site-packages/airflow/operators/python.py", line 209, in execute_callable
    return self.python_callable(*self.op_args, **self.op_kwargs)
TypeError: insert_intraday() missing 1 required positional argument: 'records'
[2026-06-26T23:02:46.776+0000] {taskinstance.py:1398} INFO - Marking task as FAILED. dag_id=yahoo_pipeline, task_id=load_5min, execution_date=20260626T230000, start_date=20260626T230246, end_date=20260626T230246
[2026-06-26T23:02:46.790+0000] {standard_task_runner.py:104} ERROR - Failed to execute job 150 for task load_5min (insert_intraday() missing 1 required positional argument: 'records'; 209)
[2026-06-26T23:02:46.835+0000] {local_task_job_runner.py:228} INFO - Task exited with return code 1
[2026-06-26T23:02:46.852+0000] {taskinstance.py:2776} INFO - 0 downstream tasks scheduled from follow-on schedule check
