[2026-06-26T23:12:07.905+0000] {taskinstance.py:1157} INFO - Dependencies all met for dep_context=non-requeueable deps ti=<TaskInstance: yahoo_pipeline.load_5min scheduled__2026-06-26T23:09:00+00:00 [queued]>
[2026-06-26T23:12:07.915+0000] {taskinstance.py:1157} INFO - Dependencies all met for dep_context=requeueable deps ti=<TaskInstance: yahoo_pipeline.load_5min scheduled__2026-06-26T23:09:00+00:00 [queued]>
[2026-06-26T23:12:07.915+0000] {taskinstance.py:1359} INFO - Starting attempt 2 of 2
[2026-06-26T23:12:07.931+0000] {taskinstance.py:1380} INFO - Executing <Task(PythonOperator): load_5min> on 2026-06-26 23:09:00+00:00
[2026-06-26T23:12:07.944+0000] {standard_task_runner.py:57} INFO - Started process 331 to run task
[2026-06-26T23:12:07.952+0000] {standard_task_runner.py:84} INFO - Running: ['***', 'tasks', 'run', 'yahoo_pipeline', 'load_5min', 'scheduled__2026-06-26T23:09:00+00:00', '--job-id', '215', '--raw', '--subdir', 'DAGS_FOLDER/yahoo_pipeline.py', '--cfg-path', '/tmp/tmp5ibt5ome']
[2026-06-26T23:12:07.958+0000] {standard_task_runner.py:85} INFO - Job 215: Subtask load_5min
[2026-06-26T23:12:07.984+0000] {warnings.py:109} WARNING - /home/***/.local/lib/python3.10/site-packages/***/settings.py:195: DeprecationWarning: The sql_alchemy_conn option in [core] has been moved to the sql_alchemy_conn option in [database] - the old setting has been used, but please update your config.
  SQL_ALCHEMY_CONN = conf.get("database", "SQL_ALCHEMY_CONN")

[2026-06-26T23:12:08.049+0000] {task_command.py:415} INFO - Running <TaskInstance: yahoo_pipeline.load_5min scheduled__2026-06-26T23:09:00+00:00 [running]> on host 961bab9f867c
[2026-06-26T23:12:08.207+0000] {taskinstance.py:1660} INFO - Exporting env vars: AIRFLOW_CTX_DAG_OWNER='data_engineer' AIRFLOW_CTX_DAG_ID='yahoo_pipeline' AIRFLOW_CTX_TASK_ID='load_5min' AIRFLOW_CTX_EXECUTION_DATE='2026-06-26T23:09:00+00:00' AIRFLOW_CTX_TRY_NUMBER='2' AIRFLOW_CTX_DAG_RUN_ID='scheduled__2026-06-26T23:09:00+00:00'
[2026-06-26T23:12:08.208+0000] {taskinstance.py:1935} ERROR - Task failed with exception
Traceback (most recent call last):
  File "/home/airflow/.local/lib/python3.10/site-packages/airflow/operators/python.py", line 192, in execute
    return_value = self.execute_callable()
  File "/home/airflow/.local/lib/python3.10/site-packages/airflow/operators/python.py", line 209, in execute_callable
    return self.python_callable(*self.op_args, **self.op_kwargs)
TypeError: insert_intraday() missing 1 required positional argument: 'records'
[2026-06-26T23:12:08.218+0000] {taskinstance.py:1398} INFO - Marking task as FAILED. dag_id=yahoo_pipeline, task_id=load_5min, execution_date=20260626T230900, start_date=20260626T231207, end_date=20260626T231208
[2026-06-26T23:12:08.231+0000] {standard_task_runner.py:104} ERROR - Failed to execute job 215 for task load_5min (insert_intraday() missing 1 required positional argument: 'records'; 331)
[2026-06-26T23:12:08.245+0000] {local_task_job_runner.py:228} INFO - Task exited with return code 1
[2026-06-26T23:12:08.277+0000] {taskinstance.py:2776} INFO - 0 downstream tasks scheduled from follow-on schedule check
