[2026-06-26T23:40:56.313+0000] {taskinstance.py:1157} INFO - Dependencies all met for dep_context=non-requeueable deps ti=<TaskInstance: yahoo_pipeline.fetch_fundamental scheduled__2026-06-26T23:35:00+00:00 [queued]>
[2026-06-26T23:40:56.332+0000] {taskinstance.py:1157} INFO - Dependencies all met for dep_context=requeueable deps ti=<TaskInstance: yahoo_pipeline.fetch_fundamental scheduled__2026-06-26T23:35:00+00:00 [queued]>
[2026-06-26T23:40:56.334+0000] {taskinstance.py:1359} INFO - Starting attempt 1 of 2
[2026-06-26T23:40:56.378+0000] {taskinstance.py:1380} INFO - Executing <Task(PythonOperator): fetch_fundamental> on 2026-06-26 23:35:00+00:00
[2026-06-26T23:40:56.394+0000] {standard_task_runner.py:57} INFO - Started process 68 to run task
[2026-06-26T23:40:56.401+0000] {standard_task_runner.py:84} INFO - Running: ['***', 'tasks', 'run', 'yahoo_pipeline', 'fetch_fundamental', 'scheduled__2026-06-26T23:35:00+00:00', '--job-id', '318', '--raw', '--subdir', 'DAGS_FOLDER/yahoo_pipeline.py', '--cfg-path', '/tmp/tmpcptvv636']
[2026-06-26T23:40:56.407+0000] {standard_task_runner.py:85} INFO - Job 318: Subtask fetch_fundamental
[2026-06-26T23:40:56.434+0000] {warnings.py:109} WARNING - /home/***/.local/lib/python3.10/site-packages/***/settings.py:195: DeprecationWarning: The sql_alchemy_conn option in [core] has been moved to the sql_alchemy_conn option in [database] - the old setting has been used, but please update your config.
  SQL_ALCHEMY_CONN = conf.get("database", "SQL_ALCHEMY_CONN")

[2026-06-26T23:40:56.510+0000] {task_command.py:415} INFO - Running <TaskInstance: yahoo_pipeline.fetch_fundamental scheduled__2026-06-26T23:35:00+00:00 [running]> on host 961bab9f867c
[2026-06-26T23:40:56.634+0000] {taskinstance.py:1660} INFO - Exporting env vars: AIRFLOW_CTX_DAG_OWNER='data_engineer' AIRFLOW_CTX_DAG_ID='yahoo_pipeline' AIRFLOW_CTX_TASK_ID='fetch_fundamental' AIRFLOW_CTX_EXECUTION_DATE='2026-06-26T23:35:00+00:00' AIRFLOW_CTX_TRY_NUMBER='1' AIRFLOW_CTX_DAG_RUN_ID='scheduled__2026-06-26T23:35:00+00:00'
[2026-06-26T23:40:57.376+0000] {yahoo_utils.py:50} ERROR - ❌ Error con AAPL: 429 Client Error: Too Many Requests for url: https://query2.finance.yahoo.com/v10/finance/quoteSummary/AAPL?modules=financialData%2CquoteType%2CdefaultKeyStatistics%2CassetProfile%2CsummaryDetail&ssl=true&crumb=Edge%3A+Too+Many+Requests
[2026-06-26T23:40:59.833+0000] {yahoo_utils.py:50} ERROR - ❌ Error con NVDA: 429 Client Error: Too Many Requests for url: https://query2.finance.yahoo.com/v10/finance/quoteSummary/NVDA?modules=financialData%2CquoteType%2CdefaultKeyStatistics%2CassetProfile%2CsummaryDetail&ssl=true&crumb=Edge%3A+Too+Many+Requests
[2026-06-26T23:41:02.224+0000] {yahoo_utils.py:50} ERROR - ❌ Error con MSFT: 429 Client Error: Too Many Requests for url: https://query2.finance.yahoo.com/v10/finance/quoteSummary/MSFT?modules=financialData%2CquoteType%2CdefaultKeyStatistics%2CassetProfile%2CsummaryDetail&ssl=true&crumb=Edge%3A+Too+Many+Requests
[2026-06-26T23:41:04.554+0000] {yahoo_utils.py:50} ERROR - ❌ Error con GOOGL: 429 Client Error: Too Many Requests for url: https://query2.finance.yahoo.com/v10/finance/quoteSummary/GOOGL?modules=financialData%2CquoteType%2CdefaultKeyStatistics%2CassetProfile%2CsummaryDetail&ssl=true&crumb=Edge%3A+Too+Many+Requests
[2026-06-26T23:41:07.027+0000] {yahoo_utils.py:50} ERROR - ❌ Error con AMZN: 429 Client Error: Too Many Requests for url: https://query2.finance.yahoo.com/v10/finance/quoteSummary/AMZN?modules=financialData%2CquoteType%2CdefaultKeyStatistics%2CassetProfile%2CsummaryDetail&ssl=true&crumb=Edge%3A+Too+Many+Requests
[2026-06-26T23:41:07.068+0000] {python.py:194} INFO - Done. Returned value was: []
[2026-06-26T23:41:07.127+0000] {taskinstance.py:1398} INFO - Marking task as SUCCESS. dag_id=yahoo_pipeline, task_id=fetch_fundamental, execution_date=20260626T233500, start_date=20260626T234056, end_date=20260626T234107
[2026-06-26T23:41:07.187+0000] {local_task_job_runner.py:228} INFO - Task exited with return code 0
[2026-06-26T23:41:07.220+0000] {taskinstance.py:2776} INFO - 1 downstream tasks scheduled from follow-on schedule check
