[2026-06-26T23:21:08.715+0000] {taskinstance.py:1157} INFO - Dependencies all met for dep_context=non-requeueable deps ti=<TaskInstance: yahoo_pipeline.load_5min scheduled__2026-06-26T23:15:00+00:00 [queued]>
[2026-06-26T23:21:08.725+0000] {taskinstance.py:1157} INFO - Dependencies all met for dep_context=requeueable deps ti=<TaskInstance: yahoo_pipeline.load_5min scheduled__2026-06-26T23:15:00+00:00 [queued]>
[2026-06-26T23:21:08.726+0000] {taskinstance.py:1359} INFO - Starting attempt 2 of 2
[2026-06-26T23:21:08.739+0000] {taskinstance.py:1380} INFO - Executing <Task(PythonOperator): load_5min> on 2026-06-26 23:15:00+00:00
[2026-06-26T23:21:08.748+0000] {standard_task_runner.py:57} INFO - Started process 83 to run task
[2026-06-26T23:21:08.753+0000] {standard_task_runner.py:84} INFO - Running: ['***', 'tasks', 'run', 'yahoo_pipeline', 'load_5min', 'scheduled__2026-06-26T23:15:00+00:00', '--job-id', '258', '--raw', '--subdir', 'DAGS_FOLDER/yahoo_pipeline.py', '--cfg-path', '/tmp/tmpiss8_6yh']
[2026-06-26T23:21:08.757+0000] {standard_task_runner.py:85} INFO - Job 258: Subtask load_5min
[2026-06-26T23:21:08.775+0000] {warnings.py:109} WARNING - /home/***/.local/lib/python3.10/site-packages/***/settings.py:195: DeprecationWarning: The sql_alchemy_conn option in [core] has been moved to the sql_alchemy_conn option in [database] - the old setting has been used, but please update your config.
  SQL_ALCHEMY_CONN = conf.get("database", "SQL_ALCHEMY_CONN")

[2026-06-26T23:21:08.826+0000] {task_command.py:415} INFO - Running <TaskInstance: yahoo_pipeline.load_5min scheduled__2026-06-26T23:15:00+00:00 [running]> on host ae6504924d84
[2026-06-26T23:21:08.925+0000] {taskinstance.py:1660} INFO - Exporting env vars: AIRFLOW_CTX_DAG_OWNER='data_engineer' AIRFLOW_CTX_DAG_ID='yahoo_pipeline' AIRFLOW_CTX_TASK_ID='load_5min' AIRFLOW_CTX_EXECUTION_DATE='2026-06-26T23:15:00+00:00' AIRFLOW_CTX_TRY_NUMBER='2' AIRFLOW_CTX_DAG_RUN_ID='scheduled__2026-06-26T23:15:00+00:00'
[2026-06-26T23:21:08.940+0000] {taskinstance.py:1935} ERROR - Task failed with exception
Traceback (most recent call last):
  File "/home/airflow/.local/lib/python3.10/site-packages/airflow/operators/python.py", line 192, in execute
    return_value = self.execute_callable()
  File "/home/airflow/.local/lib/python3.10/site-packages/airflow/operators/python.py", line 209, in execute_callable
    return self.python_callable(*self.op_args, **self.op_kwargs)
  File "/opt/airflow/dags/yahoo_pipeline.py", line 35, in load_data_5min
    raise ValueError("No se recibieron datos de fetch_5min")
ValueError: No se recibieron datos de fetch_5min
[2026-06-26T23:21:08.955+0000] {taskinstance.py:1398} INFO - Marking task as FAILED. dag_id=yahoo_pipeline, task_id=load_5min, execution_date=20260626T231500, start_date=20260626T232108, end_date=20260626T232108
[2026-06-26T23:21:08.968+0000] {standard_task_runner.py:104} ERROR - Failed to execute job 258 for task load_5min (No se recibieron datos de fetch_5min; 83)
[2026-06-26T23:21:09.008+0000] {local_task_job_runner.py:228} INFO - Task exited with return code 1
[2026-06-26T23:21:09.025+0000] {taskinstance.py:2776} INFO - 0 downstream tasks scheduled from follow-on schedule check
