[2026-06-22T04:30:33.648+0000] {local_task_job_runner.py:123} INFO - ::group::Pre task execution logs
[2026-06-22T04:30:33.688+0000] {taskinstance.py:2613} INFO - Dependencies all met for dep_context=non-requeueable deps ti=<TaskInstance: practica_pagila_operator.crear_tabla_sugerencias manual__2026-06-22T04:30:32.647739+00:00 [queued]>
[2026-06-22T04:30:33.708+0000] {taskinstance.py:2613} INFO - Dependencies all met for dep_context=requeueable deps ti=<TaskInstance: practica_pagila_operator.crear_tabla_sugerencias manual__2026-06-22T04:30:32.647739+00:00 [queued]>
[2026-06-22T04:30:33.708+0000] {taskinstance.py:2866} INFO - Starting attempt 1 of 2
[2026-06-22T04:30:33.731+0000] {taskinstance.py:2889} INFO - Executing <Task(PostgresOperator): crear_tabla_sugerencias> on 2026-06-22 04:30:32.647739+00:00
[2026-06-22T04:30:33.750+0000] {standard_task_runner.py:104} INFO - Running: ['***', 'tasks', 'run', 'practica_pagila_operator', 'crear_tabla_sugerencias', 'manual__2026-06-22T04:30:32.647739+00:00', '--job-id', '12', '--raw', '--subdir', 'DAGS_FOLDER/mi_primer_dag.py', '--cfg-path', '/tmp/tmpoxsnzgod']
[2026-06-22T04:30:33.754+0000] {standard_task_runner.py:105} INFO - Job 12: Subtask crear_tabla_sugerencias
[2026-06-22T04:30:33.751+0000] {logging_mixin.py:190} WARNING - /home/***/.local/lib/python3.12/site-packages/***/task/task_runner/standard_task_runner.py:70 DeprecationWarning: This process (pid=214) is multi-threaded, use of fork() may lead to deadlocks in the child.
[2026-06-22T04:30:33.755+0000] {standard_task_runner.py:72} INFO - Started process 215 to run task
[2026-06-22T04:30:33.779+0000] {logging_mixin.py:190} WARNING - /home/***/.local/lib/python3.12/site-packages/***/settings.py:209 DeprecationWarning: The sql_alchemy_conn option in [core] has been moved to the sql_alchemy_conn option in [database] - the old setting has been used, but please update your config.
[2026-06-22T04:30:33.877+0000] {task_command.py:467} INFO - Running <TaskInstance: practica_pagila_operator.crear_tabla_sugerencias manual__2026-06-22T04:30:32.647739+00:00 [running]> on host 63da282054ca
[2026-06-22T04:30:34.101+0000] {taskinstance.py:3132} INFO - Exporting env vars: AIRFLOW_CTX_DAG_OWNER='edwin' AIRFLOW_CTX_DAG_ID='practica_pagila_operator' AIRFLOW_CTX_TASK_ID='crear_tabla_sugerencias' AIRFLOW_CTX_EXECUTION_DATE='2026-06-22T04:30:32.647739+00:00' AIRFLOW_CTX_TRY_NUMBER='1' AIRFLOW_CTX_DAG_RUN_ID='manual__2026-06-22T04:30:32.647739+00:00'
[2026-06-22T04:30:34.106+0000] {taskinstance.py:731} INFO - ::endgroup::
[2026-06-22T04:30:34.142+0000] {sql.py:278} INFO - Executing: 
            CREATE TABLE IF NOT EXISTS sugerencias_peliculas (
                id SERIAL PRIMARY KEY,
                titulo VARCHAR(255) NOT NULL,
                fecha_registro TIMESTAMP DEFAULT CURRENT_TIMESTAMP
            );
        
[2026-06-22T04:30:34.144+0000] {crypto.py:82} WARNING - empty cryptography key - values will not be stored encrypted.
[2026-06-22T04:30:34.145+0000] {base.py:84} INFO - Retrieving connection 'pagila_conn'
[2026-06-22T04:30:34.151+0000] {base.py:84} INFO - Retrieving connection 'pagila_conn'
[2026-06-22T04:30:34.162+0000] {sql.py:544} INFO - Running statement: 
            CREATE TABLE IF NOT EXISTS sugerencias_peliculas (
                id SERIAL PRIMARY KEY,
                titulo VARCHAR(255) NOT NULL,
                fecha_registro TIMESTAMP DEFAULT CURRENT_TIMESTAMP
            );
        , parameters: None
[2026-06-22T04:30:34.210+0000] {taskinstance.py:340} INFO - ::group::Post task execution logs
[2026-06-22T04:30:34.211+0000] {taskinstance.py:352} INFO - Marking task as SUCCESS. dag_id=practica_pagila_operator, task_id=crear_tabla_sugerencias, run_id=manual__2026-06-22T04:30:32.647739+00:00, execution_date=20260622T043032, start_date=20260622T043033, end_date=20260622T043034
[2026-06-22T04:30:34.251+0000] {local_task_job_runner.py:266} INFO - Task exited with return code 0
[2026-06-22T04:30:34.313+0000] {taskinstance.py:3895} INFO - 1 downstream tasks scheduled from follow-on schedule check
[2026-06-22T04:30:34.315+0000] {local_task_job_runner.py:245} INFO - ::endgroup::
