[2026-06-27T00:50:02.715+0000] {taskinstance.py:1157} INFO - Dependencies all met for dep_context=non-requeueable deps ti=<TaskInstance: yahoo_pipeline.fetch_5min scheduled__2026-06-27T00:45:00+00:00 [queued]>
[2026-06-27T00:50:02.731+0000] {taskinstance.py:1157} INFO - Dependencies all met for dep_context=requeueable deps ti=<TaskInstance: yahoo_pipeline.fetch_5min scheduled__2026-06-27T00:45:00+00:00 [queued]>
[2026-06-27T00:50:02.732+0000] {taskinstance.py:1359} INFO - Starting attempt 1 of 3
[2026-06-27T00:50:02.750+0000] {taskinstance.py:1380} INFO - Executing <Task(PythonOperator): fetch_5min> on 2026-06-27 00:45:00+00:00
[2026-06-27T00:50:02.764+0000] {standard_task_runner.py:57} INFO - Started process 76 to run task
[2026-06-27T00:50:02.788+0000] {standard_task_runner.py:84} INFO - Running: ['***', 'tasks', 'run', 'yahoo_pipeline', 'fetch_5min', 'scheduled__2026-06-27T00:45:00+00:00', '--job-id', '52', '--raw', '--subdir', 'DAGS_FOLDER/yahoo_pipeline.py', '--cfg-path', '/tmp/tmpb1arwif4']
[2026-06-27T00:50:02.794+0000] {standard_task_runner.py:85} INFO - Job 52: Subtask fetch_5min
[2026-06-27T00:50:02.907+0000] {warnings.py:109} WARNING - /home/***/.local/lib/python3.10/site-packages/***/settings.py:195: DeprecationWarning: The sql_alchemy_conn option in [core] has been moved to the sql_alchemy_conn option in [database] - the old setting has been used, but please update your config.
  SQL_ALCHEMY_CONN = conf.get("database", "SQL_ALCHEMY_CONN")

[2026-06-27T00:50:02.956+0000] {task_command.py:415} INFO - Running <TaskInstance: yahoo_pipeline.fetch_5min scheduled__2026-06-27T00:45:00+00:00 [running]> on host f7900b7de8e7
[2026-06-27T00:50:03.061+0000] {taskinstance.py:1660} INFO - Exporting env vars: AIRFLOW_CTX_DAG_OWNER='data_engineer' AIRFLOW_CTX_DAG_ID='yahoo_pipeline' AIRFLOW_CTX_TASK_ID='fetch_5min' AIRFLOW_CTX_EXECUTION_DATE='2026-06-27T00:45:00+00:00' AIRFLOW_CTX_TRY_NUMBER='1' AIRFLOW_CTX_DAG_RUN_ID='scheduled__2026-06-27T00:45:00+00:00'
[2026-06-27T00:50:03.063+0000] {yahoo_utils.py:16} INFO - 📊 Descargando datos 5min para ['AAPL', 'NVDA', 'MSFT', 'GOOGL', 'AMZN']
[2026-06-27T00:50:03.774+0000] {base.py:1679} ERROR - Failed to get ticker 'GOOGL' reason: Expecting value: line 1 column 1 (char 0)
[2026-06-27T00:50:03.789+0000] {base.py:1679} ERROR - Failed to get ticker 'AMZN' reason: Expecting value: line 1 column 1 (char 0)
[2026-06-27T00:50:03.799+0000] {base.py:1679} ERROR - Failed to get ticker 'MSFT' reason: Expecting value: line 1 column 1 (char 0)
[2026-06-27T00:50:03.823+0000] {base.py:1679} ERROR - Failed to get ticker 'AAPL' reason: Expecting value: line 1 column 1 (char 0)
[2026-06-27T00:50:04.596+0000] {base.py:1679} ERROR - Failed to get ticker 'NVDA' reason: Expecting value: line 1 column 1 (char 0)
[2026-06-27T00:50:04.892+0000] {multi.py:182} ERROR - 
5 Failed downloads:
[2026-06-27T00:50:04.893+0000] {multi.py:195} ERROR - ['AMZN', 'GOOGL', 'AAPL', 'MSFT', 'NVDA']: Exception('%ticker%: No price data found, symbol may be delisted (period=5d)')
[2026-06-27T00:50:04.899+0000] {yahoo_utils.py:26} INFO - 📊 Datos descargados: 0 filas
[2026-06-27T00:50:04.914+0000] {yahoo_utils.py:45} INFO - ✅ 5min: 0 registros guardados en /opt/***/data/5min_scheduled__2026-06-27T00:45:00+00:00.json
[2026-06-27T00:50:04.928+0000] {yahoo_utils.py:50} INFO - 📤 5min: datos enviados a XCom
[2026-06-27T00:50:04.929+0000] {python.py:194} INFO - Done. Returned value was: []
[2026-06-27T00:50:04.966+0000] {taskinstance.py:1398} INFO - Marking task as SUCCESS. dag_id=yahoo_pipeline, task_id=fetch_5min, execution_date=20260627T004500, start_date=20260627T005002, end_date=20260627T005004
[2026-06-27T00:50:05.049+0000] {local_task_job_runner.py:228} INFO - Task exited with return code 0
[2026-06-27T00:50:05.073+0000] {taskinstance.py:2776} INFO - 1 downstream tasks scheduled from follow-on schedule check
