[2026-06-27T12:55:16.926+0000] {taskinstance.py:1157} INFO - Dependencies all met for dep_context=non-requeueable deps ti=<TaskInstance: yahoo_pipeline.load_fundamental scheduled__2026-06-27T12:50:00+00:00 [queued]>
[2026-06-27T12:55:16.953+0000] {taskinstance.py:1157} INFO - Dependencies all met for dep_context=requeueable deps ti=<TaskInstance: yahoo_pipeline.load_fundamental scheduled__2026-06-27T12:50:00+00:00 [queued]>
[2026-06-27T12:55:16.954+0000] {taskinstance.py:1359} INFO - Starting attempt 1 of 3
[2026-06-27T12:55:16.993+0000] {taskinstance.py:1380} INFO - Executing <Task(PythonOperator): load_fundamental> on 2026-06-27 12:50:00+00:00
[2026-06-27T12:55:17.022+0000] {standard_task_runner.py:57} INFO - Started process 84 to run task
[2026-06-27T12:55:17.038+0000] {standard_task_runner.py:84} INFO - Running: ['***', 'tasks', 'run', 'yahoo_pipeline', 'load_fundamental', 'scheduled__2026-06-27T12:50:00+00:00', '--job-id', '13', '--raw', '--subdir', 'DAGS_FOLDER/yahoo_pipeline.py', '--cfg-path', '/tmp/tmphwdcrdc8']
[2026-06-27T12:55:17.059+0000] {standard_task_runner.py:85} INFO - Job 13: Subtask load_fundamental
[2026-06-27T12:55:17.157+0000] {warnings.py:109} WARNING - /home/***/.local/lib/python3.10/site-packages/***/settings.py:195: DeprecationWarning: The sql_alchemy_conn option in [core] has been moved to the sql_alchemy_conn option in [database] - the old setting has been used, but please update your config.
  SQL_ALCHEMY_CONN = conf.get("database", "SQL_ALCHEMY_CONN")

[2026-06-27T12:55:17.373+0000] {task_command.py:415} INFO - Running <TaskInstance: yahoo_pipeline.load_fundamental scheduled__2026-06-27T12:50:00+00:00 [running]> on host e4e166d21609
[2026-06-27T12:55:17.834+0000] {taskinstance.py:1660} INFO - Exporting env vars: AIRFLOW_CTX_DAG_OWNER='data_engineer' AIRFLOW_CTX_DAG_ID='yahoo_pipeline' AIRFLOW_CTX_TASK_ID='load_fundamental' AIRFLOW_CTX_EXECUTION_DATE='2026-06-27T12:50:00+00:00' AIRFLOW_CTX_TRY_NUMBER='1' AIRFLOW_CTX_DAG_RUN_ID='scheduled__2026-06-27T12:50:00+00:00'
[2026-06-27T12:55:17.836+0000] {yahoo_pipeline.py:81} INFO - 📂 Buscando archivo: /opt/***/data/fundamental_scheduled__2026-06-27T12:50:00+00:00.json
[2026-06-27T12:55:17.837+0000] {yahoo_pipeline.py:86} INFO - 📄 Archivo encontrado: 0 registros
[2026-06-27T12:55:17.861+0000] {db_utils.py:67} INFO - ✅ Insertados 0 en raw_fundamental
[2026-06-27T12:55:17.864+0000] {yahoo_pipeline.py:88} INFO - ✅ Cargados 0 registros fundamentales
[2026-06-27T12:55:17.869+0000] {yahoo_pipeline.py:90} INFO - 🗑️ Archivo eliminado: /opt/***/data/fundamental_scheduled__2026-06-27T12:50:00+00:00.json
[2026-06-27T12:55:17.870+0000] {python.py:194} INFO - Done. Returned value was: None
[2026-06-27T12:55:17.912+0000] {taskinstance.py:1398} INFO - Marking task as SUCCESS. dag_id=yahoo_pipeline, task_id=load_fundamental, execution_date=20260627T125000, start_date=20260627T125516, end_date=20260627T125517
[2026-06-27T12:55:18.022+0000] {local_task_job_runner.py:228} INFO - Task exited with return code 0
[2026-06-27T12:55:18.128+0000] {taskinstance.py:2776} INFO - 0 downstream tasks scheduled from follow-on schedule check
