[2026-06-26T23:10:55.196+0000] {taskinstance.py:1157} INFO - Dependencies all met for dep_context=non-requeueable deps ti=<TaskInstance: yahoo_pipeline.fetch_fundamental scheduled__2026-06-26T23:08:00+00:00 [queued]>
[2026-06-26T23:10:55.209+0000] {taskinstance.py:1157} INFO - Dependencies all met for dep_context=requeueable deps ti=<TaskInstance: yahoo_pipeline.fetch_fundamental scheduled__2026-06-26T23:08:00+00:00 [queued]>
[2026-06-26T23:10:55.210+0000] {taskinstance.py:1359} INFO - Starting attempt 2 of 2
[2026-06-26T23:10:55.226+0000] {taskinstance.py:1380} INFO - Executing <Task(PythonOperator): fetch_fundamental> on 2026-06-26 23:08:00+00:00
[2026-06-26T23:10:55.237+0000] {standard_task_runner.py:57} INFO - Started process 327 to run task
[2026-06-26T23:10:55.243+0000] {standard_task_runner.py:84} INFO - Running: ['***', 'tasks', 'run', 'yahoo_pipeline', 'fetch_fundamental', 'scheduled__2026-06-26T23:08:00+00:00', '--job-id', '205', '--raw', '--subdir', 'DAGS_FOLDER/yahoo_pipeline.py', '--cfg-path', '/tmp/tmpnlr1sphy']
[2026-06-26T23:10:55.247+0000] {standard_task_runner.py:85} INFO - Job 205: Subtask fetch_fundamental
[2026-06-26T23:10:55.272+0000] {warnings.py:109} WARNING - /home/***/.local/lib/python3.10/site-packages/***/settings.py:195: DeprecationWarning: The sql_alchemy_conn option in [core] has been moved to the sql_alchemy_conn option in [database] - the old setting has been used, but please update your config.
  SQL_ALCHEMY_CONN = conf.get("database", "SQL_ALCHEMY_CONN")

[2026-06-26T23:10:55.343+0000] {task_command.py:415} INFO - Running <TaskInstance: yahoo_pipeline.fetch_fundamental scheduled__2026-06-26T23:08:00+00:00 [running]> on host ae6504924d84
[2026-06-26T23:10:55.461+0000] {taskinstance.py:1660} INFO - Exporting env vars: AIRFLOW_CTX_DAG_OWNER='data_engineer' AIRFLOW_CTX_DAG_ID='yahoo_pipeline' AIRFLOW_CTX_TASK_ID='fetch_fundamental' AIRFLOW_CTX_EXECUTION_DATE='2026-06-26T23:08:00+00:00' AIRFLOW_CTX_TRY_NUMBER='2' AIRFLOW_CTX_DAG_RUN_ID='scheduled__2026-06-26T23:08:00+00:00'
[2026-06-26T23:10:56.247+0000] {taskinstance.py:1935} ERROR - Task failed with exception
Traceback (most recent call last):
  File "/home/airflow/.local/lib/python3.10/site-packages/airflow/operators/python.py", line 192, in execute
    return_value = self.execute_callable()
  File "/home/airflow/.local/lib/python3.10/site-packages/airflow/operators/python.py", line 209, in execute_callable
    return self.python_callable(*self.op_args, **self.op_kwargs)
  File "/opt/airflow/scripts/yahoo_utils.py", line 35, in fetch_fundamental_data
    info = stock.info
  File "/home/airflow/.local/lib/python3.10/site-packages/yfinance/ticker.py", line 142, in info
    return self.get_info()
  File "/home/airflow/.local/lib/python3.10/site-packages/yfinance/base.py", line 1736, in get_info
    data = self._quote.info
  File "/home/airflow/.local/lib/python3.10/site-packages/yfinance/scrapers/quote.py", line 572, in info
    self._fetch(self.proxy)
  File "/home/airflow/.local/lib/python3.10/site-packages/yfinance/scrapers/quote.py", line 602, in _fetch
    result = self._data.get_raw_json(
  File "/home/airflow/.local/lib/python3.10/site-packages/yfinance/data.py", line 400, in get_raw_json
    response.raise_for_status()
  File "/home/airflow/.local/lib/python3.10/site-packages/requests/models.py", line 1021, in raise_for_status
    raise HTTPError(http_error_msg, response=self)
requests.exceptions.HTTPError: 429 Client Error: Too Many Requests for url: https://query2.finance.yahoo.com/v10/finance/quoteSummary/AAPL?modules=financialData%2CquoteType%2CdefaultKeyStatistics%2CassetProfile%2CsummaryDetail&ssl=true&crumb=Edge%3A+Too+Many+Requests
[2026-06-26T23:10:56.281+0000] {taskinstance.py:1398} INFO - Marking task as FAILED. dag_id=yahoo_pipeline, task_id=fetch_fundamental, execution_date=20260626T230800, start_date=20260626T231055, end_date=20260626T231056
[2026-06-26T23:10:56.310+0000] {standard_task_runner.py:104} ERROR - Failed to execute job 205 for task fetch_fundamental (429 Client Error: Too Many Requests for url: https://query2.finance.yahoo.com/v10/finance/quoteSummary/AAPL?modules=financialData%2CquoteType%2CdefaultKeyStatistics%2CassetProfile%2CsummaryDetail&ssl=true&crumb=Edge%3A+Too+Many+Requests; 327)
[2026-06-26T23:10:56.347+0000] {local_task_job_runner.py:228} INFO - Task exited with return code 1
[2026-06-26T23:10:56.403+0000] {taskinstance.py:2776} INFO - 0 downstream tasks scheduled from follow-on schedule check
