[2026-06-26T23:16:46.800+0000] {taskinstance.py:1157} INFO - Dependencies all met for dep_context=non-requeueable deps ti=<TaskInstance: yahoo_pipeline.fetch_1min manual__2026-06-26T23:15:33+00:00 [queued]>
[2026-06-26T23:16:46.815+0000] {taskinstance.py:1157} INFO - Dependencies all met for dep_context=requeueable deps ti=<TaskInstance: yahoo_pipeline.fetch_1min manual__2026-06-26T23:15:33+00:00 [queued]>
[2026-06-26T23:16:46.815+0000] {taskinstance.py:1359} INFO - Starting attempt 1 of 2
[2026-06-26T23:16:46.836+0000] {taskinstance.py:1380} INFO - Executing <Task(PythonOperator): fetch_1min> on 2026-06-26 23:15:33+00:00
[2026-06-26T23:16:46.846+0000] {standard_task_runner.py:57} INFO - Started process 52 to run task
[2026-06-26T23:16:46.850+0000] {standard_task_runner.py:84} INFO - Running: ['***', 'tasks', 'run', 'yahoo_pipeline', 'fetch_1min', 'manual__2026-06-26T23:15:33+00:00', '--job-id', '242', '--raw', '--subdir', 'DAGS_FOLDER/yahoo_pipeline.py', '--cfg-path', '/tmp/tmpqfieoi58']
[2026-06-26T23:16:46.854+0000] {standard_task_runner.py:85} INFO - Job 242: Subtask fetch_1min
[2026-06-26T23:16:46.870+0000] {warnings.py:109} WARNING - /home/***/.local/lib/python3.10/site-packages/***/settings.py:195: DeprecationWarning: The sql_alchemy_conn option in [core] has been moved to the sql_alchemy_conn option in [database] - the old setting has been used, but please update your config.
  SQL_ALCHEMY_CONN = conf.get("database", "SQL_ALCHEMY_CONN")

[2026-06-26T23:16:46.926+0000] {task_command.py:415} INFO - Running <TaskInstance: yahoo_pipeline.fetch_1min manual__2026-06-26T23:15:33+00:00 [running]> on host ae6504924d84
[2026-06-26T23:16:47.086+0000] {taskinstance.py:1660} INFO - Exporting env vars: AIRFLOW_CTX_DAG_OWNER='data_engineer' AIRFLOW_CTX_DAG_ID='yahoo_pipeline' AIRFLOW_CTX_TASK_ID='fetch_1min' AIRFLOW_CTX_EXECUTION_DATE='2026-06-26T23:15:33+00:00' AIRFLOW_CTX_TRY_NUMBER='1' AIRFLOW_CTX_DAG_RUN_ID='manual__2026-06-26T23:15:33+00:00'
[2026-06-26T23:16:47.796+0000] {base.py:1679} ERROR - Failed to get ticker 'NVDA' reason: Expecting value: line 1 column 1 (char 0)
[2026-06-26T23:16:47.798+0000] {base.py:1679} ERROR - Failed to get ticker 'MSFT' reason: Expecting value: line 1 column 1 (char 0)
[2026-06-26T23:16:47.801+0000] {base.py:1679} ERROR - Failed to get ticker 'AAPL' reason: Expecting value: line 1 column 1 (char 0)
[2026-06-26T23:16:47.804+0000] {base.py:1679} ERROR - Failed to get ticker 'GOOGL' reason: Expecting value: line 1 column 1 (char 0)
[2026-06-26T23:16:48.132+0000] {logging_mixin.py:151} INFO - [                       0%%                      ]
[2026-06-26T23:16:48.134+0000] {logging_mixin.py:151} INFO - [*******************   40%%                      ]  2 of 5 completed
[2026-06-26T23:16:48.137+0000] {logging_mixin.py:151} INFO - [**********************60%%***                   ]  3 of 5 completed
[2026-06-26T23:16:48.428+0000] {base.py:1679} ERROR - Failed to get ticker 'AMZN' reason: Expecting value: line 1 column 1 (char 0)
[2026-06-26T23:16:48.724+0000] {logging_mixin.py:151} INFO - [*********************100%%**********************]  4 of 5 completed
[2026-06-26T23:16:48.724+0000] {multi.py:182} ERROR - 
5 Failed downloads:
[2026-06-26T23:16:48.725+0000] {multi.py:195} ERROR - ['MSFT', 'GOOGL', 'AAPL', 'NVDA', 'AMZN']: Exception('%ticker%: No price data found, symbol may be delisted (period=5d)')
[2026-06-26T23:16:48.725+0000] {logging_mixin.py:151} INFO - [*********************100%%**********************]  4 of 5 completed
[2026-06-26T23:16:48.790+0000] {yahoo_utils.py:25} INFO - ✅ 1min: 0 registros
[2026-06-26T23:16:48.790+0000] {python.py:194} INFO - Done. Returned value was: []
[2026-06-26T23:16:48.813+0000] {taskinstance.py:1398} INFO - Marking task as SUCCESS. dag_id=yahoo_pipeline, task_id=fetch_1min, execution_date=20260626T231533, start_date=20260626T231646, end_date=20260626T231648
[2026-06-26T23:16:48.877+0000] {local_task_job_runner.py:228} INFO - Task exited with return code 0
[2026-06-26T23:16:48.907+0000] {taskinstance.py:2776} INFO - 1 downstream tasks scheduled from follow-on schedule check
