[2026-06-26T22:54:45.318+0000] {taskinstance.py:1157} INFO - Dependencies all met for dep_context=non-requeueable deps ti=<TaskInstance: yahoo_pipeline.fetch_5min scheduled__2026-06-26T22:53:00+00:00 [queued]>
[2026-06-26T22:54:45.342+0000] {taskinstance.py:1157} INFO - Dependencies all met for dep_context=requeueable deps ti=<TaskInstance: yahoo_pipeline.fetch_5min scheduled__2026-06-26T22:53:00+00:00 [queued]>
[2026-06-26T22:54:45.342+0000] {taskinstance.py:1359} INFO - Starting attempt 1 of 2
[2026-06-26T22:54:45.371+0000] {taskinstance.py:1380} INFO - Executing <Task(PythonOperator): fetch_5min> on 2026-06-26 22:53:00+00:00
[2026-06-26T22:54:45.383+0000] {standard_task_runner.py:57} INFO - Started process 83 to run task
[2026-06-26T22:54:45.389+0000] {standard_task_runner.py:84} INFO - Running: ['***', 'tasks', 'run', 'yahoo_pipeline', 'fetch_5min', 'scheduled__2026-06-26T22:53:00+00:00', '--job-id', '98', '--raw', '--subdir', 'DAGS_FOLDER/yahoo_pipeline.py', '--cfg-path', '/tmp/tmpoeuc8pjp']
[2026-06-26T22:54:45.393+0000] {standard_task_runner.py:85} INFO - Job 98: Subtask fetch_5min
[2026-06-26T22:54:45.418+0000] {warnings.py:109} WARNING - /home/***/.local/lib/python3.10/site-packages/***/settings.py:195: DeprecationWarning: The sql_alchemy_conn option in [core] has been moved to the sql_alchemy_conn option in [database] - the old setting has been used, but please update your config.
  SQL_ALCHEMY_CONN = conf.get("database", "SQL_ALCHEMY_CONN")

[2026-06-26T22:54:45.486+0000] {task_command.py:415} INFO - Running <TaskInstance: yahoo_pipeline.fetch_5min scheduled__2026-06-26T22:53:00+00:00 [running]> on host 961bab9f867c
[2026-06-26T22:54:45.621+0000] {taskinstance.py:1660} INFO - Exporting env vars: AIRFLOW_CTX_DAG_OWNER='data_engineer' AIRFLOW_CTX_DAG_ID='yahoo_pipeline' AIRFLOW_CTX_TASK_ID='fetch_5min' AIRFLOW_CTX_EXECUTION_DATE='2026-06-26T22:53:00+00:00' AIRFLOW_CTX_TRY_NUMBER='1' AIRFLOW_CTX_DAG_RUN_ID='scheduled__2026-06-26T22:53:00+00:00'
[2026-06-26T22:54:46.353+0000] {base.py:1679} ERROR - Failed to get ticker 'MSFT' reason: Expecting value: line 1 column 1 (char 0)
[2026-06-26T22:54:46.355+0000] {base.py:1679} ERROR - Failed to get ticker 'NVDA' reason: Expecting value: line 1 column 1 (char 0)
[2026-06-26T22:54:46.359+0000] {base.py:1679} ERROR - Failed to get ticker 'AMZN' reason: Expecting value: line 1 column 1 (char 0)
[2026-06-26T22:54:46.361+0000] {base.py:1679} ERROR - Failed to get ticker 'AAPL' reason: Expecting value: line 1 column 1 (char 0)
[2026-06-26T22:54:46.709+0000] {logging_mixin.py:151} INFO - [                       0%%                      ]
[2026-06-26T22:54:46.715+0000] {logging_mixin.py:151} INFO - [*******************   40%%                      ]  2 of 5 completed
[2026-06-26T22:54:46.715+0000] {logging_mixin.py:151} INFO - [*******************   40%%                      ]  2 of 5 completed
[2026-06-26T22:54:47.035+0000] {base.py:1679} ERROR - Failed to get ticker 'GOOGL' reason: Expecting value: line 1 column 1 (char 0)
[2026-06-26T22:54:47.344+0000] {logging_mixin.py:151} INFO - [**********************80%%************          ]  4 of 5 completed
[2026-06-26T22:54:47.346+0000] {logging_mixin.py:151} INFO - [*********************100%%**********************]  5 of 5 completed
[2026-06-26T22:54:47.348+0000] {multi.py:182} ERROR - 
5 Failed downloads:
[2026-06-26T22:54:47.348+0000] {multi.py:195} ERROR - ['AAPL', 'MSFT', 'AMZN', 'NVDA', 'GOOGL']: Exception('%ticker%: No price data found, symbol may be delisted (period=5d)')
[2026-06-26T22:54:47.406+0000] {yahoo_utils.py:26} INFO - ✅ 5min: 0 registros
[2026-06-26T22:54:47.407+0000] {python.py:194} INFO - Done. Returned value was: []
[2026-06-26T22:54:47.445+0000] {taskinstance.py:1398} INFO - Marking task as SUCCESS. dag_id=yahoo_pipeline, task_id=fetch_5min, execution_date=20260626T225300, start_date=20260626T225445, end_date=20260626T225447
[2026-06-26T22:54:47.504+0000] {local_task_job_runner.py:228} INFO - Task exited with return code 0
[2026-06-26T22:54:47.535+0000] {taskinstance.py:2776} INFO - 1 downstream tasks scheduled from follow-on schedule check
